[2026-03-27T21:26:04.558+0900][0.014s][info][gc,init] CardTable entry size: 512
[2026-03-27T21:26:04.559+0900][0.014s][info][gc     ] Using G1
[2026-03-27T21:26:04.562+0900][0.017s][info][gc,init] Version: 21.0.10+8-LTS-217 (release)
[2026-03-27T21:26:04.562+0900][0.017s][info][gc,init] CPUs: 6 total, 6 available
[2026-03-27T21:26:04.562+0900][0.017s][info][gc,init] Memory: 15734M
[2026-03-27T21:26:04.562+0900][0.017s][info][gc,init] Large Page Support: Disabled
[2026-03-27T21:26:04.562+0900][0.017s][info][gc,init] NUMA Support: Disabled
[2026-03-27T21:26:04.562+0900][0.017s][info][gc,init] Compressed Oops: Enabled (32-bit)
[2026-03-27T21:26:04.562+0900][0.017s][info][gc,init] Heap Region Size: 1M
[2026-03-27T21:26:04.562+0900][0.017s][info][gc,init] Heap Min Capacity: 256M
[2026-03-27T21:26:04.567+0900][0.022s][info][gc,init] Heap Initial Capacity: 256M
[2026-03-27T21:26:04.567+0900][0.022s][info][gc,init] Heap Max Capacity: 512M
[2026-03-27T21:26:04.567+0900][0.022s][info][gc,init] Pre-touch: Disabled
[2026-03-27T21:26:04.567+0900][0.022s][info][gc,init] Parallel Workers: 6
[2026-03-27T21:26:04.567+0900][0.022s][info][gc,init] Concurrent Workers: 2
[2026-03-27T21:26:04.567+0900][0.022s][info][gc,init] Concurrent Refinement Workers: 6
[2026-03-27T21:26:04.567+0900][0.022s][info][gc,init] Periodic GC: Disabled
[2026-03-27T21:26:04.579+0900][0.035s][info][gc,metaspace] CDS archive(s) mapped at: [0x0000020180000000-0x0000020180c90000-0x0000020180c90000), size 13172736, SharedBaseAddress: 0x0000020180000000, ArchiveRelocationMode: 1.
[2026-03-27T21:26:04.579+0900][0.035s][info][gc,metaspace] Compressed class space mapped at: 0x0000020181000000-0x00000201c1000000, reserved size: 1073741824
[2026-03-27T21:26:04.579+0900][0.035s][info][gc,metaspace] Narrow klass base: 0x0000020180000000, Narrow klass shift: 0, Narrow klass range: 0x100000000
[2026-03-27T21:26:04.636+0900][0.091s][info][gc,start    ] GC(0) Pause Young (Normal) (G1 Evacuation Pause)
[2026-03-27T21:26:04.637+0900][0.092s][info][gc,task     ] GC(0) Using 6 workers of 6 for evacuation
[2026-03-27T21:26:04.638+0900][0.094s][info][gc,phases   ] GC(0)   Pre Evacuate Collection Set: 0.2ms
[2026-03-27T21:26:04.638+0900][0.094s][info][gc,phases   ] GC(0)   Merge Heap Roots: 0.1ms
[2026-03-27T21:26:04.639+0900][0.094s][info][gc,phases   ] GC(0)   Evacuate Collection Set: 1.0ms
[2026-03-27T21:26:04.639+0900][0.094s][info][gc,phases   ] GC(0)   Post Evacuate Collection Set: 0.3ms
[2026-03-27T21:26:04.639+0900][0.094s][info][gc,phases   ] GC(0)   Other: 0.5ms
[2026-03-27T21:26:04.639+0900][0.094s][info][gc,heap     ] GC(0) Eden regions: 12->0(15)
[2026-03-27T21:26:04.639+0900][0.094s][info][gc,heap     ] GC(0) Survivor regions: 0->1(2)
[2026-03-27T21:26:04.639+0900][0.094s][info][gc,heap     ] GC(0) Old regions: 0->0
[2026-03-27T21:26:04.639+0900][0.094s][info][gc,heap     ] GC(0) Humongous regions: 0->0
[2026-03-27T21:26:04.639+0900][0.094s][info][gc,metaspace] GC(0) Metaspace: 195K(384K)->195K(384K) NonClass: 184K(256K)->184K(256K) Class: 10K(128K)->10K(128K)
[2026-03-27T21:26:04.639+0900][0.094s][info][gc          ] GC(0) Pause Young (Normal) (G1 Evacuation Pause) 11M->0M(256M) 2.640ms
[2026-03-27T21:26:04.639+0900][0.094s][info][gc,cpu      ] GC(0) User=0.00s Sys=0.00s Real=0.00s
[2026-03-27T21:26:04.641+0900][0.097s][info][gc,start    ] GC(1) Pause Young (Normal) (G1 Evacuation Pause)
[2026-03-27T21:26:04.642+0900][0.097s][info][gc,task     ] GC(1) Using 6 workers of 6 for evacuation
[2026-03-27T21:26:04.643+0900][0.098s][info][gc,phases   ] GC(1)   Pre Evacuate Collection Set: 0.2ms
[2026-03-27T21:26:04.643+0900][0.098s][info][gc,phases   ] GC(1)   Merge Heap Roots: 0.1ms
[2026-03-27T21:26:04.643+0900][0.098s][info][gc,phases   ] GC(1)   Evacuate Collection Set: 0.9ms
[2026-03-27T21:26:04.643+0900][0.098s][info][gc,phases   ] GC(1)   Post Evacuate Collection Set: 0.3ms
[2026-03-27T21:26:04.643+0900][0.098s][info][gc,phases   ] GC(1)   Other: 0.1ms
[2026-03-27T21:26:04.643+0900][0.098s][info][gc,heap     ] GC(1) Eden regions: 15->0(152)
[2026-03-27T21:26:04.643+0900][0.099s][info][gc,heap     ] GC(1) Survivor regions: 1->1(2)
[2026-03-27T21:26:04.643+0900][0.099s][info][gc,heap     ] GC(1) Old regions: 0->0
[2026-03-27T21:26:04.643+0900][0.099s][info][gc,heap     ] GC(1) Humongous regions: 0->0
[2026-03-27T21:26:04.643+0900][0.099s][info][gc,metaspace] GC(1) Metaspace: 195K(384K)->195K(384K) NonClass: 184K(256K)->184K(256K) Class: 10K(128K)->10K(128K)
[2026-03-27T21:26:04.643+0900][0.099s][info][gc          ] GC(1) Pause Young (Normal) (G1 Evacuation Pause) 15M->0M(256M) 1.916ms
[2026-03-27T21:26:04.643+0900][0.099s][info][gc,cpu      ] GC(1) User=0.09s Sys=0.00s Real=0.00s
[2026-03-27T21:26:04.896+0900][0.351s][info][gc,start    ] GC(2) Pause Young (Normal) (G1 Evacuation Pause)
[2026-03-27T21:26:04.897+0900][0.351s][info][gc,task     ] GC(2) Using 6 workers of 6 for evacuation
[2026-03-27T21:26:04.899+0900][0.354s][info][gc,phases   ] GC(2)   Pre Evacuate Collection Set: 0.2ms
[2026-03-27T21:26:04.899+0900][0.354s][info][gc,phases   ] GC(2)   Merge Heap Roots: 0.1ms
[2026-03-27T21:26:04.899+0900][0.354s][info][gc,phases   ] GC(2)   Evacuate Collection Set: 1.6ms
[2026-03-27T21:26:04.899+0900][0.354s][info][gc,phases   ] GC(2)   Post Evacuate Collection Set: 0.4ms
[2026-03-27T21:26:04.899+0900][0.354s][info][gc,phases   ] GC(2)   Other: 0.2ms
[2026-03-27T21:26:04.899+0900][0.354s][info][gc,heap     ] GC(2) Eden regions: 152->0(149)
[2026-03-27T21:26:04.899+0900][0.354s][info][gc,heap     ] GC(2) Survivor regions: 1->4(20)
[2026-03-27T21:26:04.899+0900][0.354s][info][gc,heap     ] GC(2) Old regions: 0->0
[2026-03-27T21:26:04.899+0900][0.354s][info][gc,heap     ] GC(2) Humongous regions: 10->0
[2026-03-27T21:26:04.899+0900][0.354s][info][gc,metaspace] GC(2) Metaspace: 402K(576K)->402K(576K) NonClass: 372K(448K)->372K(448K) Class: 29K(128K)->29K(128K)
[2026-03-27T21:26:04.899+0900][0.354s][info][gc          ] GC(2) Pause Young (Normal) (G1 Evacuation Pause) 162M->3M(256M) 3.035ms
[2026-03-27T21:26:04.899+0900][0.354s][info][gc,cpu      ] GC(2) User=0.00s Sys=0.00s Real=0.00s
[2026-03-27T21:26:05.036+0900][0.491s][info][gc,start    ] GC(3) Pause Young (Normal) (G1 Evacuation Pause)
[2026-03-27T21:26:05.036+0900][0.491s][info][gc,task     ] GC(3) Using 6 workers of 6 for evacuation
[2026-03-27T21:26:05.039+0900][0.493s][info][gc,phases   ] GC(3)   Pre Evacuate Collection Set: 0.1ms
[2026-03-27T21:26:05.039+0900][0.494s][info][gc,phases   ] GC(3)   Merge Heap Roots: 0.1ms
[2026-03-27T21:26:05.039+0900][0.494s][info][gc,phases   ] GC(3)   Evacuate Collection Set: 1.2ms
[2026-03-27T21:26:05.039+0900][0.494s][info][gc,phases   ] GC(3)   Post Evacuate Collection Set: 0.6ms
[2026-03-27T21:26:05.039+0900][0.494s][info][gc,phases   ] GC(3)   Other: 0.1ms
[2026-03-27T21:26:05.039+0900][0.494s][info][gc,heap     ] GC(3) Eden regions: 149->0(149)
[2026-03-27T21:26:05.039+0900][0.494s][info][gc,heap     ] GC(3) Survivor regions: 4->4(20)
[2026-03-27T21:26:05.039+0900][0.494s][info][gc,heap     ] GC(3) Old regions: 0->0
[2026-03-27T21:26:05.039+0900][0.494s][info][gc,heap     ] GC(3) Humongous regions: 8->0
[2026-03-27T21:26:05.039+0900][0.494s][info][gc,metaspace] GC(3) Metaspace: 428K(640K)->428K(640K) NonClass: 399K(512K)->399K(512K) Class: 29K(128K)->29K(128K)
[2026-03-27T21:26:05.039+0900][0.494s][info][gc          ] GC(3) Pause Young (Normal) (G1 Evacuation Pause) 160M->3M(256M) 2.728ms
[2026-03-27T21:26:05.039+0900][0.494s][info][gc,cpu      ] GC(3) User=0.00s Sys=0.00s Real=0.00s
[2026-03-27T21:26:05.346+0900][0.802s][info][gc,start    ] GC(4) Pause Young (Normal) (G1 Evacuation Pause)
[2026-03-27T21:26:05.346+0900][0.802s][info][gc,task     ] GC(4) Using 6 workers of 6 for evacuation
[2026-03-27T21:26:05.349+0900][0.804s][info][gc,phases   ] GC(4)   Pre Evacuate Collection Set: 0.2ms
[2026-03-27T21:26:05.349+0900][0.804s][info][gc,phases   ] GC(4)   Merge Heap Roots: 0.1ms
[2026-03-27T21:26:05.349+0900][0.804s][info][gc,phases   ] GC(4)   Evacuate Collection Set: 1.3ms
[2026-03-27T21:26:05.349+0900][0.804s][info][gc,phases   ] GC(4)   Post Evacuate Collection Set: 0.5ms
[2026-03-27T21:26:05.349+0900][0.804s][info][gc,phases   ] GC(4)   Other: 0.1ms
[2026-03-27T21:26:05.349+0900][0.804s][info][gc,heap     ] GC(4) Eden regions: 149->0(149)
[2026-03-27T21:26:05.349+0900][0.804s][info][gc,heap     ] GC(4) Survivor regions: 4->4(20)
[2026-03-27T21:26:05.349+0900][0.804s][info][gc,heap     ] GC(4) Old regions: 0->0
[2026-03-27T21:26:05.349+0900][0.804s][info][gc,heap     ] GC(4) Humongous regions: 10->0
[2026-03-27T21:26:05.349+0900][0.805s][info][gc,metaspace] GC(4) Metaspace: 428K(640K)->428K(640K) NonClass: 399K(512K)->399K(512K) Class: 29K(128K)->29K(128K)
[2026-03-27T21:26:05.349+0900][0.805s][info][gc          ] GC(4) Pause Young (Normal) (G1 Evacuation Pause) 162M->3M(256M) 2.762ms
[2026-03-27T21:26:05.349+0900][0.805s][info][gc,cpu      ] GC(4) User=0.00s Sys=0.00s Real=0.00s
[2026-03-27T21:26:16.108+0900][11.564s][info][gc,start    ] GC(5) Pause Young (Normal) (G1 Evacuation Pause)
[2026-03-27T21:26:16.108+0900][11.564s][info][gc,task     ] GC(5) Using 6 workers of 6 for evacuation
[2026-03-27T21:26:16.119+0900][11.575s][info][gc,phases   ] GC(5)   Pre Evacuate Collection Set: 0.1ms
[2026-03-27T21:26:16.119+0900][11.575s][info][gc,phases   ] GC(5)   Merge Heap Roots: 0.1ms
[2026-03-27T21:26:16.119+0900][11.575s][info][gc,phases   ] GC(5)   Evacuate Collection Set: 10.4ms
[2026-03-27T21:26:16.119+0900][11.575s][info][gc,phases   ] GC(5)   Post Evacuate Collection Set: 0.5ms
[2026-03-27T21:26:16.119+0900][11.575s][info][gc,phases   ] GC(5)   Other: 0.1ms
[2026-03-27T21:26:16.119+0900][11.575s][info][gc,heap     ] GC(5) Eden regions: 149->0(133)
[2026-03-27T21:26:16.119+0900][11.575s][info][gc,heap     ] GC(5) Survivor regions: 4->20(20)
[2026-03-27T21:26:16.119+0900][11.575s][info][gc,heap     ] GC(5) Old regions: 0->26
[2026-03-27T21:26:16.119+0900][11.575s][info][gc,heap     ] GC(5) Humongous regions: 0->0
[2026-03-27T21:26:16.119+0900][11.575s][info][gc,metaspace] GC(5) Metaspace: 431K(640K)->431K(640K) NonClass: 401K(512K)->401K(512K) Class: 29K(128K)->29K(128K)
[2026-03-27T21:26:16.120+0900][11.575s][info][gc          ] GC(5) Pause Young (Normal) (G1 Evacuation Pause) 152M->45M(256M) 11.727ms
[2026-03-27T21:26:16.120+0900][11.575s][info][gc,cpu      ] GC(5) User=0.03s Sys=0.05s Real=0.01s
[2026-03-27T21:26:19.212+0900][14.667s][info][gc,start    ] GC(6) Pause Young (Normal) (G1 Evacuation Pause)
[2026-03-27T21:26:19.212+0900][14.667s][info][gc,task     ] GC(6) Using 6 workers of 6 for evacuation
[2026-03-27T21:26:19.220+0900][14.675s][info][gc,phases   ] GC(6)   Pre Evacuate Collection Set: 0.2ms
[2026-03-27T21:26:19.220+0900][14.675s][info][gc,phases   ] GC(6)   Merge Heap Roots: 0.1ms
[2026-03-27T21:26:19.220+0900][14.675s][info][gc,phases   ] GC(6)   Evacuate Collection Set: 6.7ms
[2026-03-27T21:26:19.220+0900][14.675s][info][gc,phases   ] GC(6)   Post Evacuate Collection Set: 0.5ms
[2026-03-27T21:26:19.220+0900][14.675s][info][gc,phases   ] GC(6)   Other: 0.2ms
[2026-03-27T21:26:19.220+0900][14.675s][info][gc,heap     ] GC(6) Eden regions: 133->0(143)
[2026-03-27T21:26:19.220+0900][14.675s][info][gc,heap     ] GC(6) Survivor regions: 20->10(20)
[2026-03-27T21:26:19.220+0900][14.675s][info][gc,heap     ] GC(6) Old regions: 26->46
[2026-03-27T21:26:19.220+0900][14.675s][info][gc,heap     ] GC(6) Humongous regions: 4->0
[2026-03-27T21:26:19.220+0900][14.675s][info][gc,metaspace] GC(6) Metaspace: 431K(640K)->431K(640K) NonClass: 401K(512K)->401K(512K) Class: 29K(128K)->29K(128K)
[2026-03-27T21:26:19.220+0900][14.675s][info][gc          ] GC(6) Pause Young (Normal) (G1 Evacuation Pause) 182M->55M(256M) 8.109ms
[2026-03-27T21:26:19.220+0900][14.675s][info][gc,cpu      ] GC(6) User=0.00s Sys=0.00s Real=0.01s
[2026-03-27T21:26:19.356+0900][14.811s][info][gc,start    ] GC(7) Pause Young (Normal) (G1 Evacuation Pause)
[2026-03-27T21:26:19.357+0900][14.812s][info][gc,task     ] GC(7) Using 6 workers of 6 for evacuation
[2026-03-27T21:26:19.359+0900][14.814s][info][gc,phases   ] GC(7)   Pre Evacuate Collection Set: 0.2ms
[2026-03-27T21:26:19.359+0900][14.814s][info][gc,phases   ] GC(7)   Merge Heap Roots: 0.1ms
[2026-03-27T21:26:19.359+0900][14.814s][info][gc,phases   ] GC(7)   Evacuate Collection Set: 1.8ms
[2026-03-27T21:26:19.359+0900][14.814s][info][gc,phases   ] GC(7)   Post Evacuate Collection Set: 0.4ms
[2026-03-27T21:26:19.360+0900][14.814s][info][gc,phases   ] GC(7)   Other: 0.1ms
[2026-03-27T21:26:19.360+0900][14.815s][info][gc,heap     ] GC(7) Eden regions: 143->0(141)
[2026-03-27T21:26:19.360+0900][14.815s][info][gc,heap     ] GC(7) Survivor regions: 10->12(20)
[2026-03-27T21:26:19.360+0900][14.815s][info][gc,heap     ] GC(7) Old regions: 46->46
[2026-03-27T21:26:19.360+0900][14.815s][info][gc,heap     ] GC(7) Humongous regions: 8->0
[2026-03-27T21:26:19.360+0900][14.815s][info][gc,metaspace] GC(7) Metaspace: 431K(640K)->431K(640K) NonClass: 401K(512K)->401K(512K) Class: 29K(128K)->29K(128K)
[2026-03-27T21:26:19.360+0900][14.815s][info][gc          ] GC(7) Pause Young (Normal) (G1 Evacuation Pause) 206M->56M(256M) 3.274ms
[2026-03-27T21:26:19.360+0900][14.815s][info][gc,cpu      ] GC(7) User=0.00s Sys=0.00s Real=0.00s
[2026-03-27T21:26:19.519+0900][14.974s][info][gc,start    ] GC(8) Pause Young (Normal) (G1 Evacuation Pause)
[2026-03-27T21:26:19.519+0900][14.974s][info][gc,task     ] GC(8) Using 6 workers of 6 for evacuation
[2026-03-27T21:26:19.522+0900][14.977s][info][gc,phases   ] GC(8)   Pre Evacuate Collection Set: 0.4ms
[2026-03-27T21:26:19.522+0900][14.977s][info][gc,phases   ] GC(8)   Merge Heap Roots: 0.1ms
[2026-03-27T21:26:19.522+0900][14.977s][info][gc,phases   ] GC(8)   Evacuate Collection Set: 1.5ms
[2026-03-27T21:26:19.522+0900][14.977s][info][gc,phases   ] GC(8)   Post Evacuate Collection Set: 0.4ms
[2026-03-27T21:26:19.522+0900][14.977s][info][gc,phases   ] GC(8)   Other: 0.1ms
[2026-03-27T21:26:19.522+0900][14.977s][info][gc,heap     ] GC(8) Eden regions: 141->0(141)
[2026-03-27T21:26:19.522+0900][14.977s][info][gc,heap     ] GC(8) Survivor regions: 12->12(20)
[2026-03-27T21:26:19.522+0900][14.977s][info][gc,heap     ] GC(8) Old regions: 46->46
[2026-03-27T21:26:19.522+0900][14.977s][info][gc,heap     ] GC(8) Humongous regions: 10->0
[2026-03-27T21:26:19.522+0900][14.977s][info][gc,metaspace] GC(8) Metaspace: 431K(640K)->431K(640K) NonClass: 401K(512K)->401K(512K) Class: 29K(128K)->29K(128K)
[2026-03-27T21:26:19.522+0900][14.977s][info][gc          ] GC(8) Pause Young (Normal) (G1 Evacuation Pause) 207M->57M(256M) 3.032ms
[2026-03-27T21:26:19.522+0900][14.977s][info][gc,cpu      ] GC(8) User=0.00s Sys=0.00s Real=0.00s
[2026-03-27T21:26:23.679+0900][19.135s][info][gc,heap,exit] Heap
[2026-03-27T21:26:23.680+0900][19.135s][info][gc,heap,exit]  garbage-first heap   total 262144K, used 181424K [0x00000000e0000000, 0x0000000100000000)
[2026-03-27T21:26:23.680+0900][19.135s][info][gc,heap,exit]   region size 1024K, 128 young (131072K), 12 survivors (12288K)
[2026-03-27T21:26:23.680+0900][19.135s][info][gc,heap,exit]  Metaspace       used 456K, committed 640K, reserved 1114112K
[2026-03-27T21:26:23.680+0900][19.135s][info][gc,heap,exit]   class space    used 32K, committed 128K, reserved 1048576K
