[2026-03-27T15:10:18.602+0900] Using Parallel
[2026-03-27T15:10:18.603+0900] Version: 17.0.17+0 (release)
[2026-03-27T15:10:18.603+0900] CPUs: 10 total, 10 available
[2026-03-27T15:10:18.603+0900] Memory: 16384M
[2026-03-27T15:10:18.603+0900] Large Page Support: Disabled
[2026-03-27T15:10:18.603+0900] NUMA Support: Disabled
[2026-03-27T15:10:18.603+0900] Compressed Oops: Enabled (Zero based)
[2026-03-27T15:10:18.603+0900] Alignments: Space 512K, Generation 512K, Heap 8M
[2026-03-27T15:10:18.603+0900] Heap Min Capacity: 256M
[2026-03-27T15:10:18.603+0900] Heap Initial Capacity: 256M
[2026-03-27T15:10:18.603+0900] Heap Max Capacity: 512M
[2026-03-27T15:10:18.603+0900] Pre-touch: Disabled
[2026-03-27T15:10:18.603+0900] Parallel Workers: 9
[2026-03-27T15:10:18.622+0900] CDS archive(s) mapped at: [0x0000007000000000-0x0000007000bc0000-0x0000007000bc0000), size 12320768, SharedBaseAddress: 0x0000007000000000, ArchiveRelocationMode: 1.
[2026-03-27T15:10:18.622+0900] Compressed class space mapped at: 0x0000007001000000-0x0000007041000000, reserved size: 1073741824
[2026-03-27T15:10:18.622+0900] Narrow klass base: 0x0000007000000000, Narrow klass shift: 0, Narrow klass range: 0x100000000
[2026-03-27T15:10:18.660+0900] Heap
[2026-03-27T15:10:18.660+0900]  PSYoungGen      total 76288K, used 3932K [0x00000007f5580000, 0x00000007faa80000, 0x0000000800000000)
[2026-03-27T15:10:18.660+0900]   eden space 65536K, 6% used [0x00000007f5580000,0x00000007f59571a0,0x00000007f9580000)
[2026-03-27T15:10:18.660+0900]   from space 10752K, 0% used [0x00000007fa000000,0x00000007fa000000,0x00000007faa80000)
[2026-03-27T15:10:18.660+0900]   to   space 10752K, 0% used [0x00000007f9580000,0x00000007f9580000,0x00000007fa000000)
[2026-03-27T15:10:18.660+0900]  ParOldGen       total 175104K, used 0K [0x00000007e0000000, 0x00000007eab00000, 0x00000007f5580000)
[2026-03-27T15:10:18.660+0900]   object space 175104K, 0% used [0x00000007e0000000,0x00000007e0000000,0x00000007eab00000)
[2026-03-27T15:10:18.660+0900]  Metaspace       used 445K, committed 512K, reserved 1114112K
[2026-03-27T15:10:18.660+0900]   class space    used 39K, committed 64K, reserved 1048576K
