[2026-03-27T23:07:44.360+0900][0.009s][info][gc] Using Parallel
[2026-03-27T23:07:44.361+0900][0.010s][info][gc,init] Version: 17.0.18+9-LTS (release)
[2026-03-27T23:07:44.361+0900][0.010s][info][gc,init] CPUs: 16 total, 16 available
[2026-03-27T23:07:44.361+0900][0.010s][info][gc,init] Memory: 15943M
[2026-03-27T23:07:44.361+0900][0.010s][info][gc,init] Large Page Support: Disabled
[2026-03-27T23:07:44.361+0900][0.010s][info][gc,init] NUMA Support: Disabled
[2026-03-27T23:07:44.361+0900][0.010s][info][gc,init] Compressed Oops: Enabled (32-bit)
[2026-03-27T23:07:44.361+0900][0.010s][info][gc,init] Alignments: Space 512K, Generation 512K, Heap 2M
[2026-03-27T23:07:44.361+0900][0.010s][info][gc,init] Heap Min Capacity: 256M
[2026-03-27T23:07:44.361+0900][0.010s][info][gc,init] Heap Initial Capacity: 256M
[2026-03-27T23:07:44.361+0900][0.010s][info][gc,init] Heap Max Capacity: 512M
[2026-03-27T23:07:44.361+0900][0.010s][info][gc,init] Pre-touch: Disabled
[2026-03-27T23:07:44.361+0900][0.010s][info][gc,init] Parallel Workers: 4
[2026-03-27T23:07:44.366+0900][0.015s][info][gc,metaspace] CDS archive(s) mapped at: [0x000001c68f000000-0x000001c68fbb0000-0x000001c68fbb0000), size 12255232, SharedBaseAddress: 0x000001c68f000000, ArchiveRelocationMode: 1.
[2026-03-27T23:07:44.366+0900][0.015s][info][gc,metaspace] Compressed class space mapped at: 0x000001c690000000-0x000001c6d0000000, reserved size: 1073741824
[2026-03-27T23:07:44.366+0900][0.015s][info][gc,metaspace] Narrow klass base: 0x000001c68f000000, Narrow klass shift: 0, Narrow klass range: 0x100000000
[2026-03-27T23:07:44.764+0900][0.413s][info][gc,start    ] GC(0) Pause Young (Allocation Failure)
[2026-03-27T23:07:44.765+0900][0.414s][info][gc,heap     ] GC(0) PSYoungGen: 65435K(76288K)->3401K(76288K) Eden: 65435K(65536K)->0K(65536K) From: 0K(10752K)->3401K(10752K)
[2026-03-27T23:07:44.765+0900][0.414s][info][gc,heap     ] GC(0) ParOldGen: 0K(175104K)->8K(175104K)
[2026-03-27T23:07:44.765+0900][0.414s][info][gc,metaspace] GC(0) Metaspace: 315K(512K)->315K(512K) NonClass: 300K(384K)->300K(384K) Class: 15K(128K)->15K(128K)
[2026-03-27T23:07:44.765+0900][0.414s][info][gc          ] GC(0) Pause Young (Allocation Failure) 63M->3M(245M) 1.469ms
[2026-03-27T23:07:44.765+0900][0.414s][info][gc,cpu      ] GC(0) User=0.00s Sys=0.00s Real=0.00s
[2026-03-27T23:07:45.161+0900][0.811s][info][gc,start    ] GC(1) Pause Young (Allocation Failure)
[2026-03-27T23:07:45.161+0900][0.812s][info][gc,heap     ] GC(1) PSYoungGen: 68935K(76288K)->3449K(76288K) Eden: 65533K(65536K)->0K(65536K) From: 3401K(10752K)->3449K(10752K)
[2026-03-27T23:07:45.161+0900][0.812s][info][gc,heap     ] GC(1) ParOldGen: 8K(175104K)->16K(175104K)
[2026-03-27T23:07:45.161+0900][0.812s][info][gc,metaspace] GC(1) Metaspace: 323K(512K)->323K(512K) NonClass: 308K(384K)->308K(384K) Class: 15K(128K)->15K(128K)
[2026-03-27T23:07:45.161+0900][0.812s][info][gc          ] GC(1) Pause Young (Allocation Failure) 67M->3M(245M) 1.424ms
[2026-03-27T23:07:45.161+0900][0.812s][info][gc,cpu      ] GC(1) User=0.00s Sys=0.00s Real=0.00s
[2026-03-27T23:07:45.557+0900][1.206s][info][gc,start    ] GC(2) Pause Young (Allocation Failure)
[2026-03-27T23:07:45.557+0900][1.207s][info][gc,heap     ] GC(2) PSYoungGen: 68709K(76288K)->4473K(76288K) Eden: 65260K(65536K)->0K(65536K) From: 3449K(10752K)->4473K(10752K)
[2026-03-27T23:07:45.557+0900][1.207s][info][gc,heap     ] GC(2) ParOldGen: 16K(175104K)->24K(175104K)
[2026-03-27T23:07:45.557+0900][1.207s][info][gc,metaspace] GC(2) Metaspace: 327K(512K)->327K(512K) NonClass: 312K(384K)->312K(384K) Class: 15K(128K)->15K(128K)
[2026-03-27T23:07:45.557+0900][1.207s][info][gc          ] GC(2) Pause Young (Allocation Failure) 67M->4M(245M) 1.093ms
[2026-03-27T23:07:45.557+0900][1.207s][info][gc,cpu      ] GC(2) User=0.00s Sys=0.00s Real=0.00s
[2026-03-27T23:07:45.969+0900][1.618s][info][gc,start    ] GC(3) Pause Young (Allocation Failure)
[2026-03-27T23:07:45.969+0900][1.619s][info][gc,heap     ] GC(3) PSYoungGen: 69750K(76288K)->2953K(76288K) Eden: 65277K(65536K)->0K(65536K) From: 4473K(10752K)->2953K(10752K)
[2026-03-27T23:07:45.969+0900][1.619s][info][gc,heap     ] GC(3) ParOldGen: 24K(175104K)->32K(175104K)
[2026-03-27T23:07:45.969+0900][1.619s][info][gc,metaspace] GC(3) Metaspace: 327K(512K)->327K(512K) NonClass: 312K(384K)->312K(384K) Class: 15K(128K)->15K(128K)
[2026-03-27T23:07:45.969+0900][1.619s][info][gc          ] GC(3) Pause Young (Allocation Failure) 68M->2M(245M) 1.130ms
[2026-03-27T23:07:45.969+0900][1.619s][info][gc,cpu      ] GC(3) User=0.00s Sys=0.00s Real=0.00s
[2026-03-27T23:07:46.379+0900][2.027s][info][gc,start    ] GC(4) Pause Young (Allocation Failure)
[2026-03-27T23:07:46.379+0900][2.029s][info][gc,heap     ] GC(4) PSYoungGen: 68241K(76288K)->4009K(68096K) Eden: 65287K(65536K)->0K(64000K) From: 2953K(10752K)->4009K(4096K)
[2026-03-27T23:07:46.379+0900][2.030s][info][gc,heap     ] GC(4) ParOldGen: 32K(175104K)->32K(175104K)
[2026-03-27T23:07:46.379+0900][2.030s][info][gc,metaspace] GC(4) Metaspace: 327K(512K)->327K(512K) NonClass: 312K(384K)->312K(384K) Class: 15K(128K)->15K(128K)
[2026-03-27T23:07:46.379+0900][2.030s][info][gc          ] GC(4) Pause Young (Allocation Failure) 66M->3M(237M) 2.311ms
[2026-03-27T23:07:46.379+0900][2.030s][info][gc,cpu      ] GC(4) User=0.00s Sys=0.00s Real=0.00s
[2026-03-27T23:07:46.760+0900][2.410s][info][gc,start    ] GC(5) Pause Young (Allocation Failure)
[2026-03-27T23:07:46.761+0900][2.412s][info][gc,heap     ] GC(5) PSYoungGen: 67738K(68096K)->4969K(67584K) Eden: 63728K(64000K)->0K(62464K) From: 4009K(4096K)->4969K(5120K)
[2026-03-27T23:07:46.761+0900][2.412s][info][gc,heap     ] GC(5) ParOldGen: 32K(175104K)->1064K(175104K)
[2026-03-27T23:07:46.761+0900][2.412s][info][gc,metaspace] GC(5) Metaspace: 327K(512K)->327K(512K) NonClass: 312K(384K)->312K(384K) Class: 15K(128K)->15K(128K)
[2026-03-27T23:07:46.761+0900][2.412s][info][gc          ] GC(5) Pause Young (Allocation Failure) 66M->5M(237M) 2.203ms
[2026-03-27T23:07:46.761+0900][2.412s][info][gc,cpu      ] GC(5) User=0.02s Sys=0.03s Real=0.00s
[2026-03-27T23:07:47.165+0900][2.814s][info][gc,start    ] GC(6) Pause Young (Allocation Failure)
[2026-03-27T23:07:47.167+0900][2.816s][info][gc,heap     ] GC(6) PSYoungGen: 67136K(67584K)->3680K(65536K) Eden: 62166K(62464K)->0K(61440K) From: 4969K(5120K)->3680K(4096K)
[2026-03-27T23:07:47.167+0900][2.816s][info][gc,heap     ] GC(6) ParOldGen: 1064K(175104K)->2917K(175104K)
[2026-03-27T23:07:47.167+0900][2.816s][info][gc,metaspace] GC(6) Metaspace: 329K(512K)->329K(512K) NonClass: 313K(384K)->313K(384K) Class: 15K(128K)->15K(128K)
[2026-03-27T23:07:47.167+0900][2.816s][info][gc          ] GC(6) Pause Young (Allocation Failure) 66M->6M(235M) 2.056ms
[2026-03-27T23:07:47.167+0900][2.816s][info][gc,cpu      ] GC(6) User=0.00s Sys=0.00s Real=0.00s
[2026-03-27T23:07:47.590+0900][3.238s][info][gc,start    ] GC(7) Pause Young (Allocation Failure)
[2026-03-27T23:07:47.590+0900][3.239s][info][gc,heap     ] GC(7) PSYoungGen: 64805K(65536K)->2176K(62976K) Eden: 61125K(61440K)->0K(60416K) From: 3680K(4096K)->2176K(2560K)
[2026-03-27T23:07:47.590+0900][3.239s][info][gc,heap     ] GC(7) ParOldGen: 2917K(175104K)->3949K(175104K)
[2026-03-27T23:07:47.590+0900][3.239s][info][gc,metaspace] GC(7) Metaspace: 329K(512K)->329K(512K) NonClass: 313K(384K)->313K(384K) Class: 15K(128K)->15K(128K)
[2026-03-27T23:07:47.590+0900][3.239s][info][gc          ] GC(7) Pause Young (Allocation Failure) 66M->5M(232M) 0.855ms
[2026-03-27T23:07:47.590+0900][3.239s][info][gc,cpu      ] GC(7) User=0.02s Sys=0.00s Real=0.00s
[2026-03-27T23:07:47.970+0900][3.619s][info][gc,start    ] GC(8) Pause Young (Allocation Failure)
[2026-03-27T23:07:47.972+0900][3.620s][info][gc,heap     ] GC(8) PSYoungGen: 62258K(62976K)->3168K(62976K) Eden: 60082K(60416K)->0K(59392K) From: 2176K(2560K)->3168K(3584K)
[2026-03-27T23:07:47.972+0900][3.620s][info][gc,heap     ] GC(8) ParOldGen: 3949K(175104K)->4981K(175104K)
[2026-03-27T23:07:47.972+0900][3.620s][info][gc,metaspace] GC(8) Metaspace: 330K(512K)->330K(512K) NonClass: 314K(384K)->314K(384K) Class: 15K(128K)->15K(128K)
[2026-03-27T23:07:47.972+0900][3.620s][info][gc          ] GC(8) Pause Young (Allocation Failure) 64M->7M(232M) 1.053ms
[2026-03-27T23:07:47.972+0900][3.620s][info][gc,cpu      ] GC(8) User=0.00s Sys=0.00s Real=0.00s
[2026-03-27T23:07:48.368+0900][4.017s][info][gc,start    ] GC(9) Pause Young (Allocation Failure)
[2026-03-27T23:07:48.368+0900][4.018s][info][gc,heap     ] GC(9) PSYoungGen: 62207K(62976K)->2144K(62976K) Eden: 59039K(59392K)->0K(58368K) From: 3168K(3584K)->2144K(4608K)
[2026-03-27T23:07:48.368+0900][4.018s][info][gc,heap     ] GC(9) ParOldGen: 4981K(175104K)->6013K(175104K)
[2026-03-27T23:07:48.368+0900][4.018s][info][gc,metaspace] GC(9) Metaspace: 330K(512K)->330K(512K) NonClass: 314K(384K)->314K(384K) Class: 15K(128K)->15K(128K)
[2026-03-27T23:07:48.368+0900][4.018s][info][gc          ] GC(9) Pause Young (Allocation Failure) 65M->7M(232M) 1.116ms
[2026-03-27T23:07:48.369+0900][4.018s][info][gc,cpu      ] GC(9) User=0.00s Sys=0.00s Real=0.00s
[2026-03-27T23:07:48.744+0900][4.393s][info][gc,start    ] GC(10) Pause Young (Allocation Failure)
[2026-03-27T23:07:48.745+0900][4.394s][info][gc,heap     ] GC(10) PSYoungGen: 60140K(62976K)->2656K(60416K) Eden: 57996K(58368K)->0K(57344K) From: 2144K(4608K)->2656K(3072K)
[2026-03-27T23:07:48.745+0900][4.394s][info][gc,heap     ] GC(10) ParOldGen: 6013K(175104K)->7045K(175104K)
[2026-03-27T23:07:48.745+0900][4.394s][info][gc,metaspace] GC(10) Metaspace: 330K(512K)->330K(512K) NonClass: 314K(384K)->314K(384K) Class: 15K(128K)->15K(128K)
[2026-03-27T23:07:48.745+0900][4.394s][info][gc          ] GC(10) Pause Young (Allocation Failure) 64M->9M(230M) 1.236ms
[2026-03-27T23:07:48.745+0900][4.394s][info][gc,cpu      ] GC(10) User=0.00s Sys=0.00s Real=0.00s
[2026-03-27T23:07:49.130+0900][4.779s][info][gc,start    ] GC(11) Pause Young (Allocation Failure)
[2026-03-27T23:07:49.131+0900][4.780s][info][gc,heap     ] GC(11) PSYoungGen: 59608K(60416K)->2144K(60928K) Eden: 56952K(57344K)->0K(56320K) From: 2656K(3072K)->2144K(4608K)
[2026-03-27T23:07:49.131+0900][4.781s][info][gc,heap     ] GC(11) ParOldGen: 7045K(175104K)->8077K(175104K)
[2026-03-27T23:07:49.131+0900][4.781s][info][gc,metaspace] GC(11) Metaspace: 330K(512K)->330K(512K) NonClass: 314K(384K)->314K(384K) Class: 15K(128K)->15K(128K)
[2026-03-27T23:07:49.131+0900][4.781s][info][gc          ] GC(11) Pause Young (Allocation Failure) 65M->9M(230M) 1.422ms
[2026-03-27T23:07:49.131+0900][4.781s][info][gc,cpu      ] GC(11) User=0.00s Sys=0.00s Real=0.00s
[2026-03-27T23:07:49.520+0900][5.169s][info][gc,start    ] GC(12) Pause Young (Allocation Failure)
[2026-03-27T23:07:49.521+0900][5.170s][info][gc,heap     ] GC(12) PSYoungGen: 58052K(60928K)->1600K(57344K) Eden: 55908K(56320K)->0K(55296K) From: 2144K(4608K)->1600K(2048K)
[2026-03-27T23:07:49.521+0900][5.170s][info][gc,heap     ] GC(12) ParOldGen: 8077K(175104K)->8077K(175104K)
[2026-03-27T23:07:49.521+0900][5.170s][info][gc,metaspace] GC(12) Metaspace: 330K(512K)->330K(512K) NonClass: 314K(384K)->314K(384K) Class: 15K(128K)->15K(128K)
[2026-03-27T23:07:49.521+0900][5.170s][info][gc          ] GC(12) Pause Young (Allocation Failure) 64M->9M(227M) 1.027ms
[2026-03-27T23:07:49.521+0900][5.170s][info][gc,cpu      ] GC(12) User=0.00s Sys=0.00s Real=0.00s
[2026-03-27T23:07:49.867+0900][5.516s][info][gc,start    ] GC(13) Pause Young (Allocation Failure)
[2026-03-27T23:07:49.869+0900][5.517s][info][gc,heap     ] GC(13) PSYoungGen: 56464K(57344K)->1632K(58880K) Eden: 54864K(55296K)->0K(54272K) From: 1600K(2048K)->1632K(4608K)
[2026-03-27T23:07:49.869+0900][5.517s][info][gc,heap     ] GC(13) ParOldGen: 8077K(175104K)->9109K(175104K)
[2026-03-27T23:07:49.869+0900][5.517s][info][gc,metaspace] GC(13) Metaspace: 330K(512K)->330K(512K) NonClass: 314K(384K)->314K(384K) Class: 15K(128K)->15K(128K)
[2026-03-27T23:07:49.869+0900][5.517s][info][gc          ] GC(13) Pause Young (Allocation Failure) 63M->10M(228M) 0.853ms
[2026-03-27T23:07:49.869+0900][5.517s][info][gc,cpu      ] GC(13) User=0.00s Sys=0.00s Real=0.00s
[2026-03-27T23:07:50.225+0900][5.874s][info][gc,start    ] GC(14) Pause Young (Allocation Failure)
[2026-03-27T23:07:50.226+0900][5.875s][info][gc,heap     ] GC(14) PSYoungGen: 55452K(58880K)->1632K(55296K) Eden: 53820K(54272K)->0K(53248K) From: 1632K(4608K)->1632K(2048K)
[2026-03-27T23:07:50.226+0900][5.875s][info][gc,heap     ] GC(14) ParOldGen: 9109K(175104K)->9109K(175104K)
[2026-03-27T23:07:50.226+0900][5.875s][info][gc,metaspace] GC(14) Metaspace: 330K(512K)->330K(512K) NonClass: 314K(384K)->314K(384K) Class: 15K(128K)->15K(128K)
[2026-03-27T23:07:50.226+0900][5.875s][info][gc          ] GC(14) Pause Young (Allocation Failure) 63M->10M(225M) 0.566ms
[2026-03-27T23:07:50.226+0900][5.875s][info][gc,cpu      ] GC(14) User=0.00s Sys=0.00s Real=0.00s
[2026-03-27T23:07:50.569+0900][6.218s][info][gc,start    ] GC(15) Pause Young (Allocation Failure)
[2026-03-27T23:07:50.570+0900][6.219s][info][gc,heap     ] GC(15) PSYoungGen: 54408K(55296K)->3200K(56832K) Eden: 52776K(53248K)->0K(52224K) From: 1632K(2048K)->3200K(4608K)
[2026-03-27T23:07:50.570+0900][6.220s][info][gc,heap     ] GC(15) ParOldGen: 9109K(175104K)->9109K(175104K)
[2026-03-27T23:07:50.570+0900][6.220s][info][gc,metaspace] GC(15) Metaspace: 330K(512K)->330K(512K) NonClass: 314K(384K)->314K(384K) Class: 15K(128K)->15K(128K)
[2026-03-27T23:07:50.570+0900][6.220s][info][gc          ] GC(15) Pause Young (Allocation Failure) 62M->12M(226M) 1.439ms
[2026-03-27T23:07:50.570+0900][6.220s][info][gc,cpu      ] GC(15) User=0.00s Sys=0.00s Real=0.00s
[2026-03-27T23:07:50.924+0900][6.573s][info][gc,start    ] GC(16) Pause Young (Allocation Failure)
[2026-03-27T23:07:50.926+0900][6.574s][info][gc,heap     ] GC(16) PSYoungGen: 55028K(56832K)->64K(51712K) Eden: 51828K(52224K)->0K(51200K) From: 3200K(4608K)->64K(512K)
[2026-03-27T23:07:50.926+0900][6.574s][info][gc,heap     ] GC(16) ParOldGen: 9109K(175104K)->10141K(175104K)
[2026-03-27T23:07:50.926+0900][6.574s][info][gc,metaspace] GC(16) Metaspace: 330K(512K)->330K(512K) NonClass: 314K(384K)->314K(384K) Class: 15K(128K)->15K(128K)
[2026-03-27T23:07:50.926+0900][6.574s][info][gc          ] GC(16) Pause Young (Allocation Failure) 62M->9M(221M) 0.890ms
[2026-03-27T23:07:50.926+0900][6.574s][info][gc,cpu      ] GC(16) User=0.00s Sys=0.00s Real=0.00s
[2026-03-27T23:07:51.249+0900][6.898s][info][gc,start    ] GC(17) Pause Young (Allocation Failure)
[2026-03-27T23:07:51.250+0900][6.899s][info][gc,heap     ] GC(17) PSYoungGen: 51260K(51712K)->2176K(54784K) Eden: 51196K(51200K)->0K(50176K) From: 64K(512K)->2176K(4608K)
[2026-03-27T23:07:51.250+0900][6.899s][info][gc,heap     ] GC(17) ParOldGen: 10141K(175104K)->10141K(175104K)
[2026-03-27T23:07:51.250+0900][6.899s][info][gc,metaspace] GC(17) Metaspace: 330K(512K)->330K(512K) NonClass: 314K(384K)->314K(384K) Class: 15K(128K)->15K(128K)
[2026-03-27T23:07:51.250+0900][6.899s][info][gc          ] GC(17) Pause Young (Allocation Failure) 59M->12M(224M) 0.800ms
[2026-03-27T23:07:51.250+0900][6.899s][info][gc,cpu      ] GC(17) User=0.00s Sys=0.00s Real=0.00s
[2026-03-27T23:07:51.554+0900][7.203s][info][gc,start    ] GC(18) Pause Young (Allocation Failure)
[2026-03-27T23:07:51.555+0900][7.204s][info][gc,heap     ] GC(18) PSYoungGen: 52329K(54784K)->2144K(51712K) Eden: 50153K(50176K)->0K(49152K) From: 2176K(4608K)->2144K(2560K)
[2026-03-27T23:07:51.555+0900][7.204s][info][gc,heap     ] GC(18) ParOldGen: 10141K(175104K)->11173K(175104K)
[2026-03-27T23:07:51.555+0900][7.204s][info][gc,metaspace] GC(18) Metaspace: 330K(512K)->330K(512K) NonClass: 314K(384K)->314K(384K) Class: 15K(128K)->15K(128K)
[2026-03-27T23:07:51.555+0900][7.204s][info][gc          ] GC(18) Pause Young (Allocation Failure) 61M->13M(221M) 1.561ms
[2026-03-27T23:07:51.555+0900][7.204s][info][gc,cpu      ] GC(18) User=0.00s Sys=0.00s Real=0.00s
[2026-03-27T23:07:51.978+0900][7.628s][info][gc,start    ] GC(19) Pause Young (Allocation Failure)
[2026-03-27T23:07:51.980+0900][7.629s][info][gc,heap     ] GC(19) PSYoungGen: 51251K(51712K)->2176K(52224K) Eden: 49107K(49152K)->0K(48128K) From: 2144K(2560K)->2176K(4096K)
[2026-03-27T23:07:51.980+0900][7.629s][info][gc,heap     ] GC(19) ParOldGen: 11173K(175104K)->11173K(175104K)
[2026-03-27T23:07:51.980+0900][7.629s][info][gc,metaspace] GC(19) Metaspace: 330K(512K)->330K(512K) NonClass: 314K(384K)->314K(384K) Class: 15K(128K)->15K(128K)
[2026-03-27T23:07:51.980+0900][7.629s][info][gc          ] GC(19) Pause Young (Allocation Failure) 60M->13M(222M) 1.340ms
[2026-03-27T23:07:51.980+0900][7.629s][info][gc,cpu      ] GC(19) User=0.00s Sys=0.00s Real=0.00s
[2026-03-27T23:07:52.334+0900][7.983s][info][gc,start    ] GC(20) Pause Young (Allocation Failure)
[2026-03-27T23:07:52.334+0900][7.983s][info][gc,heap     ] GC(20) PSYoungGen: 50237K(52224K)->1088K(49152K) Eden: 48061K(48128K)->0K(47616K) From: 2176K(4096K)->1088K(1536K)
[2026-03-27T23:07:52.335+0900][7.983s][info][gc,heap     ] GC(20) ParOldGen: 11173K(175104K)->11173K(175104K)
[2026-03-27T23:07:52.335+0900][7.983s][info][gc,metaspace] GC(20) Metaspace: 330K(512K)->330K(512K) NonClass: 314K(384K)->314K(384K) Class: 15K(128K)->15K(128K)
[2026-03-27T23:07:52.335+0900][7.983s][info][gc          ] GC(20) Pause Young (Allocation Failure) 59M->11M(219M) 0.694ms
[2026-03-27T23:07:52.335+0900][7.983s][info][gc,cpu      ] GC(20) User=0.00s Sys=0.00s Real=0.00s
[2026-03-27T23:07:52.655+0900][8.304s][info][gc,start    ] GC(21) Pause Young (Allocation Failure)
[2026-03-27T23:07:52.656+0900][8.305s][info][gc,heap     ] GC(21) PSYoungGen: 48626K(49152K)->1120K(51712K) Eden: 47538K(47616K)->0K(47104K) From: 1088K(1536K)->1120K(4608K)
[2026-03-27T23:07:52.656+0900][8.305s][info][gc,heap     ] GC(21) ParOldGen: 11173K(175104K)->12205K(175104K)
[2026-03-27T23:07:52.656+0900][8.305s][info][gc,metaspace] GC(21) Metaspace: 330K(512K)->330K(512K) NonClass: 314K(384K)->314K(384K) Class: 15K(128K)->15K(128K)
[2026-03-27T23:07:52.656+0900][8.305s][info][gc          ] GC(21) Pause Young (Allocation Failure) 58M->13M(221M) 1.421ms
[2026-03-27T23:07:52.656+0900][8.305s][info][gc,cpu      ] GC(21) User=0.00s Sys=0.00s Real=0.00s
[2026-03-27T23:07:52.976+0900][8.624s][info][gc,start    ] GC(22) Pause Young (Allocation Failure)
[2026-03-27T23:07:52.976+0900][8.625s][info][gc,heap     ] GC(22) PSYoungGen: 48135K(51712K)->1632K(48640K) Eden: 47015K(47104K)->0K(46592K) From: 1120K(4608K)->1632K(2048K)
[2026-03-27T23:07:52.976+0900][8.625s][info][gc,heap     ] GC(22) ParOldGen: 12205K(175104K)->12205K(175104K)
[2026-03-27T23:07:52.976+0900][8.625s][info][gc,metaspace] GC(22) Metaspace: 330K(512K)->330K(512K) NonClass: 314K(384K)->314K(384K) Class: 15K(128K)->15K(128K)
[2026-03-27T23:07:52.976+0900][8.625s][info][gc          ] GC(22) Pause Young (Allocation Failure) 58M->13M(218M) 0.654ms
[2026-03-27T23:07:52.976+0900][8.625s][info][gc,cpu      ] GC(22) User=0.00s Sys=0.00s Real=0.00s
[2026-03-27T23:07:53.239+0900][8.887s][info][gc,start    ] GC(23) Pause Young (Allocation Failure)
[2026-03-27T23:07:53.239+0900][8.888s][info][gc,heap     ] GC(23) PSYoungGen: 48125K(48640K)->576K(50688K) Eden: 46493K(46592K)->0K(46080K) From: 1632K(2048K)->576K(4608K)
[2026-03-27T23:07:53.239+0900][8.888s][info][gc,heap     ] GC(23) ParOldGen: 12205K(175104K)->13237K(175104K)
[2026-03-27T23:07:53.239+0900][8.888s][info][gc,metaspace] GC(23) Metaspace: 330K(512K)->330K(512K) NonClass: 314K(384K)->314K(384K) Class: 15K(128K)->15K(128K)
[2026-03-27T23:07:53.239+0900][8.888s][info][gc          ] GC(23) Pause Young (Allocation Failure) 58M->13M(220M) 1.058ms
[2026-03-27T23:07:53.239+0900][8.888s][info][gc,cpu      ] GC(23) User=0.00s Sys=0.00s Real=0.00s
[2026-03-27T23:07:53.495+0900][9.144s][info][gc,start    ] GC(24) Pause Young (Allocation Failure)
[2026-03-27T23:07:53.495+0900][9.144s][info][gc,heap     ] GC(24) PSYoungGen: 46547K(50688K)->96K(46080K) Eden: 45971K(46080K)->0K(45568K) From: 576K(4608K)->96K(512K)
[2026-03-27T23:07:53.495+0900][9.144s][info][gc,heap     ] GC(24) ParOldGen: 13237K(175104K)->13237K(175104K)
[2026-03-27T23:07:53.495+0900][9.144s][info][gc,metaspace] GC(24) Metaspace: 330K(512K)->330K(512K) NonClass: 314K(384K)->314K(384K) Class: 15K(128K)->15K(128K)
[2026-03-27T23:07:53.495+0900][9.144s][info][gc          ] GC(24) Pause Young (Allocation Failure) 58M->13M(216M) 0.488ms
[2026-03-27T23:07:53.495+0900][9.144s][info][gc,cpu      ] GC(24) User=0.00s Sys=0.00s Real=0.00s
[2026-03-27T23:07:53.717+0900][9.366s][info][gc,start    ] GC(25) Pause Young (Allocation Failure)
[2026-03-27T23:07:53.717+0900][9.366s][info][gc,heap     ] GC(25) PSYoungGen: 45545K(46080K)->1632K(48640K) Eden: 45449K(45568K)->0K(45056K) From: 96K(512K)->1632K(3584K)
[2026-03-27T23:07:53.717+0900][9.366s][info][gc,heap     ] GC(25) ParOldGen: 13237K(175104K)->13253K(175104K)
[2026-03-27T23:07:53.717+0900][9.366s][info][gc,metaspace] GC(25) Metaspace: 330K(512K)->330K(512K) NonClass: 314K(384K)->314K(384K) Class: 15K(128K)->15K(128K)
[2026-03-27T23:07:53.717+0900][9.366s][info][gc          ] GC(25) Pause Young (Allocation Failure) 57M->14M(218M) 0.755ms
[2026-03-27T23:07:53.717+0900][9.367s][info][gc,cpu      ] GC(25) User=0.00s Sys=0.00s Real=0.00s
[2026-03-27T23:07:53.934+0900][9.583s][info][gc,start    ] GC(26) Pause Young (Allocation Failure)
[2026-03-27T23:07:53.934+0900][9.584s][info][gc,heap     ] GC(26) PSYoungGen: 46558K(48640K)->1632K(46592K) Eden: 44926K(45056K)->0K(44544K) From: 1632K(3584K)->1632K(2048K)
[2026-03-27T23:07:53.934+0900][9.584s][info][gc,heap     ] GC(26) ParOldGen: 13253K(175104K)->14285K(175104K)
[2026-03-27T23:07:53.934+0900][9.584s][info][gc,metaspace] GC(26) Metaspace: 330K(512K)->330K(512K) NonClass: 314K(384K)->314K(384K) Class: 15K(128K)->15K(128K)
[2026-03-27T23:07:53.934+0900][9.584s][info][gc          ] GC(26) Pause Young (Allocation Failure) 58M->15M(216M) 0.832ms
[2026-03-27T23:07:53.934+0900][9.584s][info][gc,cpu      ] GC(26) User=0.00s Sys=0.00s Real=0.00s
[2026-03-27T23:07:54.170+0900][9.821s][info][gc,start    ] GC(27) Pause Young (Allocation Failure)
[2026-03-27T23:07:54.173+0900][9.822s][info][gc,heap     ] GC(27) PSYoungGen: 46036K(46592K)->2176K(48128K) Eden: 44404K(44544K)->0K(44032K) From: 1632K(2048K)->2176K(4096K)
[2026-03-27T23:07:54.173+0900][9.822s][info][gc,heap     ] GC(27) ParOldGen: 14285K(175104K)->14285K(175104K)
[2026-03-27T23:07:54.173+0900][9.822s][info][gc,metaspace] GC(27) Metaspace: 330K(512K)->330K(512K) NonClass: 314K(384K)->314K(384K) Class: 15K(128K)->15K(128K)
[2026-03-27T23:07:54.173+0900][9.822s][info][gc          ] GC(27) Pause Young (Allocation Failure) 58M->16M(218M) 1.067ms
[2026-03-27T23:07:54.173+0900][9.822s][info][gc,cpu      ] GC(27) User=0.00s Sys=0.00s Real=0.00s
[2026-03-27T23:07:54.420+0900][10.069s][info][gc,start    ] GC(28) Pause Young (Allocation Failure)
[2026-03-27T23:07:54.420+0900][10.070s][info][gc,heap     ] GC(28) PSYoungGen: 46058K(48128K)->2176K(46080K) Eden: 43882K(44032K)->0K(43520K) From: 2176K(4096K)->2176K(2560K)
[2026-03-27T23:07:54.420+0900][10.070s][info][gc,heap     ] GC(28) ParOldGen: 14285K(175104K)->14285K(175104K)
[2026-03-27T23:07:54.420+0900][10.070s][info][gc,metaspace] GC(28) Metaspace: 330K(512K)->330K(512K) NonClass: 314K(384K)->314K(384K) Class: 15K(128K)->15K(128K)
[2026-03-27T23:07:54.420+0900][10.070s][info][gc          ] GC(28) Pause Young (Allocation Failure) 58M->16M(216M) 0.949ms
[2026-03-27T23:07:54.420+0900][10.070s][info][gc,cpu      ] GC(28) User=0.00s Sys=0.00s Real=0.00s
[2026-03-27T23:07:54.678+0900][10.326s][info][gc,start    ] GC(29) Pause Young (Allocation Failure)
[2026-03-27T23:07:54.679+0900][10.327s][info][gc,heap     ] GC(29) PSYoungGen: 45536K(46080K)->608K(46592K) Eden: 43360K(43520K)->0K(43008K) From: 2176K(2560K)->608K(3584K)
[2026-03-27T23:07:54.679+0900][10.327s][info][gc,heap     ] GC(29) ParOldGen: 14285K(175104K)->15317K(175104K)
[2026-03-27T23:07:54.679+0900][10.327s][info][gc,metaspace] GC(29) Metaspace: 330K(512K)->330K(512K) NonClass: 314K(384K)->314K(384K) Class: 15K(128K)->15K(128K)
[2026-03-27T23:07:54.679+0900][10.327s][info][gc          ] GC(29) Pause Young (Allocation Failure) 58M->15M(216M) 1.046ms
[2026-03-27T23:07:54.679+0900][10.327s][info][gc,cpu      ] GC(29) User=0.00s Sys=0.00s Real=0.00s
[2026-03-27T23:07:54.899+0900][10.548s][info][gc,start    ] GC(30) Pause Young (Allocation Failure)
[2026-03-27T23:07:54.899+0900][10.549s][info][gc,heap     ] GC(30) PSYoungGen: 43446K(46592K)->2176K(45056K) Eden: 42838K(43008K)->0K(42496K) From: 608K(3584K)->2176K(2560K)
[2026-03-27T23:07:54.899+0900][10.549s][info][gc,heap     ] GC(30) ParOldGen: 15317K(175104K)->15317K(175104K)
[2026-03-27T23:07:54.899+0900][10.549s][info][gc,metaspace] GC(30) Metaspace: 330K(512K)->330K(512K) NonClass: 314K(384K)->314K(384K) Class: 15K(128K)->15K(128K)
[2026-03-27T23:07:54.899+0900][10.549s][info][gc          ] GC(30) Pause Young (Allocation Failure) 57M->17M(215M) 0.548ms
[2026-03-27T23:07:54.899+0900][10.549s][info][gc,cpu      ] GC(30) User=0.00s Sys=0.00s Real=0.00s
[2026-03-27T23:07:55.125+0900][10.773s][info][gc,start    ] GC(31) Pause Young (Allocation Failure)
[2026-03-27T23:07:55.125+0900][10.774s][info][gc,heap     ] GC(31) PSYoungGen: 44492K(45056K)->3200K(46080K) Eden: 42316K(42496K)->0K(41984K) From: 2176K(2560K)->3200K(4096K)
[2026-03-27T23:07:55.125+0900][10.774s][info][gc,heap     ] GC(31) ParOldGen: 15317K(175104K)->15317K(175104K)
[2026-03-27T23:07:55.125+0900][10.774s][info][gc,metaspace] GC(31) Metaspace: 330K(512K)->330K(512K) NonClass: 314K(384K)->314K(384K) Class: 15K(128K)->15K(128K)
[2026-03-27T23:07:55.125+0900][10.774s][info][gc          ] GC(31) Pause Young (Allocation Failure) 58M->18M(216M) 0.656ms
[2026-03-27T23:07:55.125+0900][10.774s][info][gc,cpu      ] GC(31) User=0.00s Sys=0.00s Real=0.00s
[2026-03-27T23:07:55.394+0900][11.043s][info][gc,start    ] GC(32) Pause Young (Allocation Failure)
[2026-03-27T23:07:55.394+0900][11.044s][info][gc,heap     ] GC(32) PSYoungGen: 44994K(46080K)->32K(41984K) Eden: 41794K(41984K)->0K(41472K) From: 3200K(4096K)->32K(512K)
[2026-03-27T23:07:55.394+0900][11.044s][info][gc,heap     ] GC(32) ParOldGen: 15317K(175104K)->16349K(175104K)
[2026-03-27T23:07:55.394+0900][11.044s][info][gc,metaspace] GC(32) Metaspace: 330K(512K)->330K(512K) NonClass: 314K(384K)->314K(384K) Class: 15K(128K)->15K(128K)
[2026-03-27T23:07:55.394+0900][11.044s][info][gc          ] GC(32) Pause Young (Allocation Failure) 58M->15M(212M) 0.996ms
[2026-03-27T23:07:55.394+0900][11.044s][info][gc,cpu      ] GC(32) User=0.00s Sys=0.00s Real=0.00s
[2026-03-27T23:07:55.632+0900][11.281s][info][gc,start    ] GC(33) Pause Young (Allocation Failure)
[2026-03-27T23:07:55.632+0900][11.282s][info][gc,heap     ] GC(33) PSYoungGen: 41304K(41984K)->64K(45056K) Eden: 41272K(41472K)->0K(40960K) From: 32K(512K)->64K(4096K)
[2026-03-27T23:07:55.632+0900][11.282s][info][gc,heap     ] GC(33) ParOldGen: 16349K(175104K)->16349K(175104K)
[2026-03-27T23:07:55.632+0900][11.282s][info][gc,metaspace] GC(33) Metaspace: 330K(512K)->330K(512K) NonClass: 314K(384K)->314K(384K) Class: 15K(128K)->15K(128K)
[2026-03-27T23:07:55.632+0900][11.282s][info][gc          ] GC(33) Pause Young (Allocation Failure) 56M->16M(215M) 0.627ms
[2026-03-27T23:07:55.632+0900][11.282s][info][gc,cpu      ] GC(33) User=0.00s Sys=0.00s Real=0.00s
[2026-03-27T23:07:55.850+0900][11.499s][info][gc,start    ] GC(34) Pause Young (Allocation Failure)
[2026-03-27T23:07:55.850+0900][11.500s][info][gc,heap     ] GC(34) PSYoungGen: 40814K(45056K)->2144K(43008K) Eden: 40750K(40960K)->0K(40448K) From: 64K(4096K)->2144K(2560K)
[2026-03-27T23:07:55.850+0900][11.500s][info][gc,heap     ] GC(34) ParOldGen: 16349K(175104K)->16349K(175104K)
[2026-03-27T23:07:55.850+0900][11.500s][info][gc,metaspace] GC(34) Metaspace: 330K(512K)->330K(512K) NonClass: 314K(384K)->314K(384K) Class: 15K(128K)->15K(128K)
[2026-03-27T23:07:55.850+0900][11.500s][info][gc          ] GC(34) Pause Young (Allocation Failure) 55M->18M(213M) 0.614ms
[2026-03-27T23:07:55.850+0900][11.500s][info][gc,cpu      ] GC(34) User=0.00s Sys=0.00s Real=0.00s
[2026-03-27T23:07:56.101+0900][11.750s][info][gc,start    ] GC(35) Pause Young (Allocation Failure)
[2026-03-27T23:07:56.101+0900][11.751s][info][gc,heap     ] GC(35) PSYoungGen: 42372K(43008K)->32K(44032K) Eden: 40228K(40448K)->0K(39936K) From: 2144K(2560K)->32K(4096K)
[2026-03-27T23:07:56.101+0900][11.751s][info][gc,heap     ] GC(35) ParOldGen: 16349K(175104K)->17381K(175104K)
[2026-03-27T23:07:56.101+0900][11.751s][info][gc,metaspace] GC(35) Metaspace: 330K(512K)->330K(512K) NonClass: 314K(384K)->314K(384K) Class: 15K(128K)->15K(128K)
[2026-03-27T23:07:56.101+0900][11.751s][info][gc          ] GC(35) Pause Young (Allocation Failure) 57M->17M(214M) 0.767ms
[2026-03-27T23:07:56.101+0900][11.751s][info][gc,cpu      ] GC(35) User=0.00s Sys=0.00s Real=0.00s
[2026-03-27T23:07:56.348+0900][11.997s][info][gc,start    ] GC(36) Pause Young (Allocation Failure)
[2026-03-27T23:07:56.349+0900][11.998s][info][gc,heap     ] GC(36) PSYoungGen: 39738K(44032K)->1120K(40960K) Eden: 39706K(39936K)->0K(39424K) From: 32K(4096K)->1120K(1536K)
[2026-03-27T23:07:56.349+0900][11.998s][info][gc,heap     ] GC(36) ParOldGen: 17381K(175104K)->17381K(175104K)
[2026-03-27T23:07:56.349+0900][11.998s][info][gc,metaspace] GC(36) Metaspace: 330K(512K)->330K(512K) NonClass: 314K(384K)->314K(384K) Class: 15K(128K)->15K(128K)
[2026-03-27T23:07:56.349+0900][11.998s][info][gc          ] GC(36) Pause Young (Allocation Failure) 55M->18M(211M) 0.943ms
[2026-03-27T23:07:56.349+0900][11.998s][info][gc,cpu      ] GC(36) User=0.00s Sys=0.00s Real=0.00s
[2026-03-27T23:07:56.574+0900][12.222s][info][gc,start    ] GC(37) Pause Young (Allocation Failure)
[2026-03-27T23:07:56.574+0900][12.223s][info][gc,heap     ] GC(37) PSYoungGen: 40304K(40960K)->1632K(42496K) Eden: 39184K(39424K)->0K(38912K) From: 1120K(1536K)->1632K(3584K)
[2026-03-27T23:07:56.574+0900][12.223s][info][gc,heap     ] GC(37) ParOldGen: 17381K(175104K)->17381K(175104K)
[2026-03-27T23:07:56.574+0900][12.223s][info][gc,metaspace] GC(37) Metaspace: 330K(512K)->330K(512K) NonClass: 314K(384K)->314K(384K) Class: 15K(128K)->15K(128K)
[2026-03-27T23:07:56.574+0900][12.223s][info][gc          ] GC(37) Pause Young (Allocation Failure) 56M->18M(212M) 0.745ms
[2026-03-27T23:07:56.574+0900][12.223s][info][gc,cpu      ] GC(37) User=0.00s Sys=0.00s Real=0.00s
[2026-03-27T23:07:56.787+0900][12.436s][info][gc,start    ] GC(38) Pause Young (Allocation Failure)
[2026-03-27T23:07:56.788+0900][12.437s][info][gc,heap     ] GC(38) PSYoungGen: 40293K(42496K)->1632K(40448K) Eden: 38661K(38912K)->0K(38400K) From: 1632K(3584K)->1632K(2048K)
[2026-03-27T23:07:56.788+0900][12.437s][info][gc,heap     ] GC(38) ParOldGen: 17381K(175104K)->17381K(175104K)
[2026-03-27T23:07:56.788+0900][12.437s][info][gc,metaspace] GC(38) Metaspace: 330K(512K)->330K(512K) NonClass: 314K(384K)->314K(384K) Class: 15K(128K)->15K(128K)
[2026-03-27T23:07:56.788+0900][12.437s][info][gc          ] GC(38) Pause Young (Allocation Failure) 56M->18M(210M) 1.015ms
[2026-03-27T23:07:56.788+0900][12.437s][info][gc,cpu      ] GC(38) User=0.00s Sys=0.00s Real=0.00s
[2026-03-27T23:07:57.004+0900][12.653s][info][gc,start    ] GC(39) Pause Young (Allocation Failure)
[2026-03-27T23:07:57.005+0900][12.654s][info][gc,heap     ] GC(39) PSYoungGen: 39771K(40448K)->64K(41472K) Eden: 38139K(38400K)->0K(37888K) From: 1632K(2048K)->64K(3584K)
[2026-03-27T23:07:57.005+0900][12.654s][info][gc,heap     ] GC(39) ParOldGen: 17381K(175104K)->18413K(175104K)
[2026-03-27T23:07:57.005+0900][12.654s][info][gc,metaspace] GC(39) Metaspace: 330K(512K)->330K(512K) NonClass: 314K(384K)->314K(384K) Class: 15K(128K)->15K(128K)
[2026-03-27T23:07:57.005+0900][12.654s][info][gc          ] GC(39) Pause Young (Allocation Failure) 55M->18M(211M) 0.916ms
[2026-03-27T23:07:57.005+0900][12.654s][info][gc,cpu      ] GC(39) User=0.00s Sys=0.00s Real=0.00s
[2026-03-27T23:07:57.199+0900][12.848s][info][gc,start    ] GC(40) Pause Young (Allocation Failure)
[2026-03-27T23:07:57.200+0900][12.849s][info][gc,heap     ] GC(40) PSYoungGen: 37681K(41472K)->1600K(39424K) Eden: 37617K(37888K)->0K(37376K) From: 64K(3584K)->1600K(2048K)
[2026-03-27T23:07:57.200+0900][12.849s][info][gc,heap     ] GC(40) ParOldGen: 18413K(175104K)->18413K(175104K)
[2026-03-27T23:07:57.200+0900][12.849s][info][gc,metaspace] GC(40) Metaspace: 330K(512K)->330K(512K) NonClass: 314K(384K)->314K(384K) Class: 15K(128K)->15K(128K)
[2026-03-27T23:07:57.200+0900][12.849s][info][gc          ] GC(40) Pause Young (Allocation Failure) 54M->19M(209M) 0.596ms
[2026-03-27T23:07:57.200+0900][12.849s][info][gc,cpu      ] GC(40) User=0.00s Sys=0.00s Real=0.00s
[2026-03-27T23:07:57.379+0900][13.027s][info][gc,start    ] GC(41) Pause Young (Allocation Failure)
[2026-03-27T23:07:57.379+0900][13.028s][info][gc,heap     ] GC(41) PSYoungGen: 38695K(39424K)->2624K(40448K) Eden: 37095K(37376K)->0K(36864K) From: 1600K(2048K)->2624K(3584K)
[2026-03-27T23:07:57.379+0900][13.028s][info][gc,heap     ] GC(41) ParOldGen: 18413K(175104K)->18413K(175104K)
[2026-03-27T23:07:57.379+0900][13.028s][info][gc,metaspace] GC(41) Metaspace: 330K(512K)->330K(512K) NonClass: 314K(384K)->314K(384K) Class: 15K(128K)->15K(128K)
[2026-03-27T23:07:57.379+0900][13.028s][info][gc          ] GC(41) Pause Young (Allocation Failure) 55M->20M(210M) 0.656ms
[2026-03-27T23:07:57.379+0900][13.028s][info][gc,cpu      ] GC(41) User=0.00s Sys=0.00s Real=0.00s
[2026-03-27T23:07:57.573+0900][13.222s][info][gc,start    ] GC(42) Pause Young (Allocation Failure)
[2026-03-27T23:07:57.573+0900][13.222s][info][gc,heap     ] GC(42) PSYoungGen: 39197K(40448K)->2080K(38912K) Eden: 36573K(36864K)->0K(36352K) From: 2624K(3584K)->2080K(2560K)
[2026-03-27T23:07:57.573+0900][13.222s][info][gc,heap     ] GC(42) ParOldGen: 18413K(175104K)->19445K(175104K)
[2026-03-27T23:07:57.573+0900][13.222s][info][gc,metaspace] GC(42) Metaspace: 330K(512K)->330K(512K) NonClass: 314K(384K)->314K(384K) Class: 15K(128K)->15K(128K)
[2026-03-27T23:07:57.573+0900][13.222s][info][gc          ] GC(42) Pause Young (Allocation Failure) 56M->21M(209M) 0.562ms
[2026-03-27T23:07:57.573+0900][13.222s][info][gc,cpu      ] GC(42) User=0.00s Sys=0.00s Real=0.00s
[2026-03-27T23:07:57.808+0900][13.457s][info][gc,start    ] GC(43) Pause Young (Allocation Failure)
[2026-03-27T23:07:57.808+0900][13.457s][info][gc,heap     ] GC(43) PSYoungGen: 38131K(38912K)->2144K(39424K) Eden: 36051K(36352K)->0K(35840K) From: 2080K(2560K)->2144K(3584K)
[2026-03-27T23:07:57.808+0900][13.457s][info][gc,heap     ] GC(43) ParOldGen: 19445K(175104K)->19445K(175104K)
[2026-03-27T23:07:57.808+0900][13.457s][info][gc,metaspace] GC(43) Metaspace: 330K(512K)->330K(512K) NonClass: 314K(384K)->314K(384K) Class: 15K(128K)->15K(128K)
[2026-03-27T23:07:57.808+0900][13.457s][info][gc          ] GC(43) Pause Young (Allocation Failure) 56M->21M(209M) 0.380ms
[2026-03-27T23:07:57.808+0900][13.457s][info][gc,cpu      ] GC(43) User=0.00s Sys=0.00s Real=0.00s
[2026-03-27T23:07:58.033+0900][13.687s][info][gc,start    ] GC(44) Pause Young (Allocation Failure)
[2026-03-27T23:07:58.033+0900][13.688s][info][gc,heap     ] GC(44) PSYoungGen: 37673K(39424K)->1568K(37376K) Eden: 35529K(35840K)->0K(35328K) From: 2144K(3584K)->1568K(2048K)
[2026-03-27T23:07:58.033+0900][13.688s][info][gc,heap     ] GC(44) ParOldGen: 19445K(175104K)->19445K(175104K)
[2026-03-27T23:07:58.033+0900][13.688s][info][gc,metaspace] GC(44) Metaspace: 330K(512K)->330K(512K) NonClass: 314K(384K)->314K(384K) Class: 15K(128K)->15K(128K)
[2026-03-27T23:07:58.033+0900][13.688s][info][gc          ] GC(44) Pause Young (Allocation Failure) 55M->20M(207M) 1.039ms
[2026-03-27T23:07:58.033+0900][13.689s][info][gc,cpu      ] GC(44) User=0.00s Sys=0.00s Real=0.00s
[2026-03-27T23:07:58.227+0900][13.875s][info][gc,start    ] GC(45) Pause Young (Allocation Failure)
[2026-03-27T23:07:58.227+0900][13.876s][info][gc,heap     ] GC(45) PSYoungGen: 36575K(37376K)->3168K(38400K) Eden: 35007K(35328K)->0K(34816K) From: 1568K(2048K)->3168K(3584K)
[2026-03-27T23:07:58.227+0900][13.876s][info][gc,heap     ] GC(45) ParOldGen: 19445K(175104K)->19445K(175104K)
[2026-03-27T23:07:58.227+0900][13.876s][info][gc,metaspace] GC(45) Metaspace: 330K(512K)->330K(512K) NonClass: 314K(384K)->314K(384K) Class: 15K(128K)->15K(128K)
[2026-03-27T23:07:58.227+0900][13.876s][info][gc          ] GC(45) Pause Young (Allocation Failure) 54M->22M(208M) 0.621ms
[2026-03-27T23:07:58.227+0900][13.876s][info][gc,cpu      ] GC(45) User=0.00s Sys=0.00s Real=0.00s
[2026-03-27T23:07:58.416+0900][14.065s][info][gc,start    ] GC(46) Pause Young (Allocation Failure)
[2026-03-27T23:07:58.416+0900][14.065s][info][gc,heap     ] GC(46) PSYoungGen: 37653K(38400K)->544K(35328K) Eden: 34485K(34816K)->0K(34304K) From: 3168K(3584K)->544K(1024K)
[2026-03-27T23:07:58.416+0900][14.065s][info][gc,heap     ] GC(46) ParOldGen: 19445K(175104K)->20477K(175104K)
[2026-03-27T23:07:58.416+0900][14.065s][info][gc,metaspace] GC(46) Metaspace: 330K(512K)->330K(512K) NonClass: 314K(384K)->314K(384K) Class: 15K(128K)->15K(128K)
[2026-03-27T23:07:58.416+0900][14.065s][info][gc          ] GC(46) Pause Young (Allocation Failure) 55M->20M(205M) 0.545ms
[2026-03-27T23:07:58.416+0900][14.065s][info][gc,cpu      ] GC(46) User=0.00s Sys=0.00s Real=0.00s
[2026-03-27T23:07:58.582+0900][14.232s][info][gc,start    ] GC(47) Pause Young (Allocation Failure)
[2026-03-27T23:07:58.582+0900][14.232s][info][gc,heap     ] GC(47) PSYoungGen: 34507K(35328K)->1088K(37376K) Eden: 33963K(34304K)->0K(33792K) From: 544K(1024K)->1088K(3584K)
[2026-03-27T23:07:58.582+0900][14.232s][info][gc,heap     ] GC(47) ParOldGen: 20477K(175104K)->20477K(175104K)
[2026-03-27T23:07:58.582+0900][14.232s][info][gc,metaspace] GC(47) Metaspace: 330K(512K)->330K(512K) NonClass: 314K(384K)->314K(384K) Class: 15K(128K)->15K(128K)
[2026-03-27T23:07:58.582+0900][14.232s][info][gc          ] GC(47) Pause Young (Allocation Failure) 53M->21M(207M) 0.393ms
[2026-03-27T23:07:58.582+0900][14.232s][info][gc,cpu      ] GC(47) User=0.00s Sys=0.00s Real=0.00s
[2026-03-27T23:07:58.736+0900][14.385s][info][gc,start    ] GC(48) Pause Young (Allocation Failure)
[2026-03-27T23:07:58.736+0900][14.385s][info][gc,heap     ] GC(48) PSYoungGen: 34529K(37376K)->1056K(34816K) Eden: 33441K(33792K)->0K(33280K) From: 1088K(3584K)->1056K(1536K)
[2026-03-27T23:07:58.736+0900][14.385s][info][gc,heap     ] GC(48) ParOldGen: 20477K(175104K)->20477K(175104K)
[2026-03-27T23:07:58.736+0900][14.385s][info][gc,metaspace] GC(48) Metaspace: 330K(512K)->330K(512K) NonClass: 314K(384K)->314K(384K) Class: 15K(128K)->15K(128K)
[2026-03-27T23:07:58.736+0900][14.385s][info][gc          ] GC(48) Pause Young (Allocation Failure) 53M->21M(205M) 0.369ms
[2026-03-27T23:07:58.736+0900][14.385s][info][gc,cpu      ] GC(48) User=0.00s Sys=0.00s Real=0.00s
[2026-03-27T23:07:58.878+0900][14.527s][info][gc,start    ] GC(49) Pause Young (Allocation Failure)
[2026-03-27T23:07:58.878+0900][14.528s][info][gc,heap     ] GC(49) PSYoungGen: 33975K(34816K)->2112K(36352K) Eden: 32919K(33280K)->0K(32768K) From: 1056K(1536K)->2112K(3584K)
[2026-03-27T23:07:58.878+0900][14.528s][info][gc,heap     ] GC(49) ParOldGen: 20477K(175104K)->21509K(175104K)
[2026-03-27T23:07:58.878+0900][14.528s][info][gc,metaspace] GC(49) Metaspace: 330K(512K)->330K(512K) NonClass: 314K(384K)->314K(384K) Class: 15K(128K)->15K(128K)
[2026-03-27T23:07:58.878+0900][14.528s][info][gc          ] GC(49) Pause Young (Allocation Failure) 53M->23M(206M) 0.545ms
[2026-03-27T23:07:58.878+0900][14.528s][info][gc,cpu      ] GC(49) User=0.00s Sys=0.00s Real=0.00s
[2026-03-27T23:07:59.057+0900][14.705s][info][gc,start    ] GC(50) Pause Young (Allocation Failure)
[2026-03-27T23:07:59.057+0900][14.705s][info][gc,heap     ] GC(50) PSYoungGen: 34509K(36352K)->1088K(33792K) Eden: 32397K(32768K)->0K(32256K) From: 2112K(3584K)->1088K(1536K)
[2026-03-27T23:07:59.057+0900][14.705s][info][gc,heap     ] GC(50) ParOldGen: 21509K(175104K)->21509K(175104K)
[2026-03-27T23:07:59.057+0900][14.705s][info][gc,metaspace] GC(50) Metaspace: 330K(512K)->330K(512K) NonClass: 314K(384K)->314K(384K) Class: 15K(128K)->15K(128K)
[2026-03-27T23:07:59.057+0900][14.706s][info][gc          ] GC(50) Pause Young (Allocation Failure) 54M->22M(204M) 0.446ms
[2026-03-27T23:07:59.057+0900][14.706s][info][gc,cpu      ] GC(50) User=0.00s Sys=0.00s Real=0.00s
[2026-03-27T23:07:59.205+0900][14.854s][info][gc,start    ] GC(51) Pause Young (Allocation Failure)
[2026-03-27T23:07:59.205+0900][14.854s][info][gc,heap     ] GC(51) PSYoungGen: 32963K(33792K)->2112K(34816K) Eden: 31875K(32256K)->0K(31744K) From: 1088K(1536K)->2112K(3072K)
[2026-03-27T23:07:59.205+0900][14.854s][info][gc,heap     ] GC(51) ParOldGen: 21509K(175104K)->21509K(175104K)
[2026-03-27T23:07:59.205+0900][14.854s][info][gc,metaspace] GC(51) Metaspace: 330K(512K)->330K(512K) NonClass: 314K(384K)->314K(384K) Class: 15K(128K)->15K(128K)
[2026-03-27T23:07:59.205+0900][14.854s][info][gc          ] GC(51) Pause Young (Allocation Failure) 53M->23M(205M) 0.569ms
[2026-03-27T23:07:59.205+0900][14.854s][info][gc,cpu      ] GC(51) User=0.00s Sys=0.00s Real=0.00s
[2026-03-27T23:07:59.365+0900][15.014s][info][gc,start    ] GC(52) Pause Young (Allocation Failure)
[2026-03-27T23:07:59.365+0900][15.015s][info][gc,heap     ] GC(52) PSYoungGen: 33465K(34816K)->2624K(34816K) Eden: 31353K(31744K)->0K(31232K) From: 2112K(3072K)->2624K(3584K)
[2026-03-27T23:07:59.365+0900][15.015s][info][gc,heap     ] GC(52) ParOldGen: 21509K(175104K)->21509K(175104K)
[2026-03-27T23:07:59.365+0900][15.015s][info][gc,metaspace] GC(52) Metaspace: 330K(512K)->330K(512K) NonClass: 314K(384K)->314K(384K) Class: 15K(128K)->15K(128K)
[2026-03-27T23:07:59.365+0900][15.015s][info][gc          ] GC(52) Pause Young (Allocation Failure) 53M->23M(205M) 0.396ms
[2026-03-27T23:07:59.365+0900][15.015s][info][gc,cpu      ] GC(52) User=0.00s Sys=0.00s Real=0.00s
[2026-03-27T23:07:59.519+0900][15.168s][info][gc,start    ] GC(53) Pause Young (Allocation Failure)
[2026-03-27T23:07:59.519+0900][15.168s][info][gc,heap     ] GC(53) PSYoungGen: 33455K(34816K)->1600K(34304K) Eden: 30831K(31232K)->0K(31232K) From: 2624K(3584K)->1600K(3072K)
[2026-03-27T23:07:59.519+0900][15.168s][info][gc,heap     ] GC(53) ParOldGen: 21509K(175104K)->22541K(175104K)
[2026-03-27T23:07:59.519+0900][15.168s][info][gc,metaspace] GC(53) Metaspace: 330K(512K)->330K(512K) NonClass: 314K(384K)->314K(384K) Class: 15K(128K)->15K(128K)
[2026-03-27T23:07:59.519+0900][15.168s][info][gc          ] GC(53) Pause Young (Allocation Failure) 53M->23M(204M) 0.572ms
[2026-03-27T23:07:59.519+0900][15.169s][info][gc,cpu      ] GC(53) User=0.00s Sys=0.00s Real=0.00s
[2026-03-27T23:07:59.725+0900][15.374s][info][gc,start    ] GC(54) Pause Young (Allocation Failure)
[2026-03-27T23:07:59.725+0900][15.374s][info][gc,heap     ] GC(54) PSYoungGen: 32431K(34304K)->1568K(34816K) Eden: 30831K(31232K)->0K(31232K) From: 1600K(3072K)->1568K(3584K)
[2026-03-27T23:07:59.725+0900][15.374s][info][gc,heap     ] GC(54) ParOldGen: 22541K(175104K)->22541K(175104K)
[2026-03-27T23:07:59.725+0900][15.374s][info][gc,metaspace] GC(54) Metaspace: 330K(512K)->330K(512K) NonClass: 314K(384K)->314K(384K) Class: 15K(128K)->15K(128K)
[2026-03-27T23:07:59.725+0900][15.374s][info][gc          ] GC(54) Pause Young (Allocation Failure) 53M->23M(205M) 0.511ms
[2026-03-27T23:07:59.725+0900][15.374s][info][gc,cpu      ] GC(54) User=0.00s Sys=0.00s Real=0.00s
[2026-03-27T23:07:59.918+0900][15.567s][info][gc,start    ] GC(55) Pause Young (Allocation Failure)
[2026-03-27T23:07:59.919+0900][15.568s][info][gc,heap     ] GC(55) PSYoungGen: 32399K(34816K)->1632K(34816K) Eden: 30831K(31232K)->0K(31232K) From: 1568K(3584K)->1632K(3584K)
[2026-03-27T23:07:59.919+0900][15.568s][info][gc,heap     ] GC(55) ParOldGen: 22541K(175104K)->22541K(175104K)
[2026-03-27T23:07:59.919+0900][15.568s][info][gc,metaspace] GC(55) Metaspace: 330K(512K)->330K(512K) NonClass: 314K(384K)->314K(384K) Class: 15K(128K)->15K(128K)
[2026-03-27T23:07:59.919+0900][15.568s][info][gc          ] GC(55) Pause Young (Allocation Failure) 53M->23M(205M) 0.796ms
[2026-03-27T23:07:59.919+0900][15.568s][info][gc,cpu      ] GC(55) User=0.00s Sys=0.00s Real=0.00s
[2026-03-27T23:08:00.116+0900][15.765s][info][gc,start    ] GC(56) Pause Young (Allocation Failure)
[2026-03-27T23:08:00.117+0900][15.765s][info][gc,heap     ] GC(56) PSYoungGen: 32463K(34816K)->1600K(34816K) Eden: 30831K(31232K)->0K(31232K) From: 1632K(3584K)->1600K(3584K)
[2026-03-27T23:08:00.117+0900][15.765s][info][gc,heap     ] GC(56) ParOldGen: 22541K(175104K)->22541K(175104K)
[2026-03-27T23:08:00.117+0900][15.765s][info][gc,metaspace] GC(56) Metaspace: 330K(512K)->330K(512K) NonClass: 314K(384K)->314K(384K) Class: 15K(128K)->15K(128K)
[2026-03-27T23:08:00.117+0900][15.765s][info][gc          ] GC(56) Pause Young (Allocation Failure) 53M->23M(205M) 0.391ms
[2026-03-27T23:08:00.117+0900][15.765s][info][gc,cpu      ] GC(56) User=0.00s Sys=0.00s Real=0.00s
[2026-03-27T23:08:00.315+0900][15.964s][info][gc,start    ] GC(57) Pause Young (Allocation Failure)
[2026-03-27T23:08:00.316+0900][15.965s][info][gc,heap     ] GC(57) PSYoungGen: 32431K(34816K)->1600K(33792K) Eden: 30831K(31232K)->0K(31232K) From: 1600K(3584K)->1600K(2560K)
[2026-03-27T23:08:00.316+0900][15.965s][info][gc,heap     ] GC(57) ParOldGen: 22541K(175104K)->22541K(175104K)
[2026-03-27T23:08:00.316+0900][15.965s][info][gc,metaspace] GC(57) Metaspace: 330K(512K)->330K(512K) NonClass: 314K(384K)->314K(384K) Class: 15K(128K)->15K(128K)
[2026-03-27T23:08:00.316+0900][15.965s][info][gc          ] GC(57) Pause Young (Allocation Failure) 53M->23M(204M) 1.043ms
[2026-03-27T23:08:00.316+0900][15.965s][info][gc,cpu      ] GC(57) User=0.00s Sys=0.00s Real=0.00s
[2026-03-27T23:08:00.541+0900][16.190s][info][gc,start    ] GC(58) Pause Young (Allocation Failure)
[2026-03-27T23:08:00.541+0900][16.190s][info][gc,heap     ] GC(58) PSYoungGen: 32431K(33792K)->576K(34304K) Eden: 30831K(31232K)->0K(31232K) From: 1600K(2560K)->576K(3072K)
[2026-03-27T23:08:00.542+0900][16.190s][info][gc,heap     ] GC(58) ParOldGen: 22541K(175104K)->23573K(175104K)
[2026-03-27T23:08:00.542+0900][16.190s][info][gc,metaspace] GC(58) Metaspace: 330K(512K)->330K(512K) NonClass: 314K(384K)->314K(384K) Class: 15K(128K)->15K(128K)
[2026-03-27T23:08:00.542+0900][16.190s][info][gc          ] GC(58) Pause Young (Allocation Failure) 53M->23M(204M) 0.800ms
[2026-03-27T23:08:00.542+0900][16.190s][info][gc,cpu      ] GC(58) User=0.00s Sys=0.00s Real=0.00s
[2026-03-27T23:08:00.738+0900][16.387s][info][gc,start    ] GC(59) Pause Young (Allocation Failure)
[2026-03-27T23:08:00.738+0900][16.388s][info][gc,heap     ] GC(59) PSYoungGen: 31407K(34304K)->608K(34304K) Eden: 30831K(31232K)->0K(31232K) From: 576K(3072K)->608K(3072K)
[2026-03-27T23:08:00.738+0900][16.388s][info][gc,heap     ] GC(59) ParOldGen: 23573K(175104K)->23573K(175104K)
[2026-03-27T23:08:00.738+0900][16.388s][info][gc,metaspace] GC(59) Metaspace: 330K(512K)->330K(512K) NonClass: 314K(384K)->314K(384K) Class: 15K(128K)->15K(128K)
[2026-03-27T23:08:00.738+0900][16.388s][info][gc          ] GC(59) Pause Young (Allocation Failure) 53M->23M(204M) 0.638ms
[2026-03-27T23:08:00.738+0900][16.388s][info][gc,cpu      ] GC(59) User=0.00s Sys=0.00s Real=0.00s
[2026-03-27T23:08:00.917+0900][16.565s][info][gc,start    ] GC(60) Pause Young (Allocation Failure)
[2026-03-27T23:08:00.917+0900][16.566s][info][gc,heap     ] GC(60) PSYoungGen: 31439K(34304K)->608K(34304K) Eden: 30831K(31232K)->0K(31232K) From: 608K(3072K)->608K(3072K)
[2026-03-27T23:08:00.917+0900][16.566s][info][gc,heap     ] GC(60) ParOldGen: 23573K(175104K)->23573K(175104K)
[2026-03-27T23:08:00.917+0900][16.566s][info][gc,metaspace] GC(60) Metaspace: 330K(512K)->330K(512K) NonClass: 314K(384K)->314K(384K) Class: 15K(128K)->15K(128K)
[2026-03-27T23:08:00.917+0900][16.566s][info][gc          ] GC(60) Pause Young (Allocation Failure) 53M->23M(204M) 0.367ms
[2026-03-27T23:08:00.917+0900][16.566s][info][gc,cpu      ] GC(60) User=0.00s Sys=0.00s Real=0.00s
[2026-03-27T23:08:01.119+0900][16.768s][info][gc,start    ] GC(61) Pause Young (Allocation Failure)
[2026-03-27T23:08:01.120+0900][16.768s][info][gc,heap     ] GC(61) PSYoungGen: 31439K(34304K)->2624K(33792K) Eden: 30831K(31232K)->0K(30720K) From: 608K(3072K)->2624K(3072K)
[2026-03-27T23:08:01.120+0900][16.768s][info][gc,heap     ] GC(61) ParOldGen: 23573K(175104K)->24086K(175104K)
[2026-03-27T23:08:01.120+0900][16.768s][info][gc,metaspace] GC(61) Metaspace: 330K(512K)->330K(512K) NonClass: 314K(384K)->314K(384K) Class: 15K(128K)->15K(128K)
[2026-03-27T23:08:01.120+0900][16.769s][info][gc          ] GC(61) Pause Young (Allocation Failure) 53M->26M(204M) 0.853ms
[2026-03-27T23:08:01.120+0900][16.769s][info][gc,cpu      ] GC(61) User=0.00s Sys=0.00s Real=0.00s
[2026-03-27T23:08:01.419+0900][17.068s][info][gc,start    ] GC(62) Pause Young (Allocation Failure)
[2026-03-27T23:08:01.420+0900][17.069s][info][gc,heap     ] GC(62) PSYoungGen: 32933K(33792K)->1632K(34304K) Eden: 30309K(30720K)->0K(30720K) From: 2624K(3072K)->1632K(3584K)
[2026-03-27T23:08:01.420+0900][17.069s][info][gc,heap     ] GC(62) ParOldGen: 24086K(175104K)->25134K(175104K)
[2026-03-27T23:08:01.420+0900][17.069s][info][gc,metaspace] GC(62) Metaspace: 330K(512K)->330K(512K) NonClass: 314K(384K)->314K(384K) Class: 15K(128K)->15K(128K)
[2026-03-27T23:08:01.420+0900][17.069s][info][gc          ] GC(62) Pause Young (Allocation Failure) 55M->26M(204M) 1.189ms
[2026-03-27T23:08:01.420+0900][17.069s][info][gc,cpu      ] GC(62) User=0.00s Sys=0.00s Real=0.00s
[2026-03-27T23:08:01.600+0900][17.249s][info][gc,start    ] GC(63) Pause Young (Allocation Failure)
[2026-03-27T23:08:01.600+0900][17.249s][info][gc,heap     ] GC(63) PSYoungGen: 31941K(34304K)->1120K(34304K) Eden: 30309K(30720K)->0K(30720K) From: 1632K(3584K)->1120K(3584K)
[2026-03-27T23:08:01.600+0900][17.249s][info][gc,heap     ] GC(63) ParOldGen: 25134K(175104K)->25134K(175104K)
[2026-03-27T23:08:01.600+0900][17.249s][info][gc,metaspace] GC(63) Metaspace: 330K(512K)->330K(512K) NonClass: 314K(384K)->314K(384K) Class: 15K(128K)->15K(128K)
[2026-03-27T23:08:01.600+0900][17.249s][info][gc          ] GC(63) Pause Young (Allocation Failure) 55M->25M(204M) 0.660ms
[2026-03-27T23:08:01.600+0900][17.249s][info][gc,cpu      ] GC(63) User=0.00s Sys=0.00s Real=0.00s
[2026-03-27T23:08:01.790+0900][17.439s][info][gc,start    ] GC(64) Pause Young (Allocation Failure)
[2026-03-27T23:08:01.790+0900][17.439s][info][gc,heap     ] GC(64) PSYoungGen: 31429K(34304K)->576K(31744K) Eden: 30309K(30720K)->0K(30720K) From: 1120K(3584K)->576K(1024K)
[2026-03-27T23:08:01.790+0900][17.439s][info][gc,heap     ] GC(64) ParOldGen: 25134K(175104K)->25134K(175104K)
[2026-03-27T23:08:01.790+0900][17.439s][info][gc,metaspace] GC(64) Metaspace: 330K(512K)->330K(512K) NonClass: 314K(384K)->314K(384K) Class: 15K(128K)->15K(128K)
[2026-03-27T23:08:01.790+0900][17.439s][info][gc          ] GC(64) Pause Young (Allocation Failure) 55M->25M(202M) 0.625ms
[2026-03-27T23:08:01.790+0900][17.439s][info][gc,cpu      ] GC(64) User=0.00s Sys=0.00s Real=0.00s
[2026-03-27T23:08:02.009+0900][17.659s][info][gc,start    ] GC(65) Pause Young (Allocation Failure)
[2026-03-27T23:08:02.010+0900][17.659s][info][gc,heap     ] GC(65) PSYoungGen: 30885K(31744K)->2656K(33280K) Eden: 30309K(30720K)->0K(30208K) From: 576K(1024K)->2656K(3072K)
[2026-03-27T23:08:02.010+0900][17.659s][info][gc,heap     ] GC(65) ParOldGen: 25134K(175104K)->25134K(175104K)
[2026-03-27T23:08:02.010+0900][17.659s][info][gc,metaspace] GC(65) Metaspace: 330K(512K)->330K(512K) NonClass: 314K(384K)->314K(384K) Class: 15K(128K)->15K(128K)
[2026-03-27T23:08:02.010+0900][17.659s][info][gc          ] GC(65) Pause Young (Allocation Failure) 54M->27M(203M) 0.691ms
[2026-03-27T23:08:02.010+0900][17.659s][info][gc,cpu      ] GC(65) User=0.00s Sys=0.00s Real=0.00s
[2026-03-27T23:08:02.299+0900][17.949s][info][gc,start    ] GC(66) Pause Young (Allocation Failure)
[2026-03-27T23:08:02.301+0900][17.949s][info][gc,heap     ] GC(66) PSYoungGen: 32443K(33280K)->544K(33792K) Eden: 29787K(30208K)->0K(30208K) From: 2656K(3072K)->544K(3584K)
[2026-03-27T23:08:02.301+0900][17.949s][info][gc,heap     ] GC(66) ParOldGen: 25134K(175104K)->26166K(175104K)
[2026-03-27T23:08:02.301+0900][17.949s][info][gc,metaspace] GC(66) Metaspace: 330K(512K)->330K(512K) NonClass: 314K(384K)->314K(384K) Class: 15K(128K)->15K(128K)
[2026-03-27T23:08:02.301+0900][17.949s][info][gc          ] GC(66) Pause Young (Allocation Failure) 56M->26M(204M) 0.764ms
[2026-03-27T23:08:02.301+0900][17.949s][info][gc,cpu      ] GC(66) User=0.00s Sys=0.00s Real=0.00s
[2026-03-27T23:08:02.535+0900][18.185s][info][gc,start    ] GC(67) Pause Young (Allocation Failure)
[2026-03-27T23:08:02.537+0900][18.186s][info][gc,heap     ] GC(67) PSYoungGen: 30331K(33792K)->2080K(33792K) Eden: 29787K(30208K)->0K(30208K) From: 544K(3584K)->2080K(3584K)
[2026-03-27T23:08:02.537+0900][18.186s][info][gc,heap     ] GC(67) ParOldGen: 26166K(175104K)->26166K(175104K)
[2026-03-27T23:08:02.537+0900][18.186s][info][gc,metaspace] GC(67) Metaspace: 330K(512K)->330K(512K) NonClass: 314K(384K)->314K(384K) Class: 15K(128K)->15K(128K)
[2026-03-27T23:08:02.537+0900][18.186s][info][gc          ] GC(67) Pause Young (Allocation Failure) 55M->27M(204M) 1.169ms
[2026-03-27T23:08:02.537+0900][18.186s][info][gc,cpu      ] GC(67) User=0.00s Sys=0.00s Real=0.00s
[2026-03-27T23:08:02.849+0900][18.498s][info][gc,start    ] GC(68) Pause Young (Allocation Failure)
[2026-03-27T23:08:02.849+0900][18.499s][info][gc,heap     ] GC(68) PSYoungGen: 31867K(33792K)->1056K(33792K) Eden: 29787K(30208K)->0K(30208K) From: 2080K(3584K)->1056K(3584K)
[2026-03-27T23:08:02.849+0900][18.499s][info][gc,heap     ] GC(68) ParOldGen: 26166K(175104K)->26166K(175104K)
[2026-03-27T23:08:02.849+0900][18.499s][info][gc,metaspace] GC(68) Metaspace: 330K(512K)->330K(512K) NonClass: 314K(384K)->314K(384K) Class: 15K(128K)->15K(128K)
[2026-03-27T23:08:02.849+0900][18.499s][info][gc          ] GC(68) Pause Young (Allocation Failure) 56M->26M(204M) 0.408ms
[2026-03-27T23:08:02.849+0900][18.499s][info][gc,cpu      ] GC(68) User=0.00s Sys=0.00s Real=0.00s
[2026-03-27T23:08:03.033+0900][18.682s][info][gc,start    ] GC(69) Pause Young (Allocation Failure)
[2026-03-27T23:08:03.033+0900][18.682s][info][gc,heap     ] GC(69) PSYoungGen: 30843K(33792K)->2656K(33792K) Eden: 29787K(30208K)->0K(30208K) From: 1056K(3584K)->2656K(3584K)
[2026-03-27T23:08:03.033+0900][18.682s][info][gc,heap     ] GC(69) ParOldGen: 26166K(175104K)->26166K(175104K)
[2026-03-27T23:08:03.033+0900][18.682s][info][gc,metaspace] GC(69) Metaspace: 330K(512K)->330K(512K) NonClass: 314K(384K)->314K(384K) Class: 15K(128K)->15K(128K)
[2026-03-27T23:08:03.033+0900][18.682s][info][gc          ] GC(69) Pause Young (Allocation Failure) 55M->28M(204M) 0.443ms
[2026-03-27T23:08:03.033+0900][18.682s][info][gc,cpu      ] GC(69) User=0.00s Sys=0.00s Real=0.00s
[2026-03-27T23:08:03.241+0900][18.890s][info][gc,start    ] GC(70) Pause Young (Allocation Failure)
[2026-03-27T23:08:03.242+0900][18.890s][info][gc,heap     ] GC(70) PSYoungGen: 32443K(33792K)->576K(33792K) Eden: 29787K(30208K)->0K(30208K) From: 2656K(3584K)->576K(3584K)
[2026-03-27T23:08:03.242+0900][18.890s][info][gc,heap     ] GC(70) ParOldGen: 26166K(175104K)->27198K(175104K)
[2026-03-27T23:08:03.242+0900][18.890s][info][gc,metaspace] GC(70) Metaspace: 330K(512K)->330K(512K) NonClass: 314K(384K)->314K(384K) Class: 15K(128K)->15K(128K)
[2026-03-27T23:08:03.242+0900][18.890s][info][gc          ] GC(70) Pause Young (Allocation Failure) 57M->27M(204M) 0.567ms
[2026-03-27T23:08:03.242+0900][18.890s][info][gc,cpu      ] GC(70) User=0.00s Sys=0.00s Real=0.00s
[2026-03-27T23:08:03.444+0900][19.093s][info][gc,start    ] GC(71) Pause Young (Allocation Failure)
[2026-03-27T23:08:03.445+0900][19.094s][info][gc,heap     ] GC(71) PSYoungGen: 30363K(33792K)->2080K(33792K) Eden: 29787K(30208K)->0K(30208K) From: 576K(3584K)->2080K(3584K)
[2026-03-27T23:08:03.445+0900][19.094s][info][gc,heap     ] GC(71) ParOldGen: 27198K(175104K)->27198K(175104K)
[2026-03-27T23:08:03.445+0900][19.094s][info][gc,metaspace] GC(71) Metaspace: 330K(512K)->330K(512K) NonClass: 314K(384K)->314K(384K) Class: 15K(128K)->15K(128K)
[2026-03-27T23:08:03.445+0900][19.094s][info][gc          ] GC(71) Pause Young (Allocation Failure) 56M->28M(204M) 0.733ms
[2026-03-27T23:08:03.445+0900][19.094s][info][gc,cpu      ] GC(71) User=0.00s Sys=0.00s Real=0.00s
[2026-03-27T23:08:03.657+0900][19.305s][info][gc,start    ] GC(72) Pause Young (Allocation Failure)
[2026-03-27T23:08:03.657+0900][19.306s][info][gc,heap     ] GC(72) PSYoungGen: 31867K(33792K)->1120K(33792K) Eden: 29787K(30208K)->0K(30208K) From: 2080K(3584K)->1120K(3584K)
[2026-03-27T23:08:03.657+0900][19.306s][info][gc,heap     ] GC(72) ParOldGen: 27198K(175104K)->27198K(175104K)
[2026-03-27T23:08:03.657+0900][19.306s][info][gc,metaspace] GC(72) Metaspace: 330K(512K)->330K(512K) NonClass: 314K(384K)->314K(384K) Class: 15K(128K)->15K(128K)
[2026-03-27T23:08:03.657+0900][19.306s][info][gc          ] GC(72) Pause Young (Allocation Failure) 57M->27M(204M) 0.682ms
[2026-03-27T23:08:03.657+0900][19.306s][info][gc,cpu      ] GC(72) User=0.00s Sys=0.00s Real=0.00s
[2026-03-27T23:08:03.855+0900][19.503s][info][gc,start    ] GC(73) Pause Young (Allocation Failure)
[2026-03-27T23:08:03.855+0900][19.504s][info][gc,heap     ] GC(73) PSYoungGen: 30907K(33792K)->64K(33792K) Eden: 29787K(30208K)->0K(30208K) From: 1120K(3584K)->64K(3584K)
[2026-03-27T23:08:03.855+0900][19.504s][info][gc,heap     ] GC(73) ParOldGen: 27198K(175104K)->27198K(175104K)
[2026-03-27T23:08:03.855+0900][19.504s][info][gc,metaspace] GC(73) Metaspace: 330K(512K)->330K(512K) NonClass: 314K(384K)->314K(384K) Class: 15K(128K)->15K(128K)
[2026-03-27T23:08:03.855+0900][19.504s][info][gc          ] GC(73) Pause Young (Allocation Failure) 56M->26M(204M) 0.342ms
[2026-03-27T23:08:03.855+0900][19.504s][info][gc,cpu      ] GC(73) User=0.00s Sys=0.00s Real=0.00s
[2026-03-27T23:08:04.031+0900][19.680s][info][gc,start    ] GC(74) Pause Young (Allocation Failure)
[2026-03-27T23:08:04.032+0900][19.681s][info][gc,heap     ] GC(74) PSYoungGen: 29851K(33792K)->1632K(33792K) Eden: 29787K(30208K)->0K(30208K) From: 64K(3584K)->1632K(3584K)
[2026-03-27T23:08:04.032+0900][19.681s][info][gc,heap     ] GC(74) ParOldGen: 27198K(175104K)->27198K(175104K)
[2026-03-27T23:08:04.032+0900][19.681s][info][gc,metaspace] GC(74) Metaspace: 330K(512K)->330K(512K) NonClass: 314K(384K)->314K(384K) Class: 15K(128K)->15K(128K)
[2026-03-27T23:08:04.033+0900][19.681s][info][gc          ] GC(74) Pause Young (Allocation Failure) 55M->28M(204M) 0.917ms
[2026-03-27T23:08:04.033+0900][19.681s][info][gc,cpu      ] GC(74) User=0.00s Sys=0.00s Real=0.00s
[2026-03-27T23:08:04.205+0900][19.855s][info][gc,start    ] GC(75) Pause Young (Allocation Failure)
[2026-03-27T23:08:04.207+0900][19.856s][info][gc,heap     ] GC(75) PSYoungGen: 31419K(33792K)->2144K(33792K) Eden: 29787K(30208K)->0K(30208K) From: 1632K(3584K)->2144K(3584K)
[2026-03-27T23:08:04.207+0900][19.856s][info][gc,heap     ] GC(75) ParOldGen: 27198K(175104K)->28230K(175104K)
[2026-03-27T23:08:04.207+0900][19.856s][info][gc,metaspace] GC(75) Metaspace: 330K(512K)->330K(512K) NonClass: 314K(384K)->314K(384K) Class: 15K(128K)->15K(128K)
[2026-03-27T23:08:04.207+0900][19.856s][info][gc          ] GC(75) Pause Young (Allocation Failure) 57M->29M(204M) 1.351ms
[2026-03-27T23:08:04.207+0900][19.856s][info][gc,cpu      ] GC(75) User=0.00s Sys=0.00s Real=0.00s
[2026-03-27T23:08:04.423+0900][20.072s][info][gc,start    ] GC(76) Pause Young (Allocation Failure)
[2026-03-27T23:08:04.424+0900][20.073s][info][gc,heap     ] GC(76) PSYoungGen: 31931K(33792K)->1088K(33792K) Eden: 29787K(30208K)->0K(30208K) From: 2144K(3584K)->1088K(3584K)
[2026-03-27T23:08:04.424+0900][20.073s][info][gc,heap     ] GC(76) ParOldGen: 28230K(175104K)->28230K(175104K)
[2026-03-27T23:08:04.424+0900][20.073s][info][gc,metaspace] GC(76) Metaspace: 330K(512K)->330K(512K) NonClass: 314K(384K)->314K(384K) Class: 15K(128K)->15K(128K)
[2026-03-27T23:08:04.424+0900][20.073s][info][gc          ] GC(76) Pause Young (Allocation Failure) 58M->28M(204M) 0.578ms
[2026-03-27T23:08:04.424+0900][20.073s][info][gc,cpu      ] GC(76) User=0.00s Sys=0.00s Real=0.00s
[2026-03-27T23:08:04.595+0900][20.244s][info][gc,start    ] GC(77) Pause Young (Allocation Failure)
[2026-03-27T23:08:04.595+0900][20.245s][info][gc,heap     ] GC(77) PSYoungGen: 30875K(33792K)->32K(33792K) Eden: 29787K(30208K)->0K(30208K) From: 1088K(3584K)->32K(3584K)
[2026-03-27T23:08:04.595+0900][20.245s][info][gc,heap     ] GC(77) ParOldGen: 28230K(175104K)->28230K(175104K)
[2026-03-27T23:08:04.595+0900][20.245s][info][gc,metaspace] GC(77) Metaspace: 330K(512K)->330K(512K) NonClass: 314K(384K)->314K(384K) Class: 15K(128K)->15K(128K)
[2026-03-27T23:08:04.595+0900][20.245s][info][gc          ] GC(77) Pause Young (Allocation Failure) 57M->27M(204M) 0.821ms
[2026-03-27T23:08:04.595+0900][20.245s][info][gc,cpu      ] GC(77) User=0.00s Sys=0.00s Real=0.00s
[2026-03-27T23:08:04.792+0900][20.441s][info][gc,start    ] GC(78) Pause Young (Allocation Failure)
[2026-03-27T23:08:04.793+0900][20.442s][info][gc,heap     ] GC(78) PSYoungGen: 29819K(33792K)->1600K(33792K) Eden: 29787K(30208K)->0K(30208K) From: 32K(3584K)->1600K(3584K)
[2026-03-27T23:08:04.793+0900][20.442s][info][gc,heap     ] GC(78) ParOldGen: 28230K(175104K)->28230K(175104K)
[2026-03-27T23:08:04.793+0900][20.442s][info][gc,metaspace] GC(78) Metaspace: 330K(512K)->330K(512K) NonClass: 314K(384K)->314K(384K) Class: 15K(128K)->15K(128K)
[2026-03-27T23:08:04.793+0900][20.442s][info][gc          ] GC(78) Pause Young (Allocation Failure) 56M->29M(204M) 1.188ms
[2026-03-27T23:08:04.793+0900][20.442s][info][gc,cpu      ] GC(78) User=0.00s Sys=0.02s Real=0.00s
[2026-03-27T23:08:04.974+0900][20.623s][info][gc,start    ] GC(79) Pause Young (Allocation Failure)
[2026-03-27T23:08:04.975+0900][20.624s][info][gc,heap     ] GC(79) PSYoungGen: 31387K(33792K)->2080K(33792K) Eden: 29787K(30208K)->0K(30208K) From: 1600K(3584K)->2080K(3584K)
[2026-03-27T23:08:04.975+0900][20.624s][info][gc,heap     ] GC(79) ParOldGen: 28230K(175104K)->29262K(175104K)
[2026-03-27T23:08:04.975+0900][20.624s][info][gc,metaspace] GC(79) Metaspace: 330K(512K)->330K(512K) NonClass: 314K(384K)->314K(384K) Class: 15K(128K)->15K(128K)
[2026-03-27T23:08:04.975+0900][20.624s][info][gc          ] GC(79) Pause Young (Allocation Failure) 58M->30M(204M) 1.152ms
[2026-03-27T23:08:04.975+0900][20.624s][info][gc,cpu      ] GC(79) User=0.00s Sys=0.00s Real=0.00s
[2026-03-27T23:08:05.190+0900][20.839s][info][gc,start    ] GC(80) Pause Young (Allocation Failure)
[2026-03-27T23:08:05.191+0900][20.839s][info][gc,heap     ] GC(80) PSYoungGen: 31867K(33792K)->1088K(33792K) Eden: 29787K(30208K)->0K(30208K) From: 2080K(3584K)->1088K(3584K)
[2026-03-27T23:08:05.191+0900][20.839s][info][gc,heap     ] GC(80) ParOldGen: 29262K(175104K)->29262K(175104K)
[2026-03-27T23:08:05.191+0900][20.840s][info][gc,metaspace] GC(80) Metaspace: 330K(512K)->330K(512K) NonClass: 314K(384K)->314K(384K) Class: 15K(128K)->15K(128K)
[2026-03-27T23:08:05.191+0900][20.840s][info][gc          ] GC(80) Pause Young (Allocation Failure) 59M->29M(204M) 0.516ms
[2026-03-27T23:08:05.191+0900][20.840s][info][gc,cpu      ] GC(80) User=0.00s Sys=0.00s Real=0.00s
[2026-03-27T23:08:05.379+0900][21.028s][info][gc,start    ] GC(81) Pause Young (Allocation Failure)
[2026-03-27T23:08:05.379+0900][21.028s][info][gc,heap     ] GC(81) PSYoungGen: 30875K(33792K)->32K(33792K) Eden: 29787K(30208K)->0K(30208K) From: 1088K(3584K)->32K(3584K)
[2026-03-27T23:08:05.379+0900][21.028s][info][gc,heap     ] GC(81) ParOldGen: 29262K(175104K)->29262K(175104K)
[2026-03-27T23:08:05.379+0900][21.028s][info][gc,metaspace] GC(81) Metaspace: 330K(512K)->330K(512K) NonClass: 314K(384K)->314K(384K) Class: 15K(128K)->15K(128K)
[2026-03-27T23:08:05.379+0900][21.028s][info][gc          ] GC(81) Pause Young (Allocation Failure) 58M->28M(204M) 0.294ms
[2026-03-27T23:08:05.379+0900][21.028s][info][gc,cpu      ] GC(81) User=0.00s Sys=0.00s Real=0.00s
[2026-03-27T23:08:05.575+0900][21.224s][info][gc,start    ] GC(82) Pause Young (Allocation Failure)
[2026-03-27T23:08:05.575+0900][21.224s][info][gc,heap     ] GC(82) PSYoungGen: 29819K(33792K)->1600K(33792K) Eden: 29787K(30208K)->0K(30208K) From: 32K(3584K)->1600K(3584K)
[2026-03-27T23:08:05.575+0900][21.224s][info][gc,heap     ] GC(82) ParOldGen: 29262K(175104K)->29262K(175104K)
[2026-03-27T23:08:05.575+0900][21.224s][info][gc,metaspace] GC(82) Metaspace: 330K(512K)->330K(512K) NonClass: 314K(384K)->314K(384K) Class: 15K(128K)->15K(128K)
[2026-03-27T23:08:05.575+0900][21.224s][info][gc          ] GC(82) Pause Young (Allocation Failure) 57M->30M(204M) 0.412ms
[2026-03-27T23:08:05.575+0900][21.224s][info][gc,cpu      ] GC(82) User=0.00s Sys=0.00s Real=0.00s
[2026-03-27T23:08:05.795+0900][21.444s][info][gc,start    ] GC(83) Pause Young (Allocation Failure)
[2026-03-27T23:08:05.797+0900][21.446s][info][gc,heap     ] GC(83) PSYoungGen: 31387K(33792K)->2144K(33792K) Eden: 29787K(30208K)->0K(30208K) From: 1600K(3584K)->2144K(3584K)
[2026-03-27T23:08:05.797+0900][21.446s][info][gc,heap     ] GC(83) ParOldGen: 29262K(175104K)->30294K(175104K)
[2026-03-27T23:08:05.797+0900][21.446s][info][gc,metaspace] GC(83) Metaspace: 330K(512K)->330K(512K) NonClass: 314K(384K)->314K(384K) Class: 15K(128K)->15K(128K)
[2026-03-27T23:08:05.797+0900][21.446s][info][gc          ] GC(83) Pause Young (Allocation Failure) 59M->31M(204M) 1.702ms
[2026-03-27T23:08:05.797+0900][21.446s][info][gc,cpu      ] GC(83) User=0.00s Sys=0.00s Real=0.00s
[2026-03-27T23:08:05.998+0900][21.647s][info][gc,start    ] GC(84) Pause Young (Allocation Failure)
[2026-03-27T23:08:05.998+0900][21.648s][info][gc,heap     ] GC(84) PSYoungGen: 31931K(33792K)->1088K(33792K) Eden: 29787K(30208K)->0K(30208K) From: 2144K(3584K)->1088K(3584K)
[2026-03-27T23:08:05.998+0900][21.648s][info][gc,heap     ] GC(84) ParOldGen: 30294K(175104K)->30294K(175104K)
[2026-03-27T23:08:05.998+0900][21.648s][info][gc,metaspace] GC(84) Metaspace: 330K(512K)->330K(512K) NonClass: 314K(384K)->314K(384K) Class: 15K(128K)->15K(128K)
[2026-03-27T23:08:05.998+0900][21.648s][info][gc          ] GC(84) Pause Young (Allocation Failure) 60M->30M(204M) 0.798ms
[2026-03-27T23:08:05.998+0900][21.648s][info][gc,cpu      ] GC(84) User=0.00s Sys=0.00s Real=0.00s
[2026-03-27T23:08:06.213+0900][21.862s][info][gc,start    ] GC(85) Pause Young (Allocation Failure)
[2026-03-27T23:08:06.213+0900][21.863s][info][gc,heap     ] GC(85) PSYoungGen: 30875K(33792K)->32K(33792K) Eden: 29787K(30208K)->0K(30208K) From: 1088K(3584K)->32K(3584K)
[2026-03-27T23:08:06.213+0900][21.863s][info][gc,heap     ] GC(85) ParOldGen: 30294K(175104K)->30294K(175104K)
[2026-03-27T23:08:06.213+0900][21.863s][info][gc,metaspace] GC(85) Metaspace: 330K(512K)->330K(512K) NonClass: 314K(384K)->314K(384K) Class: 15K(128K)->15K(128K)
[2026-03-27T23:08:06.213+0900][21.863s][info][gc          ] GC(85) Pause Young (Allocation Failure) 59M->29M(204M) 0.630ms
[2026-03-27T23:08:06.213+0900][21.863s][info][gc,cpu      ] GC(85) User=0.00s Sys=0.00s Real=0.00s
[2026-03-27T23:08:06.409+0900][22.058s][info][gc,start    ] GC(86) Pause Young (Allocation Failure)
[2026-03-27T23:08:06.409+0900][22.058s][info][gc,heap     ] GC(86) PSYoungGen: 29819K(33792K)->1632K(33792K) Eden: 29787K(30208K)->0K(30208K) From: 32K(3584K)->1632K(3584K)
[2026-03-27T23:08:06.409+0900][22.058s][info][gc,heap     ] GC(86) ParOldGen: 30294K(175104K)->30294K(175104K)
[2026-03-27T23:08:06.409+0900][22.058s][info][gc,metaspace] GC(86) Metaspace: 330K(512K)->330K(512K) NonClass: 314K(384K)->314K(384K) Class: 15K(128K)->15K(128K)
[2026-03-27T23:08:06.409+0900][22.058s][info][gc          ] GC(86) Pause Young (Allocation Failure) 58M->31M(204M) 0.599ms
[2026-03-27T23:08:06.410+0900][22.058s][info][gc,cpu      ] GC(86) User=0.00s Sys=0.00s Real=0.00s
[2026-03-27T23:08:06.598+0900][22.247s][info][gc,start    ] GC(87) Pause Young (Allocation Failure)
[2026-03-27T23:08:06.598+0900][22.248s][info][gc,heap     ] GC(87) PSYoungGen: 31419K(33792K)->3168K(33280K) Eden: 29787K(30208K)->0K(29696K) From: 1632K(3584K)->3168K(3584K)
[2026-03-27T23:08:06.598+0900][22.248s][info][gc,heap     ] GC(87) ParOldGen: 30294K(175104K)->30294K(175104K)
[2026-03-27T23:08:06.598+0900][22.248s][info][gc,metaspace] GC(87) Metaspace: 330K(512K)->330K(512K) NonClass: 314K(384K)->314K(384K) Class: 15K(128K)->15K(128K)
[2026-03-27T23:08:06.598+0900][22.248s][info][gc          ] GC(87) Pause Young (Allocation Failure) 60M->32M(203M) 0.915ms
[2026-03-27T23:08:06.598+0900][22.248s][info][gc,cpu      ] GC(87) User=0.00s Sys=0.00s Real=0.00s
[2026-03-27T23:08:06.766+0900][22.415s][info][gc,start    ] GC(88) Pause Young (Allocation Failure)
[2026-03-27T23:08:06.767+0900][22.416s][info][gc,heap     ] GC(88) PSYoungGen: 32433K(33280K)->576K(33792K) Eden: 29265K(29696K)->0K(29696K) From: 3168K(3584K)->576K(4096K)
[2026-03-27T23:08:06.767+0900][22.416s][info][gc,heap     ] GC(88) ParOldGen: 30294K(175104K)->31326K(175104K)
[2026-03-27T23:08:06.767+0900][22.416s][info][gc,metaspace] GC(88) Metaspace: 330K(512K)->330K(512K) NonClass: 314K(384K)->314K(384K) Class: 15K(128K)->15K(128K)
[2026-03-27T23:08:06.767+0900][22.417s][info][gc          ] GC(88) Pause Young (Allocation Failure) 61M->31M(204M) 1.710ms
[2026-03-27T23:08:06.767+0900][22.417s][info][gc,cpu      ] GC(88) User=0.00s Sys=0.00s Real=0.00s
[2026-03-27T23:08:06.948+0900][22.598s][info][gc,start    ] GC(89) Pause Young (Allocation Failure)
[2026-03-27T23:08:06.948+0900][22.598s][info][gc,heap     ] GC(89) PSYoungGen: 29841K(33792K)->1632K(32768K) Eden: 29265K(29696K)->0K(29696K) From: 576K(4096K)->1632K(3072K)
[2026-03-27T23:08:06.948+0900][22.598s][info][gc,heap     ] GC(89) ParOldGen: 31326K(175104K)->31326K(175104K)
[2026-03-27T23:08:06.948+0900][22.598s][info][gc,metaspace] GC(89) Metaspace: 330K(512K)->330K(512K) NonClass: 314K(384K)->314K(384K) Class: 15K(128K)->15K(128K)
[2026-03-27T23:08:06.948+0900][22.598s][info][gc          ] GC(89) Pause Young (Allocation Failure) 59M->32M(203M) 0.755ms
[2026-03-27T23:08:06.948+0900][22.598s][info][gc,cpu      ] GC(89) User=0.00s Sys=0.00s Real=0.00s
[2026-03-27T23:08:07.141+0900][22.790s][info][gc,start    ] GC(90) Pause Young (Allocation Failure)
[2026-03-27T23:08:07.141+0900][22.791s][info][gc,heap     ] GC(90) PSYoungGen: 30897K(32768K)->64K(33280K) Eden: 29265K(29696K)->0K(29696K) From: 1632K(3072K)->64K(3584K)
[2026-03-27T23:08:07.141+0900][22.791s][info][gc,heap     ] GC(90) ParOldGen: 31326K(175104K)->31326K(175104K)
[2026-03-27T23:08:07.141+0900][22.791s][info][gc,metaspace] GC(90) Metaspace: 330K(512K)->330K(512K) NonClass: 314K(384K)->314K(384K) Class: 15K(128K)->15K(128K)
[2026-03-27T23:08:07.141+0900][22.791s][info][gc          ] GC(90) Pause Young (Allocation Failure) 60M->30M(203M) 0.652ms
[2026-03-27T23:08:07.141+0900][22.791s][info][gc,cpu      ] GC(90) User=0.00s Sys=0.00s Real=0.00s
[2026-03-27T23:08:07.316+0900][22.964s][info][gc,start    ] GC(91) Pause Young (Allocation Failure)
[2026-03-27T23:08:07.317+0900][22.965s][info][gc,heap     ] GC(91) PSYoungGen: 29329K(33280K)->1120K(33280K) Eden: 29265K(29696K)->0K(29696K) From: 64K(3584K)->1120K(3584K)
[2026-03-27T23:08:07.317+0900][22.965s][info][gc,heap     ] GC(91) ParOldGen: 31326K(175104K)->31326K(175104K)
[2026-03-27T23:08:07.317+0900][22.966s][info][gc,metaspace] GC(91) Metaspace: 330K(512K)->330K(512K) NonClass: 314K(384K)->314K(384K) Class: 15K(128K)->15K(128K)
[2026-03-27T23:08:07.317+0900][22.966s][info][gc          ] GC(91) Pause Young (Allocation Failure) 59M->31M(203M) 1.063ms
[2026-03-27T23:08:07.317+0900][22.966s][info][gc,cpu      ] GC(91) User=0.00s Sys=0.00s Real=0.00s
[2026-03-27T23:08:07.474+0900][23.123s][info][gc,start    ] GC(92) Pause Young (Allocation Failure)
[2026-03-27T23:08:07.475+0900][23.124s][info][gc,heap     ] GC(92) PSYoungGen: 30385K(33280K)->1120K(33280K) Eden: 29265K(29696K)->0K(29696K) From: 1120K(3584K)->1120K(3584K)
[2026-03-27T23:08:07.475+0900][23.124s][info][gc,heap     ] GC(92) ParOldGen: 31326K(175104K)->32358K(175104K)
[2026-03-27T23:08:07.475+0900][23.124s][info][gc,metaspace] GC(92) Metaspace: 330K(512K)->330K(512K) NonClass: 314K(384K)->314K(384K) Class: 15K(128K)->15K(128K)
[2026-03-27T23:08:07.475+0900][23.124s][info][gc          ] GC(92) Pause Young (Allocation Failure) 60M->32M(203M) 0.886ms
[2026-03-27T23:08:07.475+0900][23.124s][info][gc,cpu      ] GC(92) User=0.00s Sys=0.00s Real=0.00s
[2026-03-27T23:08:07.650+0900][23.299s][info][gc,start    ] GC(93) Pause Young (Allocation Failure)
[2026-03-27T23:08:07.651+0900][23.299s][info][gc,heap     ] GC(93) PSYoungGen: 30385K(33280K)->2176K(33280K) Eden: 29265K(29696K)->0K(29696K) From: 1120K(3584K)->2176K(3584K)
[2026-03-27T23:08:07.651+0900][23.299s][info][gc,heap     ] GC(93) ParOldGen: 32358K(175104K)->32358K(175104K)
[2026-03-27T23:08:07.651+0900][23.299s][info][gc,metaspace] GC(93) Metaspace: 330K(512K)->330K(512K) NonClass: 314K(384K)->314K(384K) Class: 15K(128K)->15K(128K)
[2026-03-27T23:08:07.651+0900][23.300s][info][gc          ] GC(93) Pause Young (Allocation Failure) 61M->33M(203M) 0.739ms
[2026-03-27T23:08:07.651+0900][23.300s][info][gc,cpu      ] GC(93) User=0.00s Sys=0.00s Real=0.00s
[2026-03-27T23:08:07.855+0900][23.503s][info][gc,start    ] GC(94) Pause Young (Allocation Failure)
[2026-03-27T23:08:07.856+0900][23.504s][info][gc,heap     ] GC(94) PSYoungGen: 31441K(33280K)->576K(33280K) Eden: 29265K(29696K)->0K(29696K) From: 2176K(3584K)->576K(3584K)
[2026-03-27T23:08:07.856+0900][23.504s][info][gc,heap     ] GC(94) ParOldGen: 32358K(175104K)->32358K(175104K)
[2026-03-27T23:08:07.856+0900][23.504s][info][gc,metaspace] GC(94) Metaspace: 330K(512K)->330K(512K) NonClass: 314K(384K)->314K(384K) Class: 15K(128K)->15K(128K)
[2026-03-27T23:08:07.856+0900][23.504s][info][gc          ] GC(94) Pause Young (Allocation Failure) 62M->32M(203M) 0.767ms
[2026-03-27T23:08:07.856+0900][23.504s][info][gc,cpu      ] GC(94) User=0.00s Sys=0.00s Real=0.00s
[2026-03-27T23:08:08.039+0900][23.688s][info][gc,start    ] GC(95) Pause Young (Allocation Failure)
[2026-03-27T23:08:08.039+0900][23.689s][info][gc,heap     ] GC(95) PSYoungGen: 29841K(33280K)->1632K(33280K) Eden: 29265K(29696K)->0K(29696K) From: 576K(3584K)->1632K(3584K)
[2026-03-27T23:08:08.039+0900][23.689s][info][gc,heap     ] GC(95) ParOldGen: 32358K(175104K)->32358K(175104K)
[2026-03-27T23:08:08.039+0900][23.689s][info][gc,metaspace] GC(95) Metaspace: 330K(512K)->330K(512K) NonClass: 314K(384K)->314K(384K) Class: 15K(128K)->15K(128K)
[2026-03-27T23:08:08.039+0900][23.690s][info][gc          ] GC(95) Pause Young (Allocation Failure) 60M->33M(203M) 1.294ms
[2026-03-27T23:08:08.039+0900][23.690s][info][gc,cpu      ] GC(95) User=0.00s Sys=0.00s Real=0.00s
[2026-03-27T23:08:08.211+0900][23.860s][info][gc,start    ] GC(96) Pause Young (Allocation Failure)
[2026-03-27T23:08:08.211+0900][23.861s][info][gc,heap     ] GC(96) PSYoungGen: 30897K(33280K)->2688K(33280K) Eden: 29265K(29696K)->0K(29696K) From: 1632K(3584K)->2688K(3584K)
[2026-03-27T23:08:08.211+0900][23.861s][info][gc,heap     ] GC(96) ParOldGen: 32358K(175104K)->32358K(175104K)
[2026-03-27T23:08:08.211+0900][23.861s][info][gc,metaspace] GC(96) Metaspace: 330K(512K)->330K(512K) NonClass: 314K(384K)->314K(384K) Class: 15K(128K)->15K(128K)
[2026-03-27T23:08:08.211+0900][23.861s][info][gc          ] GC(96) Pause Young (Allocation Failure) 61M->34M(203M) 0.671ms
[2026-03-27T23:08:08.211+0900][23.861s][info][gc,cpu      ] GC(96) User=0.00s Sys=0.00s Real=0.00s
[2026-03-27T23:08:08.408+0900][24.056s][info][gc,start    ] GC(97) Pause Young (Allocation Failure)
[2026-03-27T23:08:08.409+0900][24.057s][info][gc,heap     ] GC(97) PSYoungGen: 31953K(33280K)->32K(33280K) Eden: 29265K(29696K)->0K(29696K) From: 2688K(3584K)->32K(3584K)
[2026-03-27T23:08:08.409+0900][24.057s][info][gc,heap     ] GC(97) ParOldGen: 32358K(175104K)->33390K(175104K)
[2026-03-27T23:08:08.409+0900][24.057s][info][gc,metaspace] GC(97) Metaspace: 330K(512K)->330K(512K) NonClass: 314K(384K)->314K(384K) Class: 15K(128K)->15K(128K)
[2026-03-27T23:08:08.409+0900][24.057s][info][gc          ] GC(97) Pause Young (Allocation Failure) 62M->32M(203M) 0.982ms
[2026-03-27T23:08:08.409+0900][24.057s][info][gc,cpu      ] GC(97) User=0.00s Sys=0.00s Real=0.00s
[2026-03-27T23:08:08.578+0900][24.227s][info][gc,start    ] GC(98) Pause Young (Allocation Failure)
[2026-03-27T23:08:08.579+0900][24.228s][info][gc,heap     ] GC(98) PSYoungGen: 29297K(33280K)->1120K(33280K) Eden: 29265K(29696K)->0K(29696K) From: 32K(3584K)->1120K(3584K)
[2026-03-27T23:08:08.579+0900][24.228s][info][gc,heap     ] GC(98) ParOldGen: 33390K(175104K)->33390K(175104K)
[2026-03-27T23:08:08.579+0900][24.228s][info][gc,metaspace] GC(98) Metaspace: 330K(512K)->330K(512K) NonClass: 314K(384K)->314K(384K) Class: 15K(128K)->15K(128K)
[2026-03-27T23:08:08.579+0900][24.228s][info][gc          ] GC(98) Pause Young (Allocation Failure) 61M->33M(203M) 0.947ms
[2026-03-27T23:08:08.579+0900][24.228s][info][gc,cpu      ] GC(98) User=0.00s Sys=0.00s Real=0.00s
[2026-03-27T23:08:08.767+0900][24.415s][info][gc,start    ] GC(99) Pause Young (Allocation Failure)
[2026-03-27T23:08:08.767+0900][24.416s][info][gc,heap     ] GC(99) PSYoungGen: 30385K(33280K)->2176K(33280K) Eden: 29265K(29696K)->0K(29696K) From: 1120K(3584K)->2176K(3584K)
[2026-03-27T23:08:08.767+0900][24.416s][info][gc,heap     ] GC(99) ParOldGen: 33390K(175104K)->33390K(175104K)
[2026-03-27T23:08:08.767+0900][24.416s][info][gc,metaspace] GC(99) Metaspace: 330K(512K)->330K(512K) NonClass: 314K(384K)->314K(384K) Class: 15K(128K)->15K(128K)
[2026-03-27T23:08:08.767+0900][24.416s][info][gc          ] GC(99) Pause Young (Allocation Failure) 62M->34M(203M) 0.828ms
[2026-03-27T23:08:08.767+0900][24.416s][info][gc,cpu      ] GC(99) User=0.00s Sys=0.00s Real=0.00s
[2026-03-27T23:08:08.887+0900][24.535s][info][gc,heap,exit] Heap
[2026-03-27T23:08:08.887+0900][24.535s][info][gc,heap,exit]  PSYoungGen      total 33280K, used 17542K [0x00000000f5580000, 0x00000000f7980000, 0x0000000100000000)
[2026-03-27T23:08:08.887+0900][24.535s][info][gc,heap,exit]   eden space 29696K, 51% used [0x00000000f5580000,0x00000000f6481a48,0x00000000f7280000)
[2026-03-27T23:08:08.887+0900][24.536s][info][gc,heap,exit]   from space 3584K, 60% used [0x00000000f7600000,0x00000000f7820040,0x00000000f7980000)
[2026-03-27T23:08:08.887+0900][24.536s][info][gc,heap,exit]   to   space 3584K, 0% used [0x00000000f7280000,0x00000000f7280000,0x00000000f7600000)
[2026-03-27T23:08:08.887+0900][24.536s][info][gc,heap,exit]  ParOldGen       total 175104K, used 33390K [0x00000000e0000000, 0x00000000eab00000, 0x00000000f5580000)
[2026-03-27T23:08:08.887+0900][24.536s][info][gc,heap,exit]   object space 175104K, 19% used [0x00000000e0000000,0x00000000e209b890,0x00000000eab00000)
[2026-03-27T23:08:08.887+0900][24.536s][info][gc,heap,exit]  Metaspace       used 367K, committed 512K, reserved 1114112K
[2026-03-27T23:08:08.887+0900][24.536s][info][gc,heap,exit]   class space    used 18K, committed 128K, reserved 1048576K
