[2026-03-26T16:52:03.389+0900][0.022s][info][gc,init] CardTable entry size: 512
[2026-03-26T16:52:03.389+0900][0.022s][info][gc     ] Using G1
[2026-03-26T16:52:03.393+0900][0.026s][info][gc,init] Version: 21.0.2+13-LTS-58 (release)
[2026-03-26T16:52:03.393+0900][0.026s][info][gc,init] CPUs: 16 total, 16 available
[2026-03-26T16:52:03.393+0900][0.026s][info][gc,init] Memory: 15943M
[2026-03-26T16:52:03.393+0900][0.026s][info][gc,init] Large Page Support: Disabled
[2026-03-26T16:52:03.393+0900][0.026s][info][gc,init] NUMA Support: Disabled
[2026-03-26T16:52:03.393+0900][0.026s][info][gc,init] Compressed Oops: Enabled (32-bit)
[2026-03-26T16:52:03.403+0900][0.036s][info][gc,init] Heap Region Size: 1M
[2026-03-26T16:52:03.403+0900][0.036s][info][gc,init] Heap Min Capacity: 256M
[2026-03-26T16:52:03.403+0900][0.036s][info][gc,init] Heap Initial Capacity: 256M
[2026-03-26T16:52:03.403+0900][0.036s][info][gc,init] Heap Max Capacity: 512M
[2026-03-26T16:52:03.403+0900][0.036s][info][gc,init] Pre-touch: Disabled
[2026-03-26T16:52:03.403+0900][0.036s][info][gc,init] Parallel Workers: 13
[2026-03-26T16:52:03.403+0900][0.036s][info][gc,init] Concurrent Workers: 3
[2026-03-26T16:52:03.403+0900][0.036s][info][gc,init] Concurrent Refinement Workers: 13
[2026-03-26T16:52:03.403+0900][0.036s][info][gc,init] Periodic GC: Disabled
[2026-03-26T16:52:03.421+0900][0.054s][info][gc,metaspace] CDS archive(s) mapped at: [0x0000022700000000-0x0000022700c90000-0x0000022700c90000), size 13172736, SharedBaseAddress: 0x0000022700000000, ArchiveRelocationMode: 1.
[2026-03-26T16:52:03.421+0900][0.054s][info][gc,metaspace] Compressed class space mapped at: 0x0000022701000000-0x0000022741000000, reserved size: 1073741824
[2026-03-26T16:52:03.421+0900][0.054s][info][gc,metaspace] Narrow klass base: 0x0000022700000000, Narrow klass shift: 0, Narrow klass range: 0x100000000
[2026-03-26T16:52:04.394+0900][1.027s][info][gc,start    ] GC(0) Pause Young (Normal) (G1 Evacuation Pause)
[2026-03-26T16:52:04.395+0900][1.029s][info][gc,task     ] GC(0) Using 6 workers of 13 for evacuation
[2026-03-26T16:52:04.401+0900][1.033s][info][gc,phases   ] GC(0)   Pre Evacuate Collection Set: 0.3ms
[2026-03-26T16:52:04.401+0900][1.034s][info][gc,phases   ] GC(0)   Merge Heap Roots: 0.2ms
[2026-03-26T16:52:04.401+0900][1.034s][info][gc,phases   ] GC(0)   Evacuate Collection Set: 3.0ms
[2026-03-26T16:52:04.401+0900][1.034s][info][gc,phases   ] GC(0)   Post Evacuate Collection Set: 0.8ms
[2026-03-26T16:52:04.401+0900][1.034s][info][gc,phases   ] GC(0)   Other: 1.5ms
[2026-03-26T16:52:04.401+0900][1.034s][info][gc,heap     ] GC(0) Eden regions: 23->0(35)
[2026-03-26T16:52:04.401+0900][1.034s][info][gc,heap     ] GC(0) Survivor regions: 0->2(3)
[2026-03-26T16:52:04.401+0900][1.034s][info][gc,heap     ] GC(0) Old regions: 0->0
[2026-03-26T16:52:04.401+0900][1.034s][info][gc,heap     ] GC(0) Humongous regions: 81->3
[2026-03-26T16:52:04.401+0900][1.034s][info][gc,metaspace] GC(0) Metaspace: 542K(704K)->542K(704K) NonClass: 503K(576K)->503K(576K) Class: 38K(128K)->38K(128K)
[2026-03-26T16:52:04.401+0900][1.034s][info][gc          ] GC(0) Pause Young (Normal) (G1 Evacuation Pause) 103M->4M(256M) 6.856ms
[2026-03-26T16:52:04.401+0900][1.034s][info][gc,cpu      ] GC(0) User=0.00s Sys=0.02s Real=0.01s
[2026-03-26T16:52:05.564+0900][2.198s][info][gc,start    ] GC(1) Pause Young (Concurrent Start) (G1 Humongous Allocation)
[2026-03-26T16:52:05.565+0900][2.198s][info][gc,task     ] GC(1) Using 6 workers of 13 for evacuation
[2026-03-26T16:52:05.570+0900][2.203s][info][gc,phases   ] GC(1)   Pre Evacuate Collection Set: 0.7ms
[2026-03-26T16:52:05.570+0900][2.203s][info][gc,phases   ] GC(1)   Merge Heap Roots: 0.1ms
[2026-03-26T16:52:05.570+0900][2.203s][info][gc,phases   ] GC(1)   Evacuate Collection Set: 2.7ms
[2026-03-26T16:52:05.570+0900][2.203s][info][gc,phases   ] GC(1)   Post Evacuate Collection Set: 1.4ms
[2026-03-26T16:52:05.570+0900][2.204s][info][gc,phases   ] GC(1)   Other: 0.3ms
[2026-03-26T16:52:05.570+0900][2.204s][info][gc,heap     ] GC(1) Eden regions: 28->0(150)
[2026-03-26T16:52:05.570+0900][2.204s][info][gc,heap     ] GC(1) Survivor regions: 2->3(5)
[2026-03-26T16:52:05.571+0900][2.204s][info][gc,heap     ] GC(1) Old regions: 0->0
[2026-03-26T16:52:05.571+0900][2.204s][info][gc,heap     ] GC(1) Humongous regions: 115->7
[2026-03-26T16:52:05.571+0900][2.204s][info][gc,metaspace] GC(1) Metaspace: 548K(704K)->548K(704K) NonClass: 510K(576K)->510K(576K) Class: 38K(128K)->38K(128K)
[2026-03-26T16:52:05.571+0900][2.204s][info][gc          ] GC(1) Pause Young (Concurrent Start) (G1 Humongous Allocation) 144M->9M(256M) 6.502ms
[2026-03-26T16:52:05.571+0900][2.204s][info][gc,cpu      ] GC(1) User=0.05s Sys=0.02s Real=0.01s
[2026-03-26T16:52:05.571+0900][2.204s][info][gc          ] GC(2) Concurrent Undo Cycle
[2026-03-26T16:52:05.571+0900][2.205s][info][gc,marking  ] GC(2) Concurrent Clear Claimed Marks
[2026-03-26T16:52:05.572+0900][2.205s][info][gc,marking  ] GC(2) Concurrent Clear Claimed Marks 0.086ms
[2026-03-26T16:52:05.572+0900][2.205s][info][gc,marking  ] GC(2) Concurrent Cleanup for Next Mark
[2026-03-26T16:52:05.572+0900][2.205s][info][gc,marking  ] GC(2) Concurrent Cleanup for Next Mark 0.269ms
[2026-03-26T16:52:05.572+0900][2.205s][info][gc          ] GC(2) Concurrent Undo Cycle 0.971ms
[2026-03-26T16:52:06.633+0900][3.267s][info][gc,start    ] GC(3) Pause Young (Concurrent Start) (G1 Humongous Allocation)
[2026-03-26T16:52:06.633+0900][3.267s][info][gc,task     ] GC(3) Using 6 workers of 13 for evacuation
[2026-03-26T16:52:06.637+0900][3.270s][info][gc,phases   ] GC(3)   Pre Evacuate Collection Set: 0.2ms
[2026-03-26T16:52:06.637+0900][3.270s][info][gc,phases   ] GC(3)   Merge Heap Roots: 0.1ms
[2026-03-26T16:52:06.637+0900][3.270s][info][gc,phases   ] GC(3)   Evacuate Collection Set: 1.6ms
[2026-03-26T16:52:06.637+0900][3.270s][info][gc,phases   ] GC(3)   Post Evacuate Collection Set: 1.1ms
[2026-03-26T16:52:06.637+0900][3.271s][info][gc,phases   ] GC(3)   Other: 0.2ms
[2026-03-26T16:52:06.637+0900][3.271s][info][gc,heap     ] GC(3) Eden regions: 27->0(151)
[2026-03-26T16:52:06.637+0900][3.271s][info][gc,heap     ] GC(3) Survivor regions: 3->2(20)
[2026-03-26T16:52:06.637+0900][3.271s][info][gc,heap     ] GC(3) Old regions: 0->0
[2026-03-26T16:52:06.637+0900][3.271s][info][gc,heap     ] GC(3) Humongous regions: 115->10
[2026-03-26T16:52:06.637+0900][3.271s][info][gc,metaspace] GC(3) Metaspace: 562K(768K)->562K(768K) NonClass: 523K(640K)->523K(640K) Class: 38K(128K)->38K(128K)
[2026-03-26T16:52:06.637+0900][3.271s][info][gc          ] GC(3) Pause Young (Concurrent Start) (G1 Humongous Allocation) 143M->11M(256M) 3.783ms
[2026-03-26T16:52:06.637+0900][3.271s][info][gc,cpu      ] GC(3) User=0.00s Sys=0.00s Real=0.00s
[2026-03-26T16:52:06.637+0900][3.271s][info][gc          ] GC(4) Concurrent Undo Cycle
[2026-03-26T16:52:06.637+0900][3.271s][info][gc,marking  ] GC(4) Concurrent Clear Claimed Marks
[2026-03-26T16:52:06.637+0900][3.271s][info][gc,marking  ] GC(4) Concurrent Clear Claimed Marks 0.070ms
[2026-03-26T16:52:06.637+0900][3.271s][info][gc,marking  ] GC(4) Concurrent Cleanup for Next Mark
[2026-03-26T16:52:06.638+0900][3.271s][info][gc,marking  ] GC(4) Concurrent Cleanup for Next Mark 0.128ms
[2026-03-26T16:52:06.638+0900][3.271s][info][gc          ] GC(4) Concurrent Undo Cycle 0.549ms
[2026-03-26T16:52:07.647+0900][4.280s][info][gc,start    ] GC(5) Pause Young (Concurrent Start) (G1 Humongous Allocation)
[2026-03-26T16:52:07.647+0900][4.281s][info][gc,task     ] GC(5) Using 6 workers of 13 for evacuation
[2026-03-26T16:52:07.652+0900][4.285s][info][gc,phases   ] GC(5)   Pre Evacuate Collection Set: 0.6ms
[2026-03-26T16:52:07.652+0900][4.285s][info][gc,phases   ] GC(5)   Merge Heap Roots: 0.4ms
[2026-03-26T16:52:07.652+0900][4.285s][info][gc,phases   ] GC(5)   Evacuate Collection Set: 2.0ms
[2026-03-26T16:52:07.652+0900][4.285s][info][gc,phases   ] GC(5)   Post Evacuate Collection Set: 1.1ms
[2026-03-26T16:52:07.652+0900][4.286s][info][gc,phases   ] GC(5)   Other: 0.4ms
[2026-03-26T16:52:07.652+0900][4.286s][info][gc,heap     ] GC(5) Eden regions: 25->0(151)
[2026-03-26T16:52:07.652+0900][4.286s][info][gc,heap     ] GC(5) Survivor regions: 2->2(20)
[2026-03-26T16:52:07.652+0900][4.286s][info][gc,heap     ] GC(5) Old regions: 0->0
[2026-03-26T16:52:07.652+0900][4.286s][info][gc,heap     ] GC(5) Humongous regions: 115->16
[2026-03-26T16:52:07.653+0900][4.286s][info][gc,metaspace] GC(5) Metaspace: 569K(768K)->569K(768K) NonClass: 531K(640K)->531K(640K) Class: 38K(128K)->38K(128K)
[2026-03-26T16:52:07.653+0900][4.286s][info][gc          ] GC(5) Pause Young (Concurrent Start) (G1 Humongous Allocation) 141M->17M(256M) 5.512ms
[2026-03-26T16:52:07.653+0900][4.286s][info][gc,cpu      ] GC(5) User=0.00s Sys=0.00s Real=0.01s
[2026-03-26T16:52:07.653+0900][4.286s][info][gc          ] GC(6) Concurrent Undo Cycle
[2026-03-26T16:52:07.653+0900][4.286s][info][gc,marking  ] GC(6) Concurrent Clear Claimed Marks
[2026-03-26T16:52:07.653+0900][4.286s][info][gc,marking  ] GC(6) Concurrent Clear Claimed Marks 0.059ms
[2026-03-26T16:52:07.653+0900][4.286s][info][gc,marking  ] GC(6) Concurrent Cleanup for Next Mark
[2026-03-26T16:52:07.653+0900][4.286s][info][gc,marking  ] GC(6) Concurrent Cleanup for Next Mark 0.155ms
[2026-03-26T16:52:07.653+0900][4.286s][info][gc          ] GC(6) Concurrent Undo Cycle 0.510ms
[2026-03-26T16:52:08.667+0900][5.300s][info][gc,start    ] GC(7) Pause Young (Concurrent Start) (G1 Humongous Allocation)
[2026-03-26T16:52:08.667+0900][5.300s][info][gc,task     ] GC(7) Using 6 workers of 13 for evacuation
[2026-03-26T16:52:08.672+0900][5.306s][info][gc,phases   ] GC(7)   Pre Evacuate Collection Set: 0.6ms
[2026-03-26T16:52:08.673+0900][5.306s][info][gc,phases   ] GC(7)   Merge Heap Roots: 0.1ms
[2026-03-26T16:52:08.673+0900][5.306s][info][gc,phases   ] GC(7)   Evacuate Collection Set: 2.8ms
[2026-03-26T16:52:08.673+0900][5.306s][info][gc,phases   ] GC(7)   Post Evacuate Collection Set: 1.4ms
[2026-03-26T16:52:08.673+0900][5.306s][info][gc,phases   ] GC(7)   Other: 0.4ms
[2026-03-26T16:52:08.673+0900][5.306s][info][gc,heap     ] GC(7) Eden regions: 25->0(151)
[2026-03-26T16:52:08.673+0900][5.306s][info][gc,heap     ] GC(7) Survivor regions: 2->2(20)
[2026-03-26T16:52:08.673+0900][5.306s][info][gc,heap     ] GC(7) Old regions: 0->0
[2026-03-26T16:52:08.673+0900][5.306s][info][gc,heap     ] GC(7) Humongous regions: 116->17
[2026-03-26T16:52:08.673+0900][5.306s][info][gc,metaspace] GC(7) Metaspace: 569K(768K)->569K(768K) NonClass: 531K(640K)->531K(640K) Class: 38K(128K)->38K(128K)
[2026-03-26T16:52:08.673+0900][5.306s][info][gc          ] GC(7) Pause Young (Concurrent Start) (G1 Humongous Allocation) 142M->18M(256M) 6.309ms
[2026-03-26T16:52:08.673+0900][5.306s][info][gc,cpu      ] GC(7) User=0.00s Sys=0.00s Real=0.01s
[2026-03-26T16:52:08.673+0900][5.306s][info][gc          ] GC(8) Concurrent Undo Cycle
[2026-03-26T16:52:08.673+0900][5.306s][info][gc,marking  ] GC(8) Concurrent Clear Claimed Marks
[2026-03-26T16:52:08.673+0900][5.307s][info][gc,marking  ] GC(8) Concurrent Clear Claimed Marks 0.035ms
[2026-03-26T16:52:08.673+0900][5.307s][info][gc,marking  ] GC(8) Concurrent Cleanup for Next Mark
[2026-03-26T16:52:08.674+0900][5.307s][info][gc,marking  ] GC(8) Concurrent Cleanup for Next Mark 0.103ms
[2026-03-26T16:52:08.674+0900][5.307s][info][gc          ] GC(8) Concurrent Undo Cycle 0.384ms
[2026-03-26T16:52:09.652+0900][6.286s][info][gc,start    ] GC(9) Pause Young (Concurrent Start) (G1 Humongous Allocation)
[2026-03-26T16:52:09.652+0900][6.286s][info][gc,task     ] GC(9) Using 6 workers of 13 for evacuation
[2026-03-26T16:52:09.658+0900][6.290s][info][gc,phases   ] GC(9)   Pre Evacuate Collection Set: 0.3ms
[2026-03-26T16:52:09.658+0900][6.291s][info][gc,phases   ] GC(9)   Merge Heap Roots: 0.3ms
[2026-03-26T16:52:09.658+0900][6.291s][info][gc,phases   ] GC(9)   Evacuate Collection Set: 2.1ms
[2026-03-26T16:52:09.658+0900][6.291s][info][gc,phases   ] GC(9)   Post Evacuate Collection Set: 1.2ms
[2026-03-26T16:52:09.658+0900][6.291s][info][gc,phases   ] GC(9)   Other: 0.6ms
[2026-03-26T16:52:09.658+0900][6.291s][info][gc,heap     ] GC(9) Eden regions: 25->0(151)
[2026-03-26T16:52:09.658+0900][6.291s][info][gc,heap     ] GC(9) Survivor regions: 2->2(20)
[2026-03-26T16:52:09.658+0900][6.291s][info][gc,heap     ] GC(9) Old regions: 0->0
[2026-03-26T16:52:09.658+0900][6.291s][info][gc,heap     ] GC(9) Humongous regions: 116->20
[2026-03-26T16:52:09.658+0900][6.291s][info][gc,metaspace] GC(9) Metaspace: 569K(768K)->569K(768K) NonClass: 531K(640K)->531K(640K) Class: 38K(128K)->38K(128K)
[2026-03-26T16:52:09.658+0900][6.291s][info][gc          ] GC(9) Pause Young (Concurrent Start) (G1 Humongous Allocation) 141M->22M(256M) 5.311ms
[2026-03-26T16:52:09.658+0900][6.291s][info][gc,cpu      ] GC(9) User=0.00s Sys=0.00s Real=0.01s
[2026-03-26T16:52:09.658+0900][6.291s][info][gc          ] GC(10) Concurrent Undo Cycle
[2026-03-26T16:52:09.658+0900][6.291s][info][gc,marking  ] GC(10) Concurrent Clear Claimed Marks
[2026-03-26T16:52:09.658+0900][6.291s][info][gc,marking  ] GC(10) Concurrent Clear Claimed Marks 0.032ms
[2026-03-26T16:52:09.658+0900][6.291s][info][gc,marking  ] GC(10) Concurrent Cleanup for Next Mark
[2026-03-26T16:52:09.659+0900][6.291s][info][gc,marking  ] GC(10) Concurrent Cleanup for Next Mark 0.139ms
[2026-03-26T16:52:09.659+0900][6.292s][info][gc          ] GC(10) Concurrent Undo Cycle 0.582ms
[2026-03-26T16:52:10.606+0900][7.239s][info][gc,start    ] GC(11) Pause Young (Concurrent Start) (G1 Humongous Allocation)
[2026-03-26T16:52:10.607+0900][7.240s][info][gc,task     ] GC(11) Using 6 workers of 13 for evacuation
[2026-03-26T16:52:10.611+0900][7.244s][info][gc,phases   ] GC(11)   Pre Evacuate Collection Set: 0.7ms
[2026-03-26T16:52:10.611+0900][7.245s][info][gc,phases   ] GC(11)   Merge Heap Roots: 0.1ms
[2026-03-26T16:52:10.611+0900][7.245s][info][gc,phases   ] GC(11)   Evacuate Collection Set: 2.1ms
[2026-03-26T16:52:10.612+0900][7.245s][info][gc,phases   ] GC(11)   Post Evacuate Collection Set: 1.2ms
[2026-03-26T16:52:10.612+0900][7.245s][info][gc,phases   ] GC(11)   Other: 0.4ms
[2026-03-26T16:52:10.612+0900][7.245s][info][gc,heap     ] GC(11) Eden regions: 24->0(151)
[2026-03-26T16:52:10.612+0900][7.245s][info][gc,heap     ] GC(11) Survivor regions: 2->2(20)
[2026-03-26T16:52:10.612+0900][7.245s][info][gc,heap     ] GC(11) Old regions: 0->0
[2026-03-26T16:52:10.612+0900][7.245s][info][gc,heap     ] GC(11) Humongous regions: 116->23
[2026-03-26T16:52:10.612+0900][7.245s][info][gc,metaspace] GC(11) Metaspace: 569K(768K)->569K(768K) NonClass: 531K(640K)->531K(640K) Class: 38K(128K)->38K(128K)
[2026-03-26T16:52:10.612+0900][7.245s][info][gc          ] GC(11) Pause Young (Concurrent Start) (G1 Humongous Allocation) 141M->24M(256M) 5.485ms
[2026-03-26T16:52:10.612+0900][7.245s][info][gc,cpu      ] GC(11) User=0.00s Sys=0.00s Real=0.01s
[2026-03-26T16:52:10.612+0900][7.245s][info][gc          ] GC(12) Concurrent Undo Cycle
[2026-03-26T16:52:10.612+0900][7.245s][info][gc,marking  ] GC(12) Concurrent Clear Claimed Marks
[2026-03-26T16:52:10.612+0900][7.245s][info][gc,marking  ] GC(12) Concurrent Clear Claimed Marks 0.043ms
[2026-03-26T16:52:10.612+0900][7.245s][info][gc,marking  ] GC(12) Concurrent Cleanup for Next Mark
[2026-03-26T16:52:10.613+0900][7.246s][info][gc,marking  ] GC(12) Concurrent Cleanup for Next Mark 0.231ms
[2026-03-26T16:52:10.613+0900][7.246s][info][gc          ] GC(12) Concurrent Undo Cycle 0.733ms
[2026-03-26T16:52:11.527+0900][8.161s][info][gc,start    ] GC(13) Pause Young (Concurrent Start) (G1 Humongous Allocation)
[2026-03-26T16:52:11.527+0900][8.161s][info][gc,task     ] GC(13) Using 6 workers of 13 for evacuation
[2026-03-26T16:52:11.532+0900][8.166s][info][gc,phases   ] GC(13)   Pre Evacuate Collection Set: 0.4ms
[2026-03-26T16:52:11.532+0900][8.166s][info][gc,phases   ] GC(13)   Merge Heap Roots: 0.2ms
[2026-03-26T16:52:11.532+0900][8.166s][info][gc,phases   ] GC(13)   Evacuate Collection Set: 2.0ms
[2026-03-26T16:52:11.532+0900][8.166s][info][gc,phases   ] GC(13)   Post Evacuate Collection Set: 1.6ms
[2026-03-26T16:52:11.532+0900][8.166s][info][gc,phases   ] GC(13)   Other: 0.4ms
[2026-03-26T16:52:11.533+0900][8.166s][info][gc,heap     ] GC(13) Eden regions: 23->0(151)
[2026-03-26T16:52:11.533+0900][8.166s][info][gc,heap     ] GC(13) Survivor regions: 2->2(20)
[2026-03-26T16:52:11.533+0900][8.166s][info][gc,heap     ] GC(13) Old regions: 0->0
[2026-03-26T16:52:11.533+0900][8.166s][info][gc,heap     ] GC(13) Humongous regions: 116->26
[2026-03-26T16:52:11.533+0900][8.166s][info][gc,metaspace] GC(13) Metaspace: 573K(768K)->573K(768K) NonClass: 534K(640K)->534K(640K) Class: 38K(128K)->38K(128K)
[2026-03-26T16:52:11.533+0900][8.166s][info][gc          ] GC(13) Pause Young (Concurrent Start) (G1 Humongous Allocation) 140M->27M(256M) 5.697ms
[2026-03-26T16:52:11.533+0900][8.167s][info][gc,cpu      ] GC(13) User=0.00s Sys=0.00s Real=0.01s
[2026-03-26T16:52:11.533+0900][8.167s][info][gc          ] GC(14) Concurrent Undo Cycle
[2026-03-26T16:52:11.533+0900][8.167s][info][gc,marking  ] GC(14) Concurrent Clear Claimed Marks
[2026-03-26T16:52:11.533+0900][8.167s][info][gc,marking  ] GC(14) Concurrent Clear Claimed Marks 0.036ms
[2026-03-26T16:52:11.533+0900][8.167s][info][gc,marking  ] GC(14) Concurrent Cleanup for Next Mark
[2026-03-26T16:52:11.533+0900][8.167s][info][gc,marking  ] GC(14) Concurrent Cleanup for Next Mark 0.112ms
[2026-03-26T16:52:11.533+0900][8.167s][info][gc          ] GC(14) Concurrent Undo Cycle 0.408ms
[2026-03-26T16:52:12.414+0900][9.048s][info][gc,start    ] GC(15) Pause Young (Concurrent Start) (G1 Humongous Allocation)
[2026-03-26T16:52:12.414+0900][9.048s][info][gc,task     ] GC(15) Using 6 workers of 13 for evacuation
[2026-03-26T16:52:12.417+0900][9.051s][info][gc,phases   ] GC(15)   Pre Evacuate Collection Set: 0.3ms
[2026-03-26T16:52:12.417+0900][9.051s][info][gc,phases   ] GC(15)   Merge Heap Roots: 0.1ms
[2026-03-26T16:52:12.417+0900][9.051s][info][gc,phases   ] GC(15)   Evacuate Collection Set: 1.9ms
[2026-03-26T16:52:12.417+0900][9.051s][info][gc,phases   ] GC(15)   Post Evacuate Collection Set: 0.6ms
[2026-03-26T16:52:12.417+0900][9.051s][info][gc,phases   ] GC(15)   Other: 0.3ms
[2026-03-26T16:52:12.418+0900][9.051s][info][gc,heap     ] GC(15) Eden regions: 22->0(151)
[2026-03-26T16:52:12.418+0900][9.051s][info][gc,heap     ] GC(15) Survivor regions: 2->2(20)
[2026-03-26T16:52:12.418+0900][9.051s][info][gc,heap     ] GC(15) Old regions: 0->0
[2026-03-26T16:52:12.418+0900][9.051s][info][gc,heap     ] GC(15) Humongous regions: 116->29
[2026-03-26T16:52:12.418+0900][9.051s][info][gc,metaspace] GC(15) Metaspace: 573K(768K)->573K(768K) NonClass: 534K(640K)->534K(640K) Class: 38K(128K)->38K(128K)
[2026-03-26T16:52:12.418+0900][9.051s][info][gc          ] GC(15) Pause Young (Concurrent Start) (G1 Humongous Allocation) 139M->30M(256M) 3.829ms
[2026-03-26T16:52:12.418+0900][9.052s][info][gc,cpu      ] GC(15) User=0.00s Sys=0.00s Real=0.00s
[2026-03-26T16:52:12.418+0900][9.052s][info][gc          ] GC(16) Concurrent Undo Cycle
[2026-03-26T16:52:12.418+0900][9.052s][info][gc,marking  ] GC(16) Concurrent Clear Claimed Marks
[2026-03-26T16:52:12.418+0900][9.052s][info][gc,marking  ] GC(16) Concurrent Clear Claimed Marks 0.032ms
[2026-03-26T16:52:12.418+0900][9.052s][info][gc,marking  ] GC(16) Concurrent Cleanup for Next Mark
[2026-03-26T16:52:12.419+0900][9.052s][info][gc,marking  ] GC(16) Concurrent Cleanup for Next Mark 0.253ms
[2026-03-26T16:52:12.419+0900][9.052s][info][gc          ] GC(16) Concurrent Undo Cycle 0.586ms
[2026-03-26T16:52:13.277+0900][9.911s][info][gc,start    ] GC(17) Pause Young (Concurrent Start) (G1 Humongous Allocation)
[2026-03-26T16:52:13.278+0900][9.911s][info][gc,task     ] GC(17) Using 6 workers of 13 for evacuation
[2026-03-26T16:52:13.282+0900][9.915s][info][gc,phases   ] GC(17)   Pre Evacuate Collection Set: 0.3ms
[2026-03-26T16:52:13.282+0900][9.916s][info][gc,phases   ] GC(17)   Merge Heap Roots: 0.1ms
[2026-03-26T16:52:13.282+0900][9.916s][info][gc,phases   ] GC(17)   Evacuate Collection Set: 2.1ms
[2026-03-26T16:52:13.282+0900][9.916s][info][gc,phases   ] GC(17)   Post Evacuate Collection Set: 1.4ms
[2026-03-26T16:52:13.282+0900][9.916s][info][gc,phases   ] GC(17)   Other: 0.2ms
[2026-03-26T16:52:13.282+0900][9.916s][info][gc,heap     ] GC(17) Eden regions: 22->0(150)
[2026-03-26T16:52:13.282+0900][9.916s][info][gc,heap     ] GC(17) Survivor regions: 2->3(20)
[2026-03-26T16:52:13.282+0900][9.916s][info][gc,heap     ] GC(17) Old regions: 0->0
[2026-03-26T16:52:13.282+0900][9.916s][info][gc,heap     ] GC(17) Humongous regions: 116->32
[2026-03-26T16:52:13.282+0900][9.916s][info][gc,metaspace] GC(17) Metaspace: 575K(768K)->575K(768K) NonClass: 536K(640K)->536K(640K) Class: 38K(128K)->38K(128K)
[2026-03-26T16:52:13.282+0900][9.916s][info][gc          ] GC(17) Pause Young (Concurrent Start) (G1 Humongous Allocation) 138M->34M(256M) 4.882ms
[2026-03-26T16:52:13.282+0900][9.916s][info][gc,cpu      ] GC(17) User=0.00s Sys=0.00s Real=0.01s
[2026-03-26T16:52:13.282+0900][9.916s][info][gc          ] GC(18) Concurrent Undo Cycle
[2026-03-26T16:52:13.282+0900][9.916s][info][gc,marking  ] GC(18) Concurrent Clear Claimed Marks
[2026-03-26T16:52:13.282+0900][9.916s][info][gc,marking  ] GC(18) Concurrent Clear Claimed Marks 0.042ms
[2026-03-26T16:52:13.283+0900][9.916s][info][gc,marking  ] GC(18) Concurrent Cleanup for Next Mark
[2026-03-26T16:52:13.283+0900][9.916s][info][gc,marking  ] GC(18) Concurrent Cleanup for Next Mark 0.218ms
[2026-03-26T16:52:13.283+0900][9.917s][info][gc          ] GC(18) Concurrent Undo Cycle 0.650ms
[2026-03-26T16:52:14.105+0900][10.739s][info][gc,start    ] GC(19) Pause Young (Concurrent Start) (G1 Humongous Allocation)
[2026-03-26T16:52:14.105+0900][10.739s][info][gc,task     ] GC(19) Using 6 workers of 13 for evacuation
[2026-03-26T16:52:14.110+0900][10.743s][info][gc,phases   ] GC(19)   Pre Evacuate Collection Set: 0.3ms
[2026-03-26T16:52:14.110+0900][10.743s][info][gc,phases   ] GC(19)   Merge Heap Roots: 0.2ms
[2026-03-26T16:52:14.110+0900][10.743s][info][gc,phases   ] GC(19)   Evacuate Collection Set: 2.2ms
[2026-03-26T16:52:14.110+0900][10.743s][info][gc,phases   ] GC(19)   Post Evacuate Collection Set: 1.2ms
[2026-03-26T16:52:14.110+0900][10.743s][info][gc,phases   ] GC(19)   Other: 0.4ms
[2026-03-26T16:52:14.110+0900][10.744s][info][gc,heap     ] GC(19) Eden regions: 21->0(151)
[2026-03-26T16:52:14.110+0900][10.744s][info][gc,heap     ] GC(19) Survivor regions: 3->2(20)
[2026-03-26T16:52:14.110+0900][10.744s][info][gc,heap     ] GC(19) Old regions: 0->0
[2026-03-26T16:52:14.110+0900][10.744s][info][gc,heap     ] GC(19) Humongous regions: 115->34
[2026-03-26T16:52:14.110+0900][10.744s][info][gc,metaspace] GC(19) Metaspace: 575K(768K)->575K(768K) NonClass: 536K(640K)->536K(640K) Class: 38K(128K)->38K(128K)
[2026-03-26T16:52:14.110+0900][10.744s][info][gc          ] GC(19) Pause Young (Concurrent Start) (G1 Humongous Allocation) 137M->35M(256M) 5.150ms
[2026-03-26T16:52:14.110+0900][10.744s][info][gc,cpu      ] GC(19) User=0.00s Sys=0.00s Real=0.00s
[2026-03-26T16:52:14.110+0900][10.744s][info][gc          ] GC(20) Concurrent Undo Cycle
[2026-03-26T16:52:14.111+0900][10.744s][info][gc,marking  ] GC(20) Concurrent Clear Claimed Marks
[2026-03-26T16:52:14.111+0900][10.744s][info][gc,marking  ] GC(20) Concurrent Clear Claimed Marks 0.038ms
[2026-03-26T16:52:14.111+0900][10.744s][info][gc,marking  ] GC(20) Concurrent Cleanup for Next Mark
[2026-03-26T16:52:14.111+0900][10.744s][info][gc,marking  ] GC(20) Concurrent Cleanup for Next Mark 0.103ms
[2026-03-26T16:52:14.111+0900][10.744s][info][gc          ] GC(20) Concurrent Undo Cycle 0.526ms
[2026-03-26T16:52:14.911+0900][11.544s][info][gc,start    ] GC(21) Pause Young (Concurrent Start) (G1 Humongous Allocation)
[2026-03-26T16:52:14.911+0900][11.544s][info][gc,task     ] GC(21) Using 6 workers of 13 for evacuation
[2026-03-26T16:52:14.915+0900][11.548s][info][gc,phases   ] GC(21)   Pre Evacuate Collection Set: 0.5ms
[2026-03-26T16:52:14.915+0900][11.549s][info][gc,phases   ] GC(21)   Merge Heap Roots: 0.1ms
[2026-03-26T16:52:14.915+0900][11.549s][info][gc,phases   ] GC(21)   Evacuate Collection Set: 1.9ms
[2026-03-26T16:52:14.915+0900][11.549s][info][gc,phases   ] GC(21)   Post Evacuate Collection Set: 1.2ms
[2026-03-26T16:52:14.915+0900][11.549s][info][gc,phases   ] GC(21)   Other: 0.3ms
[2026-03-26T16:52:14.915+0900][11.549s][info][gc,heap     ] GC(21) Eden regions: 20->0(151)
[2026-03-26T16:52:14.915+0900][11.549s][info][gc,heap     ] GC(21) Survivor regions: 2->2(20)
[2026-03-26T16:52:14.915+0900][11.549s][info][gc,heap     ] GC(21) Old regions: 0->0
[2026-03-26T16:52:14.915+0900][11.549s][info][gc,heap     ] GC(21) Humongous regions: 115->37
[2026-03-26T16:52:14.915+0900][11.549s][info][gc,metaspace] GC(21) Metaspace: 575K(768K)->575K(768K) NonClass: 537K(640K)->537K(640K) Class: 38K(128K)->38K(128K)
[2026-03-26T16:52:14.915+0900][11.549s][info][gc          ] GC(21) Pause Young (Concurrent Start) (G1 Humongous Allocation) 136M->38M(256M) 5.171ms
[2026-03-26T16:52:14.915+0900][11.549s][info][gc,cpu      ] GC(21) User=0.00s Sys=0.00s Real=0.00s
[2026-03-26T16:52:14.915+0900][11.549s][info][gc          ] GC(22) Concurrent Undo Cycle
[2026-03-26T16:52:14.917+0900][11.549s][info][gc,marking  ] GC(22) Concurrent Clear Claimed Marks
[2026-03-26T16:52:14.917+0900][11.550s][info][gc,marking  ] GC(22) Concurrent Clear Claimed Marks 0.037ms
[2026-03-26T16:52:14.917+0900][11.550s][info][gc,marking  ] GC(22) Concurrent Cleanup for Next Mark
[2026-03-26T16:52:14.917+0900][11.550s][info][gc,marking  ] GC(22) Concurrent Cleanup for Next Mark 0.306ms
[2026-03-26T16:52:14.917+0900][11.550s][info][gc          ] GC(22) Concurrent Undo Cycle 0.672ms
[2026-03-26T16:52:15.678+0900][12.312s][info][gc,start    ] GC(23) Pause Young (Concurrent Start) (G1 Humongous Allocation)
[2026-03-26T16:52:15.678+0900][12.312s][info][gc,task     ] GC(23) Using 6 workers of 13 for evacuation
[2026-03-26T16:52:15.683+0900][12.317s][info][gc,phases   ] GC(23)   Pre Evacuate Collection Set: 0.5ms
[2026-03-26T16:52:15.683+0900][12.317s][info][gc,phases   ] GC(23)   Merge Heap Roots: 0.4ms
[2026-03-26T16:52:15.683+0900][12.317s][info][gc,phases   ] GC(23)   Evacuate Collection Set: 2.3ms
[2026-03-26T16:52:15.683+0900][12.317s][info][gc,phases   ] GC(23)   Post Evacuate Collection Set: 1.2ms
[2026-03-26T16:52:15.683+0900][12.317s][info][gc,phases   ] GC(23)   Other: 0.4ms
[2026-03-26T16:52:15.683+0900][12.317s][info][gc,heap     ] GC(23) Eden regions: 19->0(151)
[2026-03-26T16:52:15.683+0900][12.317s][info][gc,heap     ] GC(23) Survivor regions: 2->2(20)
[2026-03-26T16:52:15.683+0900][12.317s][info][gc,heap     ] GC(23) Old regions: 0->0
[2026-03-26T16:52:15.683+0900][12.317s][info][gc,heap     ] GC(23) Humongous regions: 115->40
[2026-03-26T16:52:15.683+0900][12.317s][info][gc,metaspace] GC(23) Metaspace: 575K(768K)->575K(768K) NonClass: 537K(640K)->537K(640K) Class: 38K(128K)->38K(128K)
[2026-03-26T16:52:15.684+0900][12.317s][info][gc          ] GC(23) Pause Young (Concurrent Start) (G1 Humongous Allocation) 135M->41M(256M) 5.496ms
[2026-03-26T16:52:15.684+0900][12.317s][info][gc,cpu      ] GC(23) User=0.00s Sys=0.00s Real=0.01s
[2026-03-26T16:52:15.684+0900][12.317s][info][gc          ] GC(24) Concurrent Undo Cycle
[2026-03-26T16:52:15.684+0900][12.317s][info][gc,marking  ] GC(24) Concurrent Clear Claimed Marks
[2026-03-26T16:52:15.684+0900][12.317s][info][gc,marking  ] GC(24) Concurrent Clear Claimed Marks 0.030ms
[2026-03-26T16:52:15.684+0900][12.317s][info][gc,marking  ] GC(24) Concurrent Cleanup for Next Mark
[2026-03-26T16:52:15.684+0900][12.318s][info][gc,marking  ] GC(24) Concurrent Cleanup for Next Mark 0.202ms
[2026-03-26T16:52:15.684+0900][12.318s][info][gc          ] GC(24) Concurrent Undo Cycle 0.608ms
[2026-03-26T16:52:16.420+0900][13.053s][info][gc,start    ] GC(25) Pause Young (Concurrent Start) (G1 Humongous Allocation)
[2026-03-26T16:52:16.420+0900][13.053s][info][gc,task     ] GC(25) Using 6 workers of 13 for evacuation
[2026-03-26T16:52:16.423+0900][13.057s][info][gc,phases   ] GC(25)   Pre Evacuate Collection Set: 0.3ms
[2026-03-26T16:52:16.423+0900][13.057s][info][gc,phases   ] GC(25)   Merge Heap Roots: 0.1ms
[2026-03-26T16:52:16.423+0900][13.057s][info][gc,phases   ] GC(25)   Evacuate Collection Set: 2.1ms
[2026-03-26T16:52:16.423+0900][13.057s][info][gc,phases   ] GC(25)   Post Evacuate Collection Set: 0.5ms
[2026-03-26T16:52:16.423+0900][13.057s][info][gc,phases   ] GC(25)   Other: 0.2ms
[2026-03-26T16:52:16.423+0900][13.057s][info][gc,heap     ] GC(25) Eden regions: 19->0(151)
[2026-03-26T16:52:16.423+0900][13.057s][info][gc,heap     ] GC(25) Survivor regions: 2->2(20)
[2026-03-26T16:52:16.423+0900][13.057s][info][gc,heap     ] GC(25) Old regions: 0->0
[2026-03-26T16:52:16.423+0900][13.057s][info][gc,heap     ] GC(25) Humongous regions: 114->42
[2026-03-26T16:52:16.423+0900][13.057s][info][gc,metaspace] GC(25) Metaspace: 576K(768K)->576K(768K) NonClass: 537K(640K)->537K(640K) Class: 38K(128K)->38K(128K)
[2026-03-26T16:52:16.423+0900][13.057s][info][gc          ] GC(25) Pause Young (Concurrent Start) (G1 Humongous Allocation) 133M->44M(256M) 4.085ms
[2026-03-26T16:52:16.423+0900][13.057s][info][gc,cpu      ] GC(25) User=0.00s Sys=0.00s Real=0.00s
[2026-03-26T16:52:16.423+0900][13.057s][info][gc          ] GC(26) Concurrent Undo Cycle
[2026-03-26T16:52:16.424+0900][13.057s][info][gc,marking  ] GC(26) Concurrent Clear Claimed Marks
[2026-03-26T16:52:16.424+0900][13.058s][info][gc,marking  ] GC(26) Concurrent Clear Claimed Marks 0.108ms
[2026-03-26T16:52:16.424+0900][13.058s][info][gc,marking  ] GC(26) Concurrent Cleanup for Next Mark
[2026-03-26T16:52:16.424+0900][13.058s][info][gc,marking  ] GC(26) Concurrent Cleanup for Next Mark 0.087ms
[2026-03-26T16:52:16.424+0900][13.058s][info][gc          ] GC(26) Concurrent Undo Cycle 0.565ms
[2026-03-26T16:52:17.158+0900][13.792s][info][gc,start    ] GC(27) Pause Young (Concurrent Start) (G1 Humongous Allocation)
[2026-03-26T16:52:17.159+0900][13.792s][info][gc,task     ] GC(27) Using 6 workers of 13 for evacuation
[2026-03-26T16:52:17.163+0900][13.797s][info][gc,phases   ] GC(27)   Pre Evacuate Collection Set: 0.4ms
[2026-03-26T16:52:17.163+0900][13.797s][info][gc,phases   ] GC(27)   Merge Heap Roots: 0.1ms
[2026-03-26T16:52:17.163+0900][13.797s][info][gc,phases   ] GC(27)   Evacuate Collection Set: 2.6ms
[2026-03-26T16:52:17.163+0900][13.797s][info][gc,phases   ] GC(27)   Post Evacuate Collection Set: 1.0ms
[2026-03-26T16:52:17.164+0900][13.797s][info][gc,phases   ] GC(27)   Other: 0.4ms
[2026-03-26T16:52:17.164+0900][13.797s][info][gc,heap     ] GC(27) Eden regions: 19->0(151)
[2026-03-26T16:52:17.164+0900][13.797s][info][gc,heap     ] GC(27) Survivor regions: 2->2(20)
[2026-03-26T16:52:17.164+0900][13.797s][info][gc,heap     ] GC(27) Old regions: 0->0
[2026-03-26T16:52:17.164+0900][13.797s][info][gc,heap     ] GC(27) Humongous regions: 116->44
[2026-03-26T16:52:17.164+0900][13.797s][info][gc,metaspace] GC(27) Metaspace: 576K(768K)->576K(768K) NonClass: 537K(640K)->537K(640K) Class: 38K(128K)->38K(128K)
[2026-03-26T16:52:17.164+0900][13.797s][info][gc          ] GC(27) Pause Young (Concurrent Start) (G1 Humongous Allocation) 136M->46M(256M) 5.330ms
[2026-03-26T16:52:17.164+0900][13.797s][info][gc,cpu      ] GC(27) User=0.02s Sys=0.00s Real=0.01s
[2026-03-26T16:52:17.164+0900][13.797s][info][gc          ] GC(28) Concurrent Undo Cycle
[2026-03-26T16:52:17.164+0900][13.798s][info][gc,marking  ] GC(28) Concurrent Clear Claimed Marks
[2026-03-26T16:52:17.164+0900][13.798s][info][gc,marking  ] GC(28) Concurrent Clear Claimed Marks 0.032ms
[2026-03-26T16:52:17.164+0900][13.798s][info][gc,marking  ] GC(28) Concurrent Cleanup for Next Mark
[2026-03-26T16:52:17.164+0900][13.798s][info][gc,marking  ] GC(28) Concurrent Cleanup for Next Mark 0.078ms
[2026-03-26T16:52:17.164+0900][13.798s][info][gc          ] GC(28) Concurrent Undo Cycle 0.389ms
[2026-03-26T16:52:17.861+0900][14.495s][info][gc,start    ] GC(29) Pause Young (Concurrent Start) (G1 Humongous Allocation)
[2026-03-26T16:52:17.861+0900][14.495s][info][gc,task     ] GC(29) Using 6 workers of 13 for evacuation
[2026-03-26T16:52:17.865+0900][14.499s][info][gc,phases   ] GC(29)   Pre Evacuate Collection Set: 0.4ms
[2026-03-26T16:52:17.866+0900][14.499s][info][gc,phases   ] GC(29)   Merge Heap Roots: 0.2ms
[2026-03-26T16:52:17.866+0900][14.499s][info][gc,phases   ] GC(29)   Evacuate Collection Set: 1.9ms
[2026-03-26T16:52:17.866+0900][14.499s][info][gc,phases   ] GC(29)   Post Evacuate Collection Set: 0.9ms
[2026-03-26T16:52:17.866+0900][14.500s][info][gc,phases   ] GC(29)   Other: 0.3ms
[2026-03-26T16:52:17.866+0900][14.500s][info][gc,heap     ] GC(29) Eden regions: 18->0(152)
[2026-03-26T16:52:17.866+0900][14.500s][info][gc,heap     ] GC(29) Survivor regions: 2->1(20)
[2026-03-26T16:52:17.866+0900][14.500s][info][gc,heap     ] GC(29) Old regions: 0->2
[2026-03-26T16:52:17.866+0900][14.500s][info][gc,heap     ] GC(29) Humongous regions: 116->47
[2026-03-26T16:52:17.866+0900][14.500s][info][gc,metaspace] GC(29) Metaspace: 576K(768K)->576K(768K) NonClass: 537K(640K)->537K(640K) Class: 38K(128K)->38K(128K)
[2026-03-26T16:52:17.866+0900][14.500s][info][gc          ] GC(29) Pause Young (Concurrent Start) (G1 Humongous Allocation) 135M->49M(256M) 5.075ms
[2026-03-26T16:52:17.866+0900][14.500s][info][gc,cpu      ] GC(29) User=0.02s Sys=0.00s Real=0.00s
[2026-03-26T16:52:17.866+0900][14.500s][info][gc          ] GC(30) Concurrent Undo Cycle
[2026-03-26T16:52:17.867+0900][14.500s][info][gc,marking  ] GC(30) Concurrent Clear Claimed Marks
[2026-03-26T16:52:17.867+0900][14.500s][info][gc,marking  ] GC(30) Concurrent Clear Claimed Marks 0.037ms
[2026-03-26T16:52:17.867+0900][14.500s][info][gc,marking  ] GC(30) Concurrent Cleanup for Next Mark
[2026-03-26T16:52:17.867+0900][14.501s][info][gc,marking  ] GC(30) Concurrent Cleanup for Next Mark 0.260ms
[2026-03-26T16:52:17.867+0900][14.501s][info][gc          ] GC(30) Concurrent Undo Cycle 0.570ms
[2026-03-26T16:52:18.506+0900][15.140s][info][gc,start    ] GC(31) Pause Young (Concurrent Start) (G1 Humongous Allocation)
[2026-03-26T16:52:18.517+0900][15.149s][info][gc,task     ] GC(31) Using 6 workers of 13 for evacuation
[2026-03-26T16:52:18.520+0900][15.153s][info][gc,phases   ] GC(31)   Pre Evacuate Collection Set: 0.5ms
[2026-03-26T16:52:18.520+0900][15.153s][info][gc,phases   ] GC(31)   Merge Heap Roots: 0.1ms
[2026-03-26T16:52:18.520+0900][15.153s][info][gc,phases   ] GC(31)   Evacuate Collection Set: 0.7ms
[2026-03-26T16:52:18.520+0900][15.153s][info][gc,phases   ] GC(31)   Post Evacuate Collection Set: 1.2ms
[2026-03-26T16:52:18.520+0900][15.153s][info][gc,phases   ] GC(31)   Other: 0.5ms
[2026-03-26T16:52:18.520+0900][15.153s][info][gc,heap     ] GC(31) Eden regions: 16->0(152)
[2026-03-26T16:52:18.520+0900][15.153s][info][gc,heap     ] GC(31) Survivor regions: 1->1(20)
[2026-03-26T16:52:18.520+0900][15.153s][info][gc,heap     ] GC(31) Old regions: 2->2
[2026-03-26T16:52:18.520+0900][15.153s][info][gc,heap     ] GC(31) Humongous regions: 112->49
[2026-03-26T16:52:18.520+0900][15.153s][info][gc,metaspace] GC(31) Metaspace: 576K(768K)->576K(768K) NonClass: 537K(640K)->537K(640K) Class: 38K(128K)->38K(128K)
[2026-03-26T16:52:18.520+0900][15.153s][info][gc          ] GC(31) Pause Young (Concurrent Start) (G1 Humongous Allocation) 129M->50M(256M) 13.141ms
[2026-03-26T16:52:18.520+0900][15.153s][info][gc,cpu      ] GC(31) User=0.00s Sys=0.00s Real=0.01s
[2026-03-26T16:52:18.520+0900][15.153s][info][gc          ] GC(32) Concurrent Undo Cycle
[2026-03-26T16:52:18.520+0900][15.153s][info][gc,marking  ] GC(32) Concurrent Clear Claimed Marks
[2026-03-26T16:52:18.520+0900][15.153s][info][gc,marking  ] GC(32) Concurrent Clear Claimed Marks 0.039ms
[2026-03-26T16:52:18.520+0900][15.153s][info][gc,marking  ] GC(32) Concurrent Cleanup for Next Mark
[2026-03-26T16:52:18.521+0900][15.154s][info][gc,marking  ] GC(32) Concurrent Cleanup for Next Mark 0.340ms
[2026-03-26T16:52:18.521+0900][15.154s][info][gc          ] GC(32) Concurrent Undo Cycle 0.789ms
[2026-03-26T16:52:19.168+0900][15.802s][info][gc,start    ] GC(33) Pause Young (Concurrent Start) (G1 Humongous Allocation)
[2026-03-26T16:52:19.168+0900][15.802s][info][gc,task     ] GC(33) Using 6 workers of 13 for evacuation
[2026-03-26T16:52:19.171+0900][15.805s][info][gc,phases   ] GC(33)   Pre Evacuate Collection Set: 0.5ms
[2026-03-26T16:52:19.171+0900][15.805s][info][gc,phases   ] GC(33)   Merge Heap Roots: 0.2ms
[2026-03-26T16:52:19.171+0900][15.805s][info][gc,phases   ] GC(33)   Evacuate Collection Set: 0.5ms
[2026-03-26T16:52:19.171+0900][15.805s][info][gc,phases   ] GC(33)   Post Evacuate Collection Set: 1.1ms
[2026-03-26T16:52:19.171+0900][15.805s][info][gc,phases   ] GC(33)   Other: 0.5ms
[2026-03-26T16:52:19.171+0900][15.805s][info][gc,heap     ] GC(33) Eden regions: 16->0(152)
[2026-03-26T16:52:19.171+0900][15.805s][info][gc,heap     ] GC(33) Survivor regions: 1->1(20)
[2026-03-26T16:52:19.172+0900][15.805s][info][gc,heap     ] GC(33) Old regions: 2->2
[2026-03-26T16:52:19.172+0900][15.805s][info][gc,heap     ] GC(33) Humongous regions: 114->51
[2026-03-26T16:52:19.172+0900][15.805s][info][gc,metaspace] GC(33) Metaspace: 576K(768K)->576K(768K) NonClass: 537K(640K)->537K(640K) Class: 38K(128K)->38K(128K)
[2026-03-26T16:52:19.172+0900][15.805s][info][gc          ] GC(33) Pause Young (Concurrent Start) (G1 Humongous Allocation) 131M->52M(256M) 3.654ms
[2026-03-26T16:52:19.172+0900][15.805s][info][gc,cpu      ] GC(33) User=0.00s Sys=0.00s Real=0.00s
[2026-03-26T16:52:19.172+0900][15.805s][info][gc          ] GC(34) Concurrent Undo Cycle
[2026-03-26T16:52:19.172+0900][15.806s][info][gc,marking  ] GC(34) Concurrent Clear Claimed Marks
[2026-03-26T16:52:19.172+0900][15.806s][info][gc,marking  ] GC(34) Concurrent Clear Claimed Marks 0.030ms
[2026-03-26T16:52:19.172+0900][15.806s][info][gc,marking  ] GC(34) Concurrent Cleanup for Next Mark
[2026-03-26T16:52:19.172+0900][15.806s][info][gc,marking  ] GC(34) Concurrent Cleanup for Next Mark 0.282ms
[2026-03-26T16:52:19.172+0900][15.806s][info][gc          ] GC(34) Concurrent Undo Cycle 0.589ms
[2026-03-26T16:52:19.787+0900][16.420s][info][gc,start    ] GC(35) Pause Young (Concurrent Start) (G1 Humongous Allocation)
[2026-03-26T16:52:19.787+0900][16.420s][info][gc,task     ] GC(35) Using 6 workers of 13 for evacuation
[2026-03-26T16:52:19.790+0900][16.424s][info][gc,phases   ] GC(35)   Pre Evacuate Collection Set: 0.3ms
[2026-03-26T16:52:19.790+0900][16.424s][info][gc,phases   ] GC(35)   Merge Heap Roots: 0.4ms
[2026-03-26T16:52:19.790+0900][16.424s][info][gc,phases   ] GC(35)   Evacuate Collection Set: 0.4ms
[2026-03-26T16:52:19.790+0900][16.424s][info][gc,phases   ] GC(35)   Post Evacuate Collection Set: 1.6ms
[2026-03-26T16:52:19.790+0900][16.424s][info][gc,phases   ] GC(35)   Other: 0.5ms
[2026-03-26T16:52:19.790+0900][16.424s][info][gc,heap     ] GC(35) Eden regions: 16->0(152)
[2026-03-26T16:52:19.790+0900][16.424s][info][gc,heap     ] GC(35) Survivor regions: 1->1(20)
[2026-03-26T16:52:19.790+0900][16.424s][info][gc,heap     ] GC(35) Old regions: 2->2
[2026-03-26T16:52:19.790+0900][16.424s][info][gc,heap     ] GC(35) Humongous regions: 113->53
[2026-03-26T16:52:19.790+0900][16.424s][info][gc,metaspace] GC(35) Metaspace: 576K(768K)->576K(768K) NonClass: 537K(640K)->537K(640K) Class: 38K(128K)->38K(128K)
[2026-03-26T16:52:19.790+0900][16.424s][info][gc          ] GC(35) Pause Young (Concurrent Start) (G1 Humongous Allocation) 129M->54M(256M) 3.921ms
[2026-03-26T16:52:19.790+0900][16.424s][info][gc,cpu      ] GC(35) User=0.00s Sys=0.00s Real=0.00s
[2026-03-26T16:52:19.790+0900][16.424s][info][gc          ] GC(36) Concurrent Undo Cycle
[2026-03-26T16:52:19.791+0900][16.424s][info][gc,marking  ] GC(36) Concurrent Clear Claimed Marks
[2026-03-26T16:52:19.791+0900][16.425s][info][gc,marking  ] GC(36) Concurrent Clear Claimed Marks 0.380ms
[2026-03-26T16:52:19.791+0900][16.425s][info][gc,marking  ] GC(36) Concurrent Cleanup for Next Mark
[2026-03-26T16:52:19.791+0900][16.425s][info][gc,marking  ] GC(36) Concurrent Cleanup for Next Mark 0.079ms
[2026-03-26T16:52:19.791+0900][16.425s][info][gc          ] GC(36) Concurrent Undo Cycle 0.776ms
[2026-03-26T16:52:20.373+0900][17.006s][info][gc,start    ] GC(37) Pause Young (Concurrent Start) (G1 Humongous Allocation)
[2026-03-26T16:52:20.373+0900][17.006s][info][gc,task     ] GC(37) Using 6 workers of 13 for evacuation
[2026-03-26T16:52:20.375+0900][17.008s][info][gc,phases   ] GC(37)   Pre Evacuate Collection Set: 0.3ms
[2026-03-26T16:52:20.375+0900][17.008s][info][gc,phases   ] GC(37)   Merge Heap Roots: 0.1ms
[2026-03-26T16:52:20.375+0900][17.008s][info][gc,phases   ] GC(37)   Evacuate Collection Set: 0.3ms
[2026-03-26T16:52:20.375+0900][17.008s][info][gc,phases   ] GC(37)   Post Evacuate Collection Set: 0.4ms
[2026-03-26T16:52:20.375+0900][17.008s][info][gc,phases   ] GC(37)   Other: 0.3ms
[2026-03-26T16:52:20.375+0900][17.008s][info][gc,heap     ] GC(37) Eden regions: 15->0(152)
[2026-03-26T16:52:20.375+0900][17.008s][info][gc,heap     ] GC(37) Survivor regions: 1->1(20)
[2026-03-26T16:52:20.375+0900][17.008s][info][gc,heap     ] GC(37) Old regions: 2->2
[2026-03-26T16:52:20.375+0900][17.008s][info][gc,heap     ] GC(37) Humongous regions: 112->55
[2026-03-26T16:52:20.375+0900][17.008s][info][gc,metaspace] GC(37) Metaspace: 576K(768K)->576K(768K) NonClass: 537K(640K)->537K(640K) Class: 38K(128K)->38K(128K)
[2026-03-26T16:52:20.375+0900][17.008s][info][gc          ] GC(37) Pause Young (Concurrent Start) (G1 Humongous Allocation) 128M->56M(256M) 2.153ms
[2026-03-26T16:52:20.375+0900][17.008s][info][gc,cpu      ] GC(37) User=0.00s Sys=0.00s Real=0.00s
[2026-03-26T16:52:20.376+0900][17.009s][info][gc          ] GC(38) Concurrent Undo Cycle
[2026-03-26T16:52:20.376+0900][17.009s][info][gc,marking  ] GC(38) Concurrent Clear Claimed Marks
[2026-03-26T16:52:20.376+0900][17.009s][info][gc,marking  ] GC(38) Concurrent Clear Claimed Marks 0.054ms
[2026-03-26T16:52:20.376+0900][17.009s][info][gc,marking  ] GC(38) Concurrent Cleanup for Next Mark
[2026-03-26T16:52:20.376+0900][17.009s][info][gc,marking  ] GC(38) Concurrent Cleanup for Next Mark 0.239ms
[2026-03-26T16:52:20.376+0900][17.009s][info][gc          ] GC(38) Concurrent Undo Cycle 0.617ms
[2026-03-26T16:52:20.964+0900][17.597s][info][gc,start    ] GC(39) Pause Young (Concurrent Start) (G1 Humongous Allocation)
[2026-03-26T16:52:20.964+0900][17.597s][info][gc,task     ] GC(39) Using 6 workers of 13 for evacuation
[2026-03-26T16:52:20.966+0900][17.599s][info][gc,phases   ] GC(39)   Pre Evacuate Collection Set: 0.5ms
[2026-03-26T16:52:20.966+0900][17.600s][info][gc,phases   ] GC(39)   Merge Heap Roots: 0.3ms
[2026-03-26T16:52:20.967+0900][17.600s][info][gc,phases   ] GC(39)   Evacuate Collection Set: 0.4ms
[2026-03-26T16:52:20.967+0900][17.600s][info][gc,phases   ] GC(39)   Post Evacuate Collection Set: 0.6ms
[2026-03-26T16:52:20.967+0900][17.600s][info][gc,phases   ] GC(39)   Other: 0.3ms
[2026-03-26T16:52:20.967+0900][17.600s][info][gc,heap     ] GC(39) Eden regions: 15->0(152)
[2026-03-26T16:52:20.967+0900][17.600s][info][gc,heap     ] GC(39) Survivor regions: 1->1(20)
[2026-03-26T16:52:20.967+0900][17.600s][info][gc,heap     ] GC(39) Old regions: 2->2
[2026-03-26T16:52:20.967+0900][17.600s][info][gc,heap     ] GC(39) Humongous regions: 114->57
[2026-03-26T16:52:20.967+0900][17.600s][info][gc,metaspace] GC(39) Metaspace: 578K(768K)->578K(768K) NonClass: 540K(640K)->540K(640K) Class: 38K(128K)->38K(128K)
[2026-03-26T16:52:20.967+0900][17.600s][info][gc          ] GC(39) Pause Young (Concurrent Start) (G1 Humongous Allocation) 130M->58M(256M) 3.167ms
[2026-03-26T16:52:20.967+0900][17.600s][info][gc,cpu      ] GC(39) User=0.00s Sys=0.00s Real=0.00s
[2026-03-26T16:52:20.967+0900][17.600s][info][gc          ] GC(40) Concurrent Undo Cycle
[2026-03-26T16:52:20.967+0900][17.601s][info][gc,marking  ] GC(40) Concurrent Clear Claimed Marks
[2026-03-26T16:52:20.967+0900][17.601s][info][gc,marking  ] GC(40) Concurrent Clear Claimed Marks 0.043ms
[2026-03-26T16:52:20.967+0900][17.601s][info][gc,marking  ] GC(40) Concurrent Cleanup for Next Mark
[2026-03-26T16:52:20.968+0900][17.601s][info][gc,marking  ] GC(40) Concurrent Cleanup for Next Mark 0.100ms
[2026-03-26T16:52:20.968+0900][17.601s][info][gc          ] GC(40) Concurrent Undo Cycle 0.507ms
[2026-03-26T16:52:21.521+0900][18.154s][info][gc,start    ] GC(41) Pause Young (Concurrent Start) (G1 Humongous Allocation)
[2026-03-26T16:52:21.522+0900][18.154s][info][gc,task     ] GC(41) Using 6 workers of 13 for evacuation
[2026-03-26T16:52:21.524+0900][18.157s][info][gc,phases   ] GC(41)   Pre Evacuate Collection Set: 0.5ms
[2026-03-26T16:52:21.524+0900][18.157s][info][gc,phases   ] GC(41)   Merge Heap Roots: 0.3ms
[2026-03-26T16:52:21.524+0900][18.157s][info][gc,phases   ] GC(41)   Evacuate Collection Set: 0.6ms
[2026-03-26T16:52:21.524+0900][18.157s][info][gc,phases   ] GC(41)   Post Evacuate Collection Set: 1.0ms
[2026-03-26T16:52:21.524+0900][18.157s][info][gc,phases   ] GC(41)   Other: 0.3ms
[2026-03-26T16:52:21.524+0900][18.157s][info][gc,heap     ] GC(41) Eden regions: 14->0(152)
[2026-03-26T16:52:21.524+0900][18.157s][info][gc,heap     ] GC(41) Survivor regions: 1->1(20)
[2026-03-26T16:52:21.524+0900][18.157s][info][gc,heap     ] GC(41) Old regions: 2->2
[2026-03-26T16:52:21.524+0900][18.157s][info][gc,heap     ] GC(41) Humongous regions: 112->58
[2026-03-26T16:52:21.524+0900][18.157s][info][gc,metaspace] GC(41) Metaspace: 578K(768K)->578K(768K) NonClass: 540K(640K)->540K(640K) Class: 38K(128K)->38K(128K)
[2026-03-26T16:52:21.524+0900][18.158s][info][gc          ] GC(41) Pause Young (Concurrent Start) (G1 Humongous Allocation) 127M->59M(256M) 3.313ms
[2026-03-26T16:52:21.524+0900][18.158s][info][gc,cpu      ] GC(41) User=0.00s Sys=0.00s Real=0.00s
[2026-03-26T16:52:21.524+0900][18.158s][info][gc          ] GC(42) Concurrent Undo Cycle
[2026-03-26T16:52:21.524+0900][18.158s][info][gc,marking  ] GC(42) Concurrent Clear Claimed Marks
[2026-03-26T16:52:21.524+0900][18.158s][info][gc,marking  ] GC(42) Concurrent Clear Claimed Marks 0.111ms
[2026-03-26T16:52:21.524+0900][18.158s][info][gc,marking  ] GC(42) Concurrent Cleanup for Next Mark
[2026-03-26T16:52:21.524+0900][18.158s][info][gc,marking  ] GC(42) Concurrent Cleanup for Next Mark 0.125ms
[2026-03-26T16:52:21.524+0900][18.158s][info][gc          ] GC(42) Concurrent Undo Cycle 0.758ms
[2026-03-26T16:52:22.072+0900][18.706s][info][gc,start    ] GC(43) Pause Young (Concurrent Start) (G1 Humongous Allocation)
[2026-03-26T16:52:22.072+0900][18.706s][info][gc,task     ] GC(43) Using 6 workers of 13 for evacuation
[2026-03-26T16:52:22.075+0900][18.708s][info][gc,phases   ] GC(43)   Pre Evacuate Collection Set: 0.4ms
[2026-03-26T16:52:22.075+0900][18.709s][info][gc,phases   ] GC(43)   Merge Heap Roots: 0.3ms
[2026-03-26T16:52:22.075+0900][18.709s][info][gc,phases   ] GC(43)   Evacuate Collection Set: 0.4ms
[2026-03-26T16:52:22.075+0900][18.709s][info][gc,phases   ] GC(43)   Post Evacuate Collection Set: 1.0ms
[2026-03-26T16:52:22.075+0900][18.709s][info][gc,phases   ] GC(43)   Other: 0.5ms
[2026-03-26T16:52:22.075+0900][18.709s][info][gc,heap     ] GC(43) Eden regions: 14->0(152)
[2026-03-26T16:52:22.075+0900][18.709s][info][gc,heap     ] GC(43) Survivor regions: 1->1(20)
[2026-03-26T16:52:22.075+0900][18.709s][info][gc,heap     ] GC(43) Old regions: 2->2
[2026-03-26T16:52:22.075+0900][18.709s][info][gc,heap     ] GC(43) Humongous regions: 114->60
[2026-03-26T16:52:22.075+0900][18.709s][info][gc,metaspace] GC(43) Metaspace: 578K(768K)->578K(768K) NonClass: 540K(640K)->540K(640K) Class: 38K(128K)->38K(128K)
[2026-03-26T16:52:22.075+0900][18.709s][info][gc          ] GC(43) Pause Young (Concurrent Start) (G1 Humongous Allocation) 129M->61M(256M) 3.424ms
[2026-03-26T16:52:22.075+0900][18.709s][info][gc,cpu      ] GC(43) User=0.00s Sys=0.00s Real=0.00s
[2026-03-26T16:52:22.075+0900][18.709s][info][gc          ] GC(44) Concurrent Undo Cycle
[2026-03-26T16:52:22.076+0900][18.709s][info][gc,marking  ] GC(44) Concurrent Clear Claimed Marks
[2026-03-26T16:52:22.076+0900][18.709s][info][gc,marking  ] GC(44) Concurrent Clear Claimed Marks 0.032ms
[2026-03-26T16:52:22.076+0900][18.709s][info][gc,marking  ] GC(44) Concurrent Cleanup for Next Mark
[2026-03-26T16:52:22.076+0900][18.710s][info][gc,marking  ] GC(44) Concurrent Cleanup for Next Mark 0.105ms
[2026-03-26T16:52:22.076+0900][18.710s][info][gc          ] GC(44) Concurrent Undo Cycle 0.387ms
[2026-03-26T16:52:22.137+0900][18.770s][info][gc,heap,exit] Heap
[2026-03-26T16:52:22.138+0900][18.771s][info][gc,heap,exit]  garbage-first heap   total 262144K, used 70650K [0x00000000e0000000, 0x0000000100000000)
[2026-03-26T16:52:22.138+0900][18.771s][info][gc,heap,exit]   region size 1024K, 2 young (2048K), 1 survivors (1024K)
[2026-03-26T16:52:22.138+0900][18.771s][info][gc,heap,exit]  Metaspace       used 579K, committed 768K, reserved 1114112K
[2026-03-26T16:52:22.138+0900][18.771s][info][gc,heap,exit]   class space    used 39K, committed 128K, reserved 1048576K
