[2026-03-27T19:30:44.904+0900][0.027s][info][gc,init] CardTable entry size: 512
[2026-03-27T19:30:44.904+0900][0.027s][info][gc     ] Using G1
[2026-03-27T19:30:44.906+0900][0.029s][info][gc,init] Version: 18.0.1.1+2-6 (release)
[2026-03-27T19:30:44.906+0900][0.029s][info][gc,init] CPUs: 8 total, 8 available
[2026-03-27T19:30:44.906+0900][0.029s][info][gc,init] Memory: 16092M
[2026-03-27T19:30:44.906+0900][0.029s][info][gc,init] Large Page Support: Disabled
[2026-03-27T19:30:44.906+0900][0.029s][info][gc,init] NUMA Support: Disabled
[2026-03-27T19:30:44.906+0900][0.029s][info][gc,init] Compressed Oops: Enabled (32-bit)
[2026-03-27T19:30:44.906+0900][0.029s][info][gc,init] Heap Region Size: 1M
[2026-03-27T19:30:44.906+0900][0.029s][info][gc,init] Heap Min Capacity: 256M
[2026-03-27T19:30:44.906+0900][0.029s][info][gc,init] Heap Initial Capacity: 256M
[2026-03-27T19:30:44.906+0900][0.029s][info][gc,init] Heap Max Capacity: 512M
[2026-03-27T19:30:44.906+0900][0.029s][info][gc,init] Pre-touch: Disabled
[2026-03-27T19:30:44.907+0900][0.029s][info][gc,init] Parallel Workers: 8
[2026-03-27T19:30:44.907+0900][0.029s][info][gc,init] Concurrent Workers: 2
[2026-03-27T19:30:44.907+0900][0.029s][info][gc,init] Concurrent Refinement Workers: 8
[2026-03-27T19:30:44.907+0900][0.029s][info][gc,init] Periodic GC: Disabled
[2026-03-27T19:30:44.908+0900][0.031s][info][gc,metaspace] CDS archive(s) mapped at: [0x0000000800000000-0x0000000800ba0000-0x0000000800ba0000), size 12189696, SharedBaseAddress: 0x0000000800000000, ArchiveRelocationMode: 0.
[2026-03-27T19:30:44.908+0900][0.031s][info][gc,metaspace] Compressed class space mapped at: 0x0000000800c00000-0x0000000840c00000, reserved size: 1073741824
[2026-03-27T19:30:44.908+0900][0.031s][info][gc,metaspace] Narrow klass base: 0x0000000800000000, Narrow klass shift: 0, Narrow klass range: 0x100000000
[2026-03-27T19:30:45.033+0900][0.156s][info][gc,start    ] GC(0) Pause Young (Normal) (G1 Evacuation Pause)
[2026-03-27T19:30:45.033+0900][0.156s][info][gc,task     ] GC(0) Using 6 workers of 8 for evacuation
[2026-03-27T19:30:45.034+0900][0.158s][info][gc,phases   ] GC(0)   Pre Evacuate Collection Set: 0.0ms
[2026-03-27T19:30:45.034+0900][0.158s][info][gc,phases   ] GC(0)   Merge Heap Roots: 0.0ms
[2026-03-27T19:30:45.034+0900][0.158s][info][gc,phases   ] GC(0)   Evacuate Collection Set: 0.9ms
[2026-03-27T19:30:45.034+0900][0.158s][info][gc,phases   ] GC(0)   Post Evacuate Collection Set: 0.2ms
[2026-03-27T19:30:45.034+0900][0.158s][info][gc,phases   ] GC(0)   Other: 0.4ms
[2026-03-27T19:30:45.034+0900][0.158s][info][gc,heap     ] GC(0) Eden regions: 23->0(29)
[2026-03-27T19:30:45.034+0900][0.158s][info][gc,heap     ] GC(0) Survivor regions: 0->3(3)
[2026-03-27T19:30:45.035+0900][0.158s][info][gc,heap     ] GC(0) Old regions: 0->5
[2026-03-27T19:30:45.035+0900][0.158s][info][gc,heap     ] GC(0) Archive regions: 0->0
[2026-03-27T19:30:45.035+0900][0.158s][info][gc,heap     ] GC(0) Humongous regions: 2->2
[2026-03-27T19:30:45.035+0900][0.158s][info][gc,metaspace] GC(0) Metaspace: 261K(448K)->261K(448K) NonClass: 249K(320K)->249K(320K) Class: 12K(128K)->12K(128K)
[2026-03-27T19:30:45.035+0900][0.158s][info][gc          ] GC(0) Pause Young (Normal) (G1 Evacuation Pause) 24M->9M(256M) 1.893ms
[2026-03-27T19:30:45.035+0900][0.158s][info][gc,cpu      ] GC(0) User=0.09s Sys=0.00s Real=0.00s
[2026-03-27T19:30:45.129+0900][0.253s][info][gc,start    ] GC(1) Pause Young (Normal) (G1 Evacuation Pause)
[2026-03-27T19:30:45.130+0900][0.253s][info][gc,task     ] GC(1) Using 6 workers of 8 for evacuation
[2026-03-27T19:30:45.132+0900][0.256s][info][gc,phases   ] GC(1)   Pre Evacuate Collection Set: 0.2ms
[2026-03-27T19:30:45.132+0900][0.256s][info][gc,phases   ] GC(1)   Merge Heap Roots: 0.2ms
[2026-03-27T19:30:45.132+0900][0.256s][info][gc,phases   ] GC(1)   Evacuate Collection Set: 1.9ms
[2026-03-27T19:30:45.132+0900][0.256s][info][gc,phases   ] GC(1)   Post Evacuate Collection Set: 0.6ms
[2026-03-27T19:30:45.132+0900][0.256s][info][gc,phases   ] GC(1)   Other: 0.1ms
[2026-03-27T19:30:45.132+0900][0.256s][info][gc,heap     ] GC(1) Eden regions: 29->0(149)
[2026-03-27T19:30:45.132+0900][0.256s][info][gc,heap     ] GC(1) Survivor regions: 3->4(4)
[2026-03-27T19:30:45.132+0900][0.256s][info][gc,heap     ] GC(1) Old regions: 5->12
[2026-03-27T19:30:45.132+0900][0.256s][info][gc,heap     ] GC(1) Archive regions: 0->0
[2026-03-27T19:30:45.132+0900][0.256s][info][gc,heap     ] GC(1) Humongous regions: 4->4
[2026-03-27T19:30:45.132+0900][0.256s][info][gc,metaspace] GC(1) Metaspace: 266K(448K)->266K(448K) NonClass: 254K(320K)->254K(320K) Class: 12K(128K)->12K(128K)
[2026-03-27T19:30:45.132+0900][0.256s][info][gc          ] GC(1) Pause Young (Normal) (G1 Evacuation Pause) 40M->19M(256M) 3.614ms
[2026-03-27T19:30:45.132+0900][0.256s][info][gc,cpu      ] GC(1) User=0.00s Sys=0.00s Real=0.00s
[2026-03-27T19:30:45.844+0900][0.967s][info][gc,start    ] GC(2) Pause Young (Normal) (G1 Evacuation Pause)
[2026-03-27T19:30:45.844+0900][0.967s][info][gc,task     ] GC(2) Using 6 workers of 8 for evacuation
[2026-03-27T19:30:45.849+0900][0.972s][info][gc,phases   ] GC(2)   Pre Evacuate Collection Set: 0.3ms
[2026-03-27T19:30:45.849+0900][0.972s][info][gc,phases   ] GC(2)   Merge Heap Roots: 0.2ms
[2026-03-27T19:30:45.849+0900][0.972s][info][gc,phases   ] GC(2)   Evacuate Collection Set: 3.8ms
[2026-03-27T19:30:45.849+0900][0.972s][info][gc,phases   ] GC(2)   Post Evacuate Collection Set: 0.6ms
[2026-03-27T19:30:45.849+0900][0.972s][info][gc,phases   ] GC(2)   Other: 0.2ms
[2026-03-27T19:30:45.849+0900][0.972s][info][gc,heap     ] GC(2) Eden regions: 149->0(110)
[2026-03-27T19:30:45.849+0900][0.973s][info][gc,heap     ] GC(2) Survivor regions: 4->20(20)
[2026-03-27T19:30:45.849+0900][0.973s][info][gc,heap     ] GC(2) Old regions: 12->18
[2026-03-27T19:30:45.849+0900][0.973s][info][gc,heap     ] GC(2) Archive regions: 0->0
[2026-03-27T19:30:45.849+0900][0.973s][info][gc,heap     ] GC(2) Humongous regions: 19->19
[2026-03-27T19:30:45.849+0900][0.973s][info][gc,metaspace] GC(2) Metaspace: 274K(448K)->274K(448K) NonClass: 261K(320K)->261K(320K) Class: 12K(128K)->12K(128K)
[2026-03-27T19:30:45.849+0900][0.973s][info][gc          ] GC(2) Pause Young (Normal) (G1 Evacuation Pause) 183M->56M(256M) 5.768ms
[2026-03-27T19:30:45.850+0900][0.973s][info][gc,cpu      ] GC(2) User=0.05s Sys=0.05s Real=0.01s
[2026-03-27T19:30:46.332+0900][1.455s][info][gc,start    ] GC(3) Pause Young (Normal) (G1 Evacuation Pause)
[2026-03-27T19:30:46.332+0900][1.456s][info][gc,task     ] GC(3) Using 6 workers of 8 for evacuation
[2026-03-27T19:30:46.335+0900][1.459s][info][gc,phases   ] GC(3)   Pre Evacuate Collection Set: 0.2ms
[2026-03-27T19:30:46.335+0900][1.459s][info][gc,phases   ] GC(3)   Merge Heap Roots: 0.2ms
[2026-03-27T19:30:46.335+0900][1.459s][info][gc,phases   ] GC(3)   Evacuate Collection Set: 1.8ms
[2026-03-27T19:30:46.335+0900][1.459s][info][gc,phases   ] GC(3)   Post Evacuate Collection Set: 0.7ms
[2026-03-27T19:30:46.335+0900][1.459s][info][gc,phases   ] GC(3)   Other: 0.1ms
[2026-03-27T19:30:46.335+0900][1.459s][info][gc,heap     ] GC(3) Eden regions: 110->0(87)
[2026-03-27T19:30:46.335+0900][1.459s][info][gc,heap     ] GC(3) Survivor regions: 20->17(17)
[2026-03-27T19:30:46.335+0900][1.459s][info][gc,heap     ] GC(3) Old regions: 18->27
[2026-03-27T19:30:46.335+0900][1.459s][info][gc,heap     ] GC(3) Archive regions: 0->0
[2026-03-27T19:30:46.335+0900][1.459s][info][gc,heap     ] GC(3) Humongous regions: 29->29
[2026-03-27T19:30:46.335+0900][1.459s][info][gc,metaspace] GC(3) Metaspace: 274K(448K)->274K(448K) NonClass: 261K(320K)->261K(320K) Class: 12K(128K)->12K(128K)
[2026-03-27T19:30:46.335+0900][1.459s][info][gc          ] GC(3) Pause Young (Normal) (G1 Evacuation Pause) 176M->72M(256M) 3.733ms
[2026-03-27T19:30:46.335+0900][1.459s][info][gc,cpu      ] GC(3) User=0.00s Sys=0.00s Real=0.00s
[2026-03-27T19:30:46.750+0900][1.873s][info][gc,start    ] GC(4) Pause Young (Normal) (G1 Evacuation Pause)
[2026-03-27T19:30:46.750+0900][1.873s][info][gc,task     ] GC(4) Using 6 workers of 8 for evacuation
[2026-03-27T19:30:46.752+0900][1.876s][info][gc,phases   ] GC(4)   Pre Evacuate Collection Set: 0.1ms
[2026-03-27T19:30:46.752+0900][1.876s][info][gc,phases   ] GC(4)   Merge Heap Roots: 0.2ms
[2026-03-27T19:30:46.752+0900][1.876s][info][gc,phases   ] GC(4)   Evacuate Collection Set: 1.2ms
[2026-03-27T19:30:46.752+0900][1.876s][info][gc,phases   ] GC(4)   Post Evacuate Collection Set: 0.5ms
[2026-03-27T19:30:46.752+0900][1.876s][info][gc,phases   ] GC(4)   Other: 0.2ms
[2026-03-27T19:30:46.752+0900][1.876s][info][gc,heap     ] GC(4) Eden regions: 87->0(88)
[2026-03-27T19:30:46.752+0900][1.876s][info][gc,heap     ] GC(4) Survivor regions: 17->13(13)
[2026-03-27T19:30:46.752+0900][1.876s][info][gc,heap     ] GC(4) Old regions: 27->31
[2026-03-27T19:30:46.752+0900][1.876s][info][gc,heap     ] GC(4) Archive regions: 0->0
[2026-03-27T19:30:46.752+0900][1.876s][info][gc,heap     ] GC(4) Humongous regions: 38->38
[2026-03-27T19:30:46.752+0900][1.876s][info][gc,metaspace] GC(4) Metaspace: 274K(448K)->274K(448K) NonClass: 261K(320K)->261K(320K) Class: 12K(128K)->12K(128K)
[2026-03-27T19:30:46.752+0900][1.876s][info][gc          ] GC(4) Pause Young (Normal) (G1 Evacuation Pause) 168M->81M(256M) 2.751ms
[2026-03-27T19:30:46.752+0900][1.876s][info][gc,cpu      ] GC(4) User=0.00s Sys=0.00s Real=0.00s
[2026-03-27T19:30:47.126+0900][2.250s][info][gc,start    ] GC(5) Pause Young (Normal) (G1 Evacuation Pause)
[2026-03-27T19:30:47.127+0900][2.250s][info][gc,task     ] GC(5) Using 6 workers of 8 for evacuation
[2026-03-27T19:30:47.129+0900][2.252s][info][gc,phases   ] GC(5)   Pre Evacuate Collection Set: 0.3ms
[2026-03-27T19:30:47.129+0900][2.252s][info][gc,phases   ] GC(5)   Merge Heap Roots: 0.2ms
[2026-03-27T19:30:47.129+0900][2.252s][info][gc,phases   ] GC(5)   Evacuate Collection Set: 0.6ms
[2026-03-27T19:30:47.129+0900][2.252s][info][gc,phases   ] GC(5)   Post Evacuate Collection Set: 0.7ms
[2026-03-27T19:30:47.129+0900][2.252s][info][gc,phases   ] GC(5)   Other: 0.2ms
[2026-03-27T19:30:47.129+0900][2.252s][info][gc,heap     ] GC(5) Eden regions: 88->0(93)
[2026-03-27T19:30:47.129+0900][2.252s][info][gc,heap     ] GC(5) Survivor regions: 13->9(13)
[2026-03-27T19:30:47.129+0900][2.252s][info][gc,heap     ] GC(5) Old regions: 31->31
[2026-03-27T19:30:47.129+0900][2.252s][info][gc,heap     ] GC(5) Archive regions: 0->0
[2026-03-27T19:30:47.130+0900][2.252s][info][gc,heap     ] GC(5) Humongous regions: 46->46
[2026-03-27T19:30:47.130+0900][2.252s][info][gc,metaspace] GC(5) Metaspace: 274K(448K)->274K(448K) NonClass: 261K(320K)->261K(320K) Class: 12K(128K)->12K(128K)
[2026-03-27T19:30:47.130+0900][2.253s][info][gc          ] GC(5) Pause Young (Normal) (G1 Evacuation Pause) 177M->84M(256M) 2.684ms
[2026-03-27T19:30:47.130+0900][2.253s][info][gc,cpu      ] GC(5) User=0.03s Sys=0.06s Real=0.00s
[2026-03-27T19:30:47.545+0900][2.668s][info][gc,start    ] GC(6) Pause Young (Normal) (G1 Evacuation Pause)
[2026-03-27T19:30:47.545+0900][2.669s][info][gc,task     ] GC(6) Using 6 workers of 8 for evacuation
[2026-03-27T19:30:47.546+0900][2.669s][info][gc,phases   ] GC(6)   Pre Evacuate Collection Set: 0.0ms
[2026-03-27T19:30:47.546+0900][2.669s][info][gc,phases   ] GC(6)   Merge Heap Roots: 0.0ms
[2026-03-27T19:30:47.546+0900][2.669s][info][gc,phases   ] GC(6)   Evacuate Collection Set: 0.1ms
[2026-03-27T19:30:47.546+0900][2.669s][info][gc,phases   ] GC(6)   Post Evacuate Collection Set: 0.2ms
[2026-03-27T19:30:47.546+0900][2.669s][info][gc,phases   ] GC(6)   Other: 0.1ms
[2026-03-27T19:30:47.546+0900][2.669s][info][gc,heap     ] GC(6) Eden regions: 93->0(101)
[2026-03-27T19:30:47.546+0900][2.669s][info][gc,heap     ] GC(6) Survivor regions: 9->2(13)
[2026-03-27T19:30:47.546+0900][2.669s][info][gc,heap     ] GC(6) Old regions: 31->31
[2026-03-27T19:30:47.546+0900][2.669s][info][gc,heap     ] GC(6) Archive regions: 0->0
[2026-03-27T19:30:47.546+0900][2.669s][info][gc,heap     ] GC(6) Humongous regions: 55->55
[2026-03-27T19:30:47.546+0900][2.669s][info][gc,metaspace] GC(6) Metaspace: 274K(448K)->274K(448K) NonClass: 261K(320K)->261K(320K) Class: 12K(128K)->12K(128K)
[2026-03-27T19:30:47.546+0900][2.669s][info][gc          ] GC(6) Pause Young (Normal) (G1 Evacuation Pause) 186M->86M(256M) 0.763ms
[2026-03-27T19:30:47.546+0900][2.669s][info][gc,cpu      ] GC(6) User=0.00s Sys=0.00s Real=0.00s
[2026-03-27T19:30:48.015+0900][3.138s][info][gc,start    ] GC(7) Pause Young (Normal) (G1 Evacuation Pause)
[2026-03-27T19:30:48.015+0900][3.138s][info][gc,task     ] GC(7) Using 6 workers of 8 for evacuation
[2026-03-27T19:30:48.017+0900][3.140s][info][gc,phases   ] GC(7)   Pre Evacuate Collection Set: 0.1ms
[2026-03-27T19:30:48.017+0900][3.140s][info][gc,phases   ] GC(7)   Merge Heap Roots: 0.1ms
[2026-03-27T19:30:48.017+0900][3.140s][info][gc,phases   ] GC(7)   Evacuate Collection Set: 1.0ms
[2026-03-27T19:30:48.017+0900][3.140s][info][gc,phases   ] GC(7)   Post Evacuate Collection Set: 0.4ms
[2026-03-27T19:30:48.017+0900][3.140s][info][gc,phases   ] GC(7)   Other: 0.1ms
[2026-03-27T19:30:48.017+0900][3.140s][info][gc,heap     ] GC(7) Eden regions: 101->0(60)
[2026-03-27T19:30:48.017+0900][3.140s][info][gc,heap     ] GC(7) Survivor regions: 2->13(13)
[2026-03-27T19:30:48.017+0900][3.140s][info][gc,heap     ] GC(7) Old regions: 31->51
[2026-03-27T19:30:48.017+0900][3.140s][info][gc,heap     ] GC(7) Archive regions: 0->0
[2026-03-27T19:30:48.017+0900][3.140s][info][gc,heap     ] GC(7) Humongous regions: 65->65
[2026-03-27T19:30:48.017+0900][3.140s][info][gc,metaspace] GC(7) Metaspace: 274K(448K)->274K(448K) NonClass: 261K(320K)->261K(320K) Class: 12K(128K)->12K(128K)
[2026-03-27T19:30:48.017+0900][3.140s][info][gc          ] GC(7) Pause Young (Normal) (G1 Evacuation Pause) 197M->128M(256M) 2.073ms
[2026-03-27T19:30:48.017+0900][3.140s][info][gc,cpu      ] GC(7) User=0.00s Sys=0.00s Real=0.00s
[2026-03-27T19:30:48.017+0900][3.140s][info][gc,start    ] GC(8) Pause Young (Concurrent Start) (G1 Humongous Allocation)
[2026-03-27T19:30:48.017+0900][3.140s][info][gc,task     ] GC(8) Using 6 workers of 8 for evacuation
[2026-03-27T19:30:48.017+0900][3.141s][info][gc,phases   ] GC(8)   Pre Evacuate Collection Set: 0.1ms
[2026-03-27T19:30:48.017+0900][3.141s][info][gc,phases   ] GC(8)   Merge Heap Roots: 0.0ms
[2026-03-27T19:30:48.017+0900][3.141s][info][gc,phases   ] GC(8)   Evacuate Collection Set: 0.1ms
[2026-03-27T19:30:48.017+0900][3.141s][info][gc,phases   ] GC(8)   Post Evacuate Collection Set: 0.1ms
[2026-03-27T19:30:48.017+0900][3.141s][info][gc,phases   ] GC(8)   Other: 0.1ms
[2026-03-27T19:30:48.017+0900][3.141s][info][gc,heap     ] GC(8) Eden regions: 4->0(74)
[2026-03-27T19:30:48.017+0900][3.141s][info][gc,heap     ] GC(8) Survivor regions: 13->1(10)
[2026-03-27T19:30:48.017+0900][3.141s][info][gc,heap     ] GC(8) Old regions: 51->51
[2026-03-27T19:30:48.017+0900][3.141s][info][gc,heap     ] GC(8) Archive regions: 0->0
[2026-03-27T19:30:48.017+0900][3.141s][info][gc,heap     ] GC(8) Humongous regions: 65->65
[2026-03-27T19:30:48.017+0900][3.141s][info][gc,metaspace] GC(8) Metaspace: 274K(448K)->274K(448K) NonClass: 261K(320K)->261K(320K) Class: 12K(128K)->12K(128K)
[2026-03-27T19:30:48.017+0900][3.141s][info][gc          ] GC(8) Pause Young (Concurrent Start) (G1 Humongous Allocation) 132M->115M(256M) 0.587ms
[2026-03-27T19:30:48.017+0900][3.141s][info][gc,cpu      ] GC(8) User=0.00s Sys=0.00s Real=0.00s
[2026-03-27T19:30:48.017+0900][3.141s][info][gc          ] GC(9) Concurrent Mark Cycle
[2026-03-27T19:30:48.018+0900][3.141s][info][gc,marking  ] GC(9) Concurrent Clear Claimed Marks
[2026-03-27T19:30:48.018+0900][3.141s][info][gc,marking  ] GC(9) Concurrent Clear Claimed Marks 0.013ms
[2026-03-27T19:30:48.018+0900][3.141s][info][gc,marking  ] GC(9) Concurrent Scan Root Regions
[2026-03-27T19:30:48.018+0900][3.141s][info][gc,marking  ] GC(9) Concurrent Scan Root Regions 0.199ms
[2026-03-27T19:30:48.018+0900][3.141s][info][gc,marking  ] GC(9) Concurrent Mark
[2026-03-27T19:30:48.018+0900][3.141s][info][gc,marking  ] GC(9) Concurrent Mark From Roots
[2026-03-27T19:30:48.018+0900][3.141s][info][gc,task     ] GC(9) Using 2 workers of 2 for marking
[2026-03-27T19:30:48.018+0900][3.142s][info][gc,marking  ] GC(9) Concurrent Mark From Roots 0.692ms
[2026-03-27T19:30:48.018+0900][3.142s][info][gc,marking  ] GC(9) Concurrent Preclean
[2026-03-27T19:30:48.018+0900][3.142s][info][gc,marking  ] GC(9) Concurrent Preclean 0.014ms
[2026-03-27T19:30:48.019+0900][3.142s][info][gc,start    ] GC(9) Pause Remark
[2026-03-27T19:30:48.019+0900][3.142s][info][gc          ] GC(9) Pause Remark 116M->75M(256M) 0.280ms
[2026-03-27T19:30:48.019+0900][3.142s][info][gc,cpu      ] GC(9) User=0.00s Sys=0.00s Real=0.00s
[2026-03-27T19:30:48.019+0900][3.142s][info][gc,marking  ] GC(9) Concurrent Mark 1.154ms
[2026-03-27T19:30:48.019+0900][3.142s][info][gc,marking  ] GC(9) Concurrent Rebuild Remembered Sets
[2026-03-27T19:30:48.019+0900][3.143s][info][gc,marking  ] GC(9) Concurrent Rebuild Remembered Sets 0.346ms
[2026-03-27T19:30:48.019+0900][3.143s][info][gc,start    ] GC(9) Pause Cleanup
[2026-03-27T19:30:48.019+0900][3.143s][info][gc          ] GC(9) Pause Cleanup 75M->75M(256M) 0.076ms
[2026-03-27T19:30:48.019+0900][3.143s][info][gc,cpu      ] GC(9) User=0.00s Sys=0.00s Real=0.00s
[2026-03-27T19:30:48.019+0900][3.143s][info][gc,marking  ] GC(9) Concurrent Cleanup for Next Mark
[2026-03-27T19:30:48.020+0900][3.143s][info][gc,marking  ] GC(9) Concurrent Cleanup for Next Mark 0.506ms
[2026-03-27T19:30:48.020+0900][3.144s][info][gc          ] GC(9) Concurrent Mark Cycle 2.530ms
[2026-03-27T19:30:48.391+0900][3.515s][info][gc,start    ] GC(10) Pause Young (Prepare Mixed) (G1 Evacuation Pause)
[2026-03-27T19:30:48.391+0900][3.515s][info][gc,task     ] GC(10) Using 6 workers of 8 for evacuation
[2026-03-27T19:30:48.394+0900][3.517s][info][gc,phases   ] GC(10)   Pre Evacuate Collection Set: 1.0ms
[2026-03-27T19:30:48.394+0900][3.517s][info][gc,phases   ] GC(10)   Merge Heap Roots: 0.1ms
[2026-03-27T19:30:48.394+0900][3.517s][info][gc,phases   ] GC(10)   Evacuate Collection Set: 0.7ms
[2026-03-27T19:30:48.394+0900][3.517s][info][gc,phases   ] GC(10)   Post Evacuate Collection Set: 0.3ms
[2026-03-27T19:30:48.394+0900][3.517s][info][gc,phases   ] GC(10)   Other: 0.1ms
[2026-03-27T19:30:48.394+0900][3.517s][info][gc,heap     ] GC(10) Eden regions: 74->0(3)
[2026-03-27T19:30:48.394+0900][3.517s][info][gc,heap     ] GC(10) Survivor regions: 1->10(10)
[2026-03-27T19:30:48.394+0900][3.517s][info][gc,heap     ] GC(10) Old regions: 10->23
[2026-03-27T19:30:48.394+0900][3.517s][info][gc,heap     ] GC(10) Archive regions: 0->0
[2026-03-27T19:30:48.394+0900][3.517s][info][gc,heap     ] GC(10) Humongous regions: 73->73
[2026-03-27T19:30:48.394+0900][3.517s][info][gc,metaspace] GC(10) Metaspace: 274K(448K)->274K(448K) NonClass: 261K(320K)->261K(320K) Class: 12K(128K)->12K(128K)
[2026-03-27T19:30:48.394+0900][3.517s][info][gc          ] GC(10) Pause Young (Prepare Mixed) (G1 Evacuation Pause) 156M->105M(256M) 2.436ms
[2026-03-27T19:30:48.394+0900][3.517s][info][gc,cpu      ] GC(10) User=0.02s Sys=0.00s Real=0.00s
[2026-03-27T19:30:48.394+0900][3.517s][info][gc,start    ] GC(11) Pause Young (Mixed) (G1 Evacuation Pause)
[2026-03-27T19:30:48.394+0900][3.517s][info][gc,task     ] GC(11) Using 6 workers of 8 for evacuation
[2026-03-27T19:30:48.395+0900][3.518s][info][gc,phases   ] GC(11)   Pre Evacuate Collection Set: 0.0ms
[2026-03-27T19:30:48.395+0900][3.518s][info][gc,phases   ] GC(11)   Merge Heap Roots: 0.0ms
[2026-03-27T19:30:48.395+0900][3.518s][info][gc,phases   ] GC(11)   Evacuate Collection Set: 0.3ms
[2026-03-27T19:30:48.395+0900][3.518s][info][gc,phases   ] GC(11)   Post Evacuate Collection Set: 0.1ms
[2026-03-27T19:30:48.395+0900][3.518s][info][gc,phases   ] GC(11)   Other: 0.0ms
[2026-03-27T19:30:48.395+0900][3.518s][info][gc,heap     ] GC(11) Eden regions: 3->0(77)
[2026-03-27T19:30:48.395+0900][3.518s][info][gc,heap     ] GC(11) Survivor regions: 10->1(2)
[2026-03-27T19:30:48.395+0900][3.518s][info][gc,heap     ] GC(11) Old regions: 23->32
[2026-03-27T19:30:48.395+0900][3.518s][info][gc,heap     ] GC(11) Archive regions: 0->0
[2026-03-27T19:30:48.395+0900][3.518s][info][gc,heap     ] GC(11) Humongous regions: 73->73
[2026-03-27T19:30:48.395+0900][3.518s][info][gc,metaspace] GC(11) Metaspace: 274K(448K)->274K(448K) NonClass: 261K(320K)->261K(320K) Class: 12K(128K)->12K(128K)
[2026-03-27T19:30:48.395+0900][3.518s][info][gc          ] GC(11) Pause Young (Mixed) (G1 Evacuation Pause) 108M->104M(256M) 0.745ms
[2026-03-27T19:30:48.395+0900][3.518s][info][gc,cpu      ] GC(11) User=0.00s Sys=0.00s Real=0.00s
[2026-03-27T19:30:48.718+0900][3.842s][info][gc,start    ] GC(12) Pause Young (Normal) (G1 Evacuation Pause)
[2026-03-27T19:30:48.718+0900][3.842s][info][gc,task     ] GC(12) Using 6 workers of 8 for evacuation
[2026-03-27T19:30:48.720+0900][3.844s][info][gc,phases   ] GC(12)   Pre Evacuate Collection Set: 0.4ms
[2026-03-27T19:30:48.720+0900][3.844s][info][gc,phases   ] GC(12)   Merge Heap Roots: 0.1ms
[2026-03-27T19:30:48.720+0900][3.844s][info][gc,phases   ] GC(12)   Evacuate Collection Set: 0.6ms
[2026-03-27T19:30:48.720+0900][3.844s][info][gc,phases   ] GC(12)   Post Evacuate Collection Set: 0.8ms
[2026-03-27T19:30:48.720+0900][3.844s][info][gc,phases   ] GC(12)   Other: 0.1ms
[2026-03-27T19:30:48.720+0900][3.844s][info][gc,heap     ] GC(12) Eden regions: 77->0(65)
[2026-03-27T19:30:48.720+0900][3.844s][info][gc,heap     ] GC(12) Survivor regions: 1->10(10)
[2026-03-27T19:30:48.720+0900][3.844s][info][gc,heap     ] GC(12) Old regions: 32->34
[2026-03-27T19:30:48.720+0900][3.844s][info][gc,heap     ] GC(12) Archive regions: 0->0
[2026-03-27T19:30:48.720+0900][3.844s][info][gc,heap     ] GC(12) Humongous regions: 80->80
[2026-03-27T19:30:48.720+0900][3.844s][info][gc,metaspace] GC(12) Metaspace: 274K(448K)->274K(448K) NonClass: 261K(320K)->261K(320K) Class: 12K(128K)->12K(128K)
[2026-03-27T19:30:48.720+0900][3.844s][info][gc          ] GC(12) Pause Young (Normal) (G1 Evacuation Pause) 188M->123M(256M) 2.695ms
[2026-03-27T19:30:48.720+0900][3.844s][info][gc,cpu      ] GC(12) User=0.00s Sys=0.00s Real=0.00s
[2026-03-27T19:30:49.046+0900][4.169s][info][gc,start    ] GC(13) Pause Young (Normal) (G1 Evacuation Pause)
[2026-03-27T19:30:49.046+0900][4.169s][info][gc,task     ] GC(13) Using 6 workers of 8 for evacuation
[2026-03-27T19:30:49.048+0900][4.171s][info][gc,phases   ] GC(13)   Pre Evacuate Collection Set: 0.1ms
[2026-03-27T19:30:49.048+0900][4.171s][info][gc,phases   ] GC(13)   Merge Heap Roots: 0.1ms
[2026-03-27T19:30:49.048+0900][4.171s][info][gc,phases   ] GC(13)   Evacuate Collection Set: 1.1ms
[2026-03-27T19:30:49.048+0900][4.171s][info][gc,phases   ] GC(13)   Post Evacuate Collection Set: 0.7ms
[2026-03-27T19:30:49.048+0900][4.171s][info][gc,phases   ] GC(13)   Other: 0.1ms
[2026-03-27T19:30:49.048+0900][4.171s][info][gc,heap     ] GC(13) Eden regions: 65->0(48)
[2026-03-27T19:30:49.048+0900][4.171s][info][gc,heap     ] GC(13) Survivor regions: 10->10(10)
[2026-03-27T19:30:49.048+0900][4.171s][info][gc,heap     ] GC(13) Old regions: 34->56
[2026-03-27T19:30:49.048+0900][4.171s][info][gc,heap     ] GC(13) Archive regions: 0->0
[2026-03-27T19:30:49.048+0900][4.171s][info][gc,heap     ] GC(13) Humongous regions: 80->80
[2026-03-27T19:30:49.048+0900][4.171s][info][gc,metaspace] GC(13) Metaspace: 274K(448K)->274K(448K) NonClass: 261K(320K)->261K(320K) Class: 12K(128K)->12K(128K)
[2026-03-27T19:30:49.048+0900][4.171s][info][gc          ] GC(13) Pause Young (Normal) (G1 Evacuation Pause) 188M->145M(256M) 2.471ms
[2026-03-27T19:30:49.048+0900][4.171s][info][gc,cpu      ] GC(13) User=0.00s Sys=0.00s Real=0.00s
[2026-03-27T19:30:49.233+0900][4.356s][info][gc,start    ] GC(14) Pause Young (Concurrent Start) (G1 Evacuation Pause)
[2026-03-27T19:30:49.233+0900][4.356s][info][gc,task     ] GC(14) Using 6 workers of 8 for evacuation
[2026-03-27T19:30:49.233+0900][4.357s][info][gc,phases   ] GC(14)   Pre Evacuate Collection Set: 0.1ms
[2026-03-27T19:30:49.233+0900][4.357s][info][gc,phases   ] GC(14)   Merge Heap Roots: 0.0ms
[2026-03-27T19:30:49.233+0900][4.357s][info][gc,phases   ] GC(14)   Evacuate Collection Set: 0.4ms
[2026-03-27T19:30:49.233+0900][4.357s][info][gc,phases   ] GC(14)   Post Evacuate Collection Set: 0.1ms
[2026-03-27T19:30:49.233+0900][4.357s][info][gc,phases   ] GC(14)   Other: 0.1ms
[2026-03-27T19:30:49.234+0900][4.357s][info][gc,heap     ] GC(14) Eden regions: 48->0(48)
[2026-03-27T19:30:49.234+0900][4.357s][info][gc,heap     ] GC(14) Survivor regions: 10->8(8)
[2026-03-27T19:30:49.234+0900][4.357s][info][gc,heap     ] GC(14) Old regions: 56->59
[2026-03-27T19:30:49.234+0900][4.357s][info][gc,heap     ] GC(14) Archive regions: 0->0
[2026-03-27T19:30:49.234+0900][4.357s][info][gc,heap     ] GC(14) Humongous regions: 80->80
[2026-03-27T19:30:49.234+0900][4.357s][info][gc,metaspace] GC(14) Metaspace: 274K(448K)->274K(448K) NonClass: 261K(320K)->261K(320K) Class: 12K(128K)->12K(128K)
[2026-03-27T19:30:49.234+0900][4.357s][info][gc          ] GC(14) Pause Young (Concurrent Start) (G1 Evacuation Pause) 193M->146M(256M) 0.940ms
[2026-03-27T19:30:49.234+0900][4.357s][info][gc,cpu      ] GC(14) User=0.00s Sys=0.00s Real=0.00s
[2026-03-27T19:30:49.234+0900][4.357s][info][gc          ] GC(15) Concurrent Mark Cycle
[2026-03-27T19:30:49.234+0900][4.357s][info][gc,marking  ] GC(15) Concurrent Clear Claimed Marks
[2026-03-27T19:30:49.234+0900][4.357s][info][gc,marking  ] GC(15) Concurrent Clear Claimed Marks 0.024ms
[2026-03-27T19:30:49.234+0900][4.357s][info][gc,marking  ] GC(15) Concurrent Scan Root Regions
[2026-03-27T19:30:49.234+0900][4.357s][info][gc,marking  ] GC(15) Concurrent Scan Root Regions 0.049ms
[2026-03-27T19:30:49.234+0900][4.357s][info][gc,marking  ] GC(15) Concurrent Mark
[2026-03-27T19:30:49.234+0900][4.357s][info][gc,marking  ] GC(15) Concurrent Mark From Roots
[2026-03-27T19:30:49.234+0900][4.357s][info][gc,task     ] GC(15) Using 2 workers of 2 for marking
[2026-03-27T19:30:49.234+0900][4.358s][info][gc,marking  ] GC(15) Concurrent Mark From Roots 0.583ms
[2026-03-27T19:30:49.234+0900][4.358s][info][gc,marking  ] GC(15) Concurrent Preclean
[2026-03-27T19:30:49.234+0900][4.358s][info][gc,marking  ] GC(15) Concurrent Preclean 0.012ms
[2026-03-27T19:30:49.234+0900][4.358s][info][gc,start    ] GC(15) Pause Remark
[2026-03-27T19:30:49.235+0900][4.358s][info][gc          ] GC(15) Pause Remark 148M->105M(256M) 0.242ms
[2026-03-27T19:30:49.235+0900][4.358s][info][gc,cpu      ] GC(15) User=0.00s Sys=0.00s Real=0.00s
[2026-03-27T19:30:49.235+0900][4.358s][info][gc,marking  ] GC(15) Concurrent Mark 0.971ms
[2026-03-27T19:30:49.235+0900][4.358s][info][gc,marking  ] GC(15) Concurrent Rebuild Remembered Sets
[2026-03-27T19:30:49.235+0900][4.359s][info][gc,marking  ] GC(15) Concurrent Rebuild Remembered Sets 0.335ms
[2026-03-27T19:30:49.235+0900][4.359s][info][gc,start    ] GC(15) Pause Cleanup
[2026-03-27T19:30:49.235+0900][4.359s][info][gc          ] GC(15) Pause Cleanup 105M->105M(256M) 0.060ms
[2026-03-27T19:30:49.235+0900][4.359s][info][gc,cpu      ] GC(15) User=0.00s Sys=0.00s Real=0.00s
[2026-03-27T19:30:49.235+0900][4.359s][info][gc,marking  ] GC(15) Concurrent Cleanup for Next Mark
[2026-03-27T19:30:49.235+0900][4.359s][info][gc,marking  ] GC(15) Concurrent Cleanup for Next Mark 0.382ms
[2026-03-27T19:30:49.236+0900][4.359s][info][gc          ] GC(15) Concurrent Mark Cycle 2.060ms
[2026-03-27T19:30:49.468+0900][4.591s][info][gc,start    ] GC(16) Pause Young (Prepare Mixed) (G1 Evacuation Pause)
[2026-03-27T19:30:49.468+0900][4.591s][info][gc,task     ] GC(16) Using 6 workers of 8 for evacuation
[2026-03-27T19:30:49.469+0900][4.593s][info][gc,phases   ] GC(16)   Pre Evacuate Collection Set: 0.1ms
[2026-03-27T19:30:49.469+0900][4.593s][info][gc,phases   ] GC(16)   Merge Heap Roots: 0.2ms
[2026-03-27T19:30:49.469+0900][4.593s][info][gc,phases   ] GC(16)   Evacuate Collection Set: 1.0ms
[2026-03-27T19:30:49.469+0900][4.593s][info][gc,phases   ] GC(16)   Post Evacuate Collection Set: 0.6ms
[2026-03-27T19:30:49.469+0900][4.593s][info][gc,phases   ] GC(16)   Other: 0.1ms
[2026-03-27T19:30:49.469+0900][4.593s][info][gc,heap     ] GC(16) Eden regions: 48->0(5)
[2026-03-27T19:30:49.470+0900][4.593s][info][gc,heap     ] GC(16) Survivor regions: 8->7(7)
[2026-03-27T19:30:49.470+0900][4.593s][info][gc,heap     ] GC(16) Old regions: 16->33
[2026-03-27T19:30:49.470+0900][4.593s][info][gc,heap     ] GC(16) Archive regions: 0->0
[2026-03-27T19:30:49.470+0900][4.593s][info][gc,heap     ] GC(16) Humongous regions: 80->80
[2026-03-27T19:30:49.470+0900][4.593s][info][gc,metaspace] GC(16) Metaspace: 274K(448K)->274K(448K) NonClass: 261K(320K)->261K(320K) Class: 12K(128K)->12K(128K)
[2026-03-27T19:30:49.470+0900][4.593s][info][gc          ] GC(16) Pause Young (Prepare Mixed) (G1 Evacuation Pause) 151M->119M(256M) 2.606ms
[2026-03-27T19:30:49.470+0900][4.593s][info][gc,cpu      ] GC(16) User=0.00s Sys=0.00s Real=0.00s
[2026-03-27T19:30:49.470+0900][4.594s][info][gc,start    ] GC(17) Pause Young (Mixed) (G1 Evacuation Pause)
[2026-03-27T19:30:49.470+0900][4.594s][info][gc,task     ] GC(17) Using 6 workers of 8 for evacuation
[2026-03-27T19:30:49.471+0900][4.595s][info][gc,phases   ] GC(17)   Pre Evacuate Collection Set: 0.2ms
[2026-03-27T19:30:49.471+0900][4.595s][info][gc,phases   ] GC(17)   Merge Heap Roots: 0.2ms
[2026-03-27T19:30:49.471+0900][4.595s][info][gc,phases   ] GC(17)   Evacuate Collection Set: 0.4ms
[2026-03-27T19:30:49.471+0900][4.595s][info][gc,phases   ] GC(17)   Post Evacuate Collection Set: 0.3ms
[2026-03-27T19:30:49.471+0900][4.595s][info][gc,phases   ] GC(17)   Other: 0.1ms
[2026-03-27T19:30:49.471+0900][4.595s][info][gc,heap     ] GC(17) Eden regions: 5->0(60)
[2026-03-27T19:30:49.471+0900][4.595s][info][gc,heap     ] GC(17) Survivor regions: 7->2(2)
[2026-03-27T19:30:49.471+0900][4.595s][info][gc,heap     ] GC(17) Old regions: 33->39
[2026-03-27T19:30:49.471+0900][4.595s][info][gc,heap     ] GC(17) Archive regions: 0->0
[2026-03-27T19:30:49.471+0900][4.595s][info][gc,heap     ] GC(17) Humongous regions: 80->80
[2026-03-27T19:30:49.471+0900][4.595s][info][gc,metaspace] GC(17) Metaspace: 274K(448K)->274K(448K) NonClass: 261K(320K)->261K(320K) Class: 12K(128K)->12K(128K)
[2026-03-27T19:30:49.471+0900][4.595s][info][gc          ] GC(17) Pause Young (Mixed) (G1 Evacuation Pause) 124M->120M(256M) 1.495ms
[2026-03-27T19:30:49.471+0900][4.595s][info][gc,cpu      ] GC(17) User=0.00s Sys=0.02s Real=0.00s
[2026-03-27T19:30:49.750+0900][4.874s][info][gc,start    ] GC(18) Pause Young (Concurrent Start) (G1 Evacuation Pause)
[2026-03-27T19:30:49.750+0900][4.874s][info][gc,task     ] GC(18) Using 6 workers of 8 for evacuation
[2026-03-27T19:30:49.754+0900][4.877s][info][gc,phases   ] GC(18)   Pre Evacuate Collection Set: 0.3ms
[2026-03-27T19:30:49.754+0900][4.877s][info][gc,phases   ] GC(18)   Merge Heap Roots: 0.1ms
[2026-03-27T19:30:49.754+0900][4.877s][info][gc,phases   ] GC(18)   Evacuate Collection Set: 0.6ms
[2026-03-27T19:30:49.754+0900][4.877s][info][gc,phases   ] GC(18)   Post Evacuate Collection Set: 1.4ms
[2026-03-27T19:30:49.754+0900][4.877s][info][gc,phases   ] GC(18)   Other: 0.3ms
[2026-03-27T19:30:49.754+0900][4.877s][info][gc,heap     ] GC(18) Eden regions: 60->0(103)
[2026-03-27T19:30:49.754+0900][4.877s][info][gc,heap     ] GC(18) Survivor regions: 2->8(8)
[2026-03-27T19:30:49.754+0900][4.877s][info][gc,heap     ] GC(18) Old regions: 39->42
[2026-03-27T19:30:49.754+0900][4.877s][info][gc,heap     ] GC(18) Archive regions: 0->0
[2026-03-27T19:30:49.754+0900][4.877s][info][gc,heap     ] GC(18) Humongous regions: 80->80
[2026-03-27T19:30:49.754+0900][4.877s][info][gc,metaspace] GC(18) Metaspace: 274K(448K)->274K(448K) NonClass: 261K(320K)->261K(320K) Class: 12K(128K)->12K(128K)
[2026-03-27T19:30:49.754+0900][4.877s][info][gc          ] GC(18) Pause Young (Concurrent Start) (G1 Evacuation Pause) 180M->129M(338M) 3.514ms
[2026-03-27T19:30:49.754+0900][4.877s][info][gc,cpu      ] GC(18) User=0.00s Sys=0.00s Real=0.00s
[2026-03-27T19:30:49.754+0900][4.877s][info][gc          ] GC(19) Concurrent Mark Cycle
[2026-03-27T19:30:49.754+0900][4.877s][info][gc,marking  ] GC(19) Concurrent Clear Claimed Marks
[2026-03-27T19:30:49.754+0900][4.877s][info][gc,marking  ] GC(19) Concurrent Clear Claimed Marks 0.034ms
[2026-03-27T19:30:49.754+0900][4.878s][info][gc,marking  ] GC(19) Concurrent Scan Root Regions
[2026-03-27T19:30:49.754+0900][4.878s][info][gc,marking  ] GC(19) Concurrent Scan Root Regions 0.239ms
[2026-03-27T19:30:49.754+0900][4.878s][info][gc,marking  ] GC(19) Concurrent Mark
[2026-03-27T19:30:49.754+0900][4.878s][info][gc,marking  ] GC(19) Concurrent Mark From Roots
[2026-03-27T19:30:49.754+0900][4.878s][info][gc,task     ] GC(19) Using 2 workers of 2 for marking
[2026-03-27T19:30:49.756+0900][4.879s][info][gc,marking  ] GC(19) Concurrent Mark From Roots 1.057ms
[2026-03-27T19:30:49.756+0900][4.879s][info][gc,marking  ] GC(19) Concurrent Preclean
[2026-03-27T19:30:49.756+0900][4.879s][info][gc,marking  ] GC(19) Concurrent Preclean 0.022ms
[2026-03-27T19:30:49.756+0900][4.879s][info][gc,start    ] GC(19) Pause Remark
[2026-03-27T19:30:49.757+0900][4.880s][info][gc          ] GC(19) Pause Remark 132M->107M(338M) 0.904ms
[2026-03-27T19:30:49.757+0900][4.880s][info][gc,cpu      ] GC(19) User=0.00s Sys=0.00s Real=0.00s
[2026-03-27T19:30:49.757+0900][4.880s][info][gc,marking  ] GC(19) Concurrent Mark 2.465ms
[2026-03-27T19:30:49.757+0900][4.880s][info][gc,marking  ] GC(19) Concurrent Rebuild Remembered Sets
[2026-03-27T19:30:49.757+0900][4.881s][info][gc,marking  ] GC(19) Concurrent Rebuild Remembered Sets 0.646ms
[2026-03-27T19:30:49.758+0900][4.881s][info][gc,start    ] GC(19) Pause Cleanup
[2026-03-27T19:30:49.758+0900][4.881s][info][gc          ] GC(19) Pause Cleanup 107M->107M(338M) 0.062ms
[2026-03-27T19:30:49.758+0900][4.881s][info][gc,cpu      ] GC(19) User=0.00s Sys=0.00s Real=0.00s
[2026-03-27T19:30:49.758+0900][4.881s][info][gc,marking  ] GC(19) Concurrent Cleanup for Next Mark
[2026-03-27T19:30:49.758+0900][4.881s][info][gc,marking  ] GC(19) Concurrent Cleanup for Next Mark 0.240ms
[2026-03-27T19:30:49.758+0900][4.881s][info][gc          ] GC(19) Concurrent Mark Cycle 4.188ms
[2026-03-27T19:30:50.233+0900][5.356s][info][gc,start    ] GC(20) Pause Young (Prepare Mixed) (G1 Evacuation Pause)
[2026-03-27T19:30:50.234+0900][5.357s][info][gc,task     ] GC(20) Using 8 workers of 8 for evacuation
[2026-03-27T19:30:50.236+0900][5.359s][info][gc,phases   ] GC(20)   Pre Evacuate Collection Set: 0.2ms
[2026-03-27T19:30:50.236+0900][5.359s][info][gc,phases   ] GC(20)   Merge Heap Roots: 0.3ms
[2026-03-27T19:30:50.236+0900][5.359s][info][gc,phases   ] GC(20)   Evacuate Collection Set: 0.5ms
[2026-03-27T19:30:50.236+0900][5.359s][info][gc,phases   ] GC(20)   Post Evacuate Collection Set: 0.8ms
[2026-03-27T19:30:50.236+0900][5.359s][info][gc,phases   ] GC(20)   Other: 0.7ms
[2026-03-27T19:30:50.236+0900][5.359s][info][gc,heap     ] GC(20) Eden regions: 103->0(9)
[2026-03-27T19:30:50.236+0900][5.359s][info][gc,heap     ] GC(20) Survivor regions: 8->7(14)
[2026-03-27T19:30:50.236+0900][5.359s][info][gc,heap     ] GC(20) Old regions: 17->17
[2026-03-27T19:30:50.236+0900][5.359s][info][gc,heap     ] GC(20) Archive regions: 0->0
[2026-03-27T19:30:50.236+0900][5.359s][info][gc,heap     ] GC(20) Humongous regions: 80->80
[2026-03-27T19:30:50.236+0900][5.359s][info][gc,metaspace] GC(20) Metaspace: 274K(448K)->274K(448K) NonClass: 261K(320K)->261K(320K) Class: 12K(128K)->12K(128K)
[2026-03-27T19:30:50.236+0900][5.359s][info][gc          ] GC(20) Pause Young (Prepare Mixed) (G1 Evacuation Pause) 207M->103M(338M) 3.108ms
[2026-03-27T19:30:50.236+0900][5.359s][info][gc,cpu      ] GC(20) User=0.00s Sys=0.00s Real=0.00s
[2026-03-27T19:30:50.280+0900][5.403s][info][gc,start    ] GC(21) Pause Young (Mixed) (G1 Evacuation Pause)
[2026-03-27T19:30:50.280+0900][5.403s][info][gc,task     ] GC(21) Using 8 workers of 8 for evacuation
[2026-03-27T19:30:50.282+0900][5.405s][info][gc,phases   ] GC(21)   Pre Evacuate Collection Set: 0.1ms
[2026-03-27T19:30:50.282+0900][5.405s][info][gc,phases   ] GC(21)   Merge Heap Roots: 0.2ms
[2026-03-27T19:30:50.282+0900][5.405s][info][gc,phases   ] GC(21)   Evacuate Collection Set: 0.7ms
[2026-03-27T19:30:50.282+0900][5.405s][info][gc,phases   ] GC(21)   Post Evacuate Collection Set: 0.9ms
[2026-03-27T19:30:50.282+0900][5.405s][info][gc,phases   ] GC(21)   Other: 0.2ms
[2026-03-27T19:30:50.282+0900][5.405s][info][gc,heap     ] GC(21) Eden regions: 9->0(127)
[2026-03-27T19:30:50.282+0900][5.405s][info][gc,heap     ] GC(21) Survivor regions: 7->2(2)
[2026-03-27T19:30:50.282+0900][5.406s][info][gc,heap     ] GC(21) Old regions: 17->24
[2026-03-27T19:30:50.283+0900][5.406s][info][gc,heap     ] GC(21) Archive regions: 0->0
[2026-03-27T19:30:50.283+0900][5.406s][info][gc,heap     ] GC(21) Humongous regions: 80->80
[2026-03-27T19:30:50.283+0900][5.406s][info][gc,metaspace] GC(21) Metaspace: 274K(448K)->274K(448K) NonClass: 261K(320K)->261K(320K) Class: 12K(128K)->12K(128K)
[2026-03-27T19:30:50.283+0900][5.406s][info][gc          ] GC(21) Pause Young (Mixed) (G1 Evacuation Pause) 112M->105M(338M) 2.914ms
[2026-03-27T19:30:50.283+0900][5.406s][info][gc,cpu      ] GC(21) User=0.00s Sys=0.00s Real=0.00s
[2026-03-27T19:30:50.842+0900][5.966s][info][gc,start    ] GC(22) Pause Young (Normal) (G1 Evacuation Pause)
[2026-03-27T19:30:50.842+0900][5.966s][info][gc,task     ] GC(22) Using 8 workers of 8 for evacuation
[2026-03-27T19:30:50.845+0900][5.968s][info][gc,phases   ] GC(22)   Pre Evacuate Collection Set: 0.2ms
[2026-03-27T19:30:50.845+0900][5.968s][info][gc,phases   ] GC(22)   Merge Heap Roots: 0.2ms
[2026-03-27T19:30:50.845+0900][5.969s][info][gc,phases   ] GC(22)   Evacuate Collection Set: 1.0ms
[2026-03-27T19:30:50.845+0900][5.969s][info][gc,phases   ] GC(22)   Post Evacuate Collection Set: 0.9ms
[2026-03-27T19:30:50.845+0900][5.969s][info][gc,phases   ] GC(22)   Other: 0.2ms
[2026-03-27T19:30:50.845+0900][5.969s][info][gc,heap     ] GC(22) Eden regions: 127->0(121)
[2026-03-27T19:30:50.845+0900][5.969s][info][gc,heap     ] GC(22) Survivor regions: 2->16(17)
[2026-03-27T19:30:50.845+0900][5.969s][info][gc,heap     ] GC(22) Old regions: 24->24
[2026-03-27T19:30:50.845+0900][5.969s][info][gc,heap     ] GC(22) Archive regions: 0->0
[2026-03-27T19:30:50.845+0900][5.969s][info][gc,heap     ] GC(22) Humongous regions: 80->80
[2026-03-27T19:30:50.845+0900][5.969s][info][gc,metaspace] GC(22) Metaspace: 274K(448K)->274K(448K) NonClass: 261K(320K)->261K(320K) Class: 12K(128K)->12K(128K)
[2026-03-27T19:30:50.845+0900][5.969s][info][gc          ] GC(22) Pause Young (Normal) (G1 Evacuation Pause) 232M->119M(338M) 3.227ms
[2026-03-27T19:30:50.845+0900][5.969s][info][gc,cpu      ] GC(22) User=0.00s Sys=0.00s Real=0.00s
[2026-03-27T19:30:51.412+0900][6.535s][info][gc,start    ] GC(23) Pause Young (Normal) (G1 Evacuation Pause)
[2026-03-27T19:30:51.412+0900][6.535s][info][gc,task     ] GC(23) Using 8 workers of 8 for evacuation
[2026-03-27T19:30:51.413+0900][6.536s][info][gc,phases   ] GC(23)   Pre Evacuate Collection Set: 0.1ms
[2026-03-27T19:30:51.413+0900][6.536s][info][gc,phases   ] GC(23)   Merge Heap Roots: 0.1ms
[2026-03-27T19:30:51.413+0900][6.536s][info][gc,phases   ] GC(23)   Evacuate Collection Set: 0.6ms
[2026-03-27T19:30:51.413+0900][6.536s][info][gc,phases   ] GC(23)   Post Evacuate Collection Set: 0.2ms
[2026-03-27T19:30:51.413+0900][6.536s][info][gc,phases   ] GC(23)   Other: 0.1ms
[2026-03-27T19:30:51.413+0900][6.536s][info][gc,heap     ] GC(23) Eden regions: 121->0(123)
[2026-03-27T19:30:51.413+0900][6.536s][info][gc,heap     ] GC(23) Survivor regions: 16->17(18)
[2026-03-27T19:30:51.413+0900][6.536s][info][gc,heap     ] GC(23) Old regions: 24->24
[2026-03-27T19:30:51.413+0900][6.536s][info][gc,heap     ] GC(23) Archive regions: 0->0
[2026-03-27T19:30:51.413+0900][6.536s][info][gc,heap     ] GC(23) Humongous regions: 80->80
[2026-03-27T19:30:51.413+0900][6.536s][info][gc,metaspace] GC(23) Metaspace: 274K(448K)->274K(448K) NonClass: 261K(320K)->261K(320K) Class: 12K(128K)->12K(128K)
[2026-03-27T19:30:51.413+0900][6.536s][info][gc          ] GC(23) Pause Young (Normal) (G1 Evacuation Pause) 239M->120M(338M) 1.362ms
[2026-03-27T19:30:51.413+0900][6.536s][info][gc,cpu      ] GC(23) User=0.00s Sys=0.00s Real=0.00s
[2026-03-27T19:30:52.026+0900][7.149s][info][gc,start    ] GC(24) Pause Young (Normal) (G1 Evacuation Pause)
[2026-03-27T19:30:52.026+0900][7.149s][info][gc,task     ] GC(24) Using 8 workers of 8 for evacuation
[2026-03-27T19:30:52.027+0900][7.150s][info][gc,phases   ] GC(24)   Pre Evacuate Collection Set: 0.1ms
[2026-03-27T19:30:52.027+0900][7.150s][info][gc,phases   ] GC(24)   Merge Heap Roots: 0.0ms
[2026-03-27T19:30:52.027+0900][7.150s][info][gc,phases   ] GC(24)   Evacuate Collection Set: 0.7ms
[2026-03-27T19:30:52.027+0900][7.150s][info][gc,phases   ] GC(24)   Post Evacuate Collection Set: 0.4ms
[2026-03-27T19:30:52.027+0900][7.150s][info][gc,phases   ] GC(24)   Other: 0.1ms
[2026-03-27T19:30:52.027+0900][7.150s][info][gc,heap     ] GC(24) Eden regions: 123->0(121)
[2026-03-27T19:30:52.027+0900][7.150s][info][gc,heap     ] GC(24) Survivor regions: 17->18(18)
[2026-03-27T19:30:52.027+0900][7.150s][info][gc,heap     ] GC(24) Old regions: 24->26
[2026-03-27T19:30:52.027+0900][7.150s][info][gc,heap     ] GC(24) Archive regions: 0->0
[2026-03-27T19:30:52.027+0900][7.150s][info][gc,heap     ] GC(24) Humongous regions: 80->80
[2026-03-27T19:30:52.027+0900][7.150s][info][gc,metaspace] GC(24) Metaspace: 274K(448K)->274K(448K) NonClass: 261K(320K)->261K(320K) Class: 12K(128K)->12K(128K)
[2026-03-27T19:30:52.027+0900][7.150s][info][gc          ] GC(24) Pause Young (Normal) (G1 Evacuation Pause) 243M->123M(338M) 1.606ms
[2026-03-27T19:30:52.027+0900][7.150s][info][gc,cpu      ] GC(24) User=0.00s Sys=0.00s Real=0.00s
[2026-03-27T19:30:52.590+0900][7.713s][info][gc,start    ] GC(25) Pause Young (Normal) (G1 Evacuation Pause)
[2026-03-27T19:30:52.591+0900][7.714s][info][gc,task     ] GC(25) Using 8 workers of 8 for evacuation
[2026-03-27T19:30:52.592+0900][7.715s][info][gc,phases   ] GC(25)   Pre Evacuate Collection Set: 0.1ms
[2026-03-27T19:30:52.593+0900][7.716s][info][gc,phases   ] GC(25)   Merge Heap Roots: 0.2ms
[2026-03-27T19:30:52.593+0900][7.716s][info][gc,phases   ] GC(25)   Evacuate Collection Set: 0.9ms
[2026-03-27T19:30:52.593+0900][7.716s][info][gc,phases   ] GC(25)   Post Evacuate Collection Set: 0.6ms
[2026-03-27T19:30:52.593+0900][7.716s][info][gc,phases   ] GC(25)   Other: 0.1ms
[2026-03-27T19:30:52.593+0900][7.716s][info][gc,heap     ] GC(25) Eden regions: 121->0(113)
[2026-03-27T19:30:52.593+0900][7.716s][info][gc,heap     ] GC(25) Survivor regions: 18->18(18)
[2026-03-27T19:30:52.593+0900][7.716s][info][gc,heap     ] GC(25) Old regions: 26->32
[2026-03-27T19:30:52.593+0900][7.716s][info][gc,heap     ] GC(25) Archive regions: 0->0
[2026-03-27T19:30:52.593+0900][7.716s][info][gc,heap     ] GC(25) Humongous regions: 80->80
[2026-03-27T19:30:52.593+0900][7.716s][info][gc,metaspace] GC(25) Metaspace: 274K(448K)->274K(448K) NonClass: 261K(320K)->261K(320K) Class: 12K(128K)->12K(128K)
[2026-03-27T19:30:52.593+0900][7.716s][info][gc          ] GC(25) Pause Young (Normal) (G1 Evacuation Pause) 244M->129M(338M) 2.361ms
[2026-03-27T19:30:52.593+0900][7.716s][info][gc,cpu      ] GC(25) User=0.00s Sys=0.00s Real=0.00s
[2026-03-27T19:30:53.103+0900][8.226s][info][gc,start    ] GC(26) Pause Young (Normal) (G1 Evacuation Pause)
[2026-03-27T19:30:53.103+0900][8.227s][info][gc,task     ] GC(26) Using 8 workers of 8 for evacuation
[2026-03-27T19:30:53.106+0900][8.229s][info][gc,phases   ] GC(26)   Pre Evacuate Collection Set: 0.2ms
[2026-03-27T19:30:53.106+0900][8.229s][info][gc,phases   ] GC(26)   Merge Heap Roots: 0.2ms
[2026-03-27T19:30:53.106+0900][8.229s][info][gc,phases   ] GC(26)   Evacuate Collection Set: 1.1ms
[2026-03-27T19:30:53.106+0900][8.229s][info][gc,phases   ] GC(26)   Post Evacuate Collection Set: 0.7ms
[2026-03-27T19:30:53.106+0900][8.229s][info][gc,phases   ] GC(26)   Other: 0.2ms
[2026-03-27T19:30:53.106+0900][8.229s][info][gc,heap     ] GC(26) Eden regions: 113->0(108)
[2026-03-27T19:30:53.106+0900][8.229s][info][gc,heap     ] GC(26) Survivor regions: 18->17(17)
[2026-03-27T19:30:53.106+0900][8.229s][info][gc,heap     ] GC(26) Old regions: 32->38
[2026-03-27T19:30:53.106+0900][8.229s][info][gc,heap     ] GC(26) Archive regions: 0->0
[2026-03-27T19:30:53.106+0900][8.229s][info][gc,heap     ] GC(26) Humongous regions: 80->80
[2026-03-27T19:30:53.106+0900][8.229s][info][gc,metaspace] GC(26) Metaspace: 274K(448K)->274K(448K) NonClass: 261K(320K)->261K(320K) Class: 12K(128K)->12K(128K)
[2026-03-27T19:30:53.106+0900][8.229s][info][gc          ] GC(26) Pause Young (Normal) (G1 Evacuation Pause) 242M->134M(338M) 2.994ms
[2026-03-27T19:30:53.106+0900][8.229s][info][gc,cpu      ] GC(26) User=0.00s Sys=0.00s Real=0.00s
[2026-03-27T19:30:53.573+0900][8.696s][info][gc,start    ] GC(27) Pause Young (Normal) (G1 Evacuation Pause)
[2026-03-27T19:30:53.573+0900][8.697s][info][gc,task     ] GC(27) Using 8 workers of 8 for evacuation
[2026-03-27T19:30:53.575+0900][8.698s][info][gc,phases   ] GC(27)   Pre Evacuate Collection Set: 0.1ms
[2026-03-27T19:30:53.575+0900][8.698s][info][gc,phases   ] GC(27)   Merge Heap Roots: 0.0ms
[2026-03-27T19:30:53.575+0900][8.698s][info][gc,phases   ] GC(27)   Evacuate Collection Set: 0.6ms
[2026-03-27T19:30:53.575+0900][8.698s][info][gc,phases   ] GC(27)   Post Evacuate Collection Set: 0.2ms
[2026-03-27T19:30:53.575+0900][8.698s][info][gc,phases   ] GC(27)   Other: 0.1ms
[2026-03-27T19:30:53.575+0900][8.698s][info][gc,heap     ] GC(27) Eden regions: 108->0(106)
[2026-03-27T19:30:53.575+0900][8.698s][info][gc,heap     ] GC(27) Survivor regions: 17->16(16)
[2026-03-27T19:30:53.575+0900][8.698s][info][gc,heap     ] GC(27) Old regions: 38->42
[2026-03-27T19:30:53.575+0900][8.698s][info][gc,heap     ] GC(27) Archive regions: 0->0
[2026-03-27T19:30:53.575+0900][8.698s][info][gc,heap     ] GC(27) Humongous regions: 80->80
[2026-03-27T19:30:53.575+0900][8.698s][info][gc,metaspace] GC(27) Metaspace: 274K(448K)->274K(448K) NonClass: 261K(320K)->261K(320K) Class: 12K(128K)->12K(128K)
[2026-03-27T19:30:53.575+0900][8.698s][info][gc          ] GC(27) Pause Young (Normal) (G1 Evacuation Pause) 242M->137M(338M) 1.335ms
[2026-03-27T19:30:53.575+0900][8.698s][info][gc,cpu      ] GC(27) User=0.00s Sys=0.00s Real=0.00s
[2026-03-27T19:30:54.041+0900][9.164s][info][gc,start    ] GC(28) Pause Young (Normal) (G1 Evacuation Pause)
[2026-03-27T19:30:54.041+0900][9.164s][info][gc,task     ] GC(28) Using 8 workers of 8 for evacuation
[2026-03-27T19:30:54.044+0900][9.167s][info][gc,phases   ] GC(28)   Pre Evacuate Collection Set: 0.2ms
[2026-03-27T19:30:54.044+0900][9.167s][info][gc,phases   ] GC(28)   Merge Heap Roots: 0.2ms
[2026-03-27T19:30:54.044+0900][9.167s][info][gc,phases   ] GC(28)   Evacuate Collection Set: 1.0ms
[2026-03-27T19:30:54.044+0900][9.167s][info][gc,phases   ] GC(28)   Post Evacuate Collection Set: 0.9ms
[2026-03-27T19:30:54.044+0900][9.167s][info][gc,phases   ] GC(28)   Other: 0.1ms
[2026-03-27T19:30:54.044+0900][9.167s][info][gc,heap     ] GC(28) Eden regions: 106->0(105)
[2026-03-27T19:30:54.044+0900][9.167s][info][gc,heap     ] GC(28) Survivor regions: 16->16(16)
[2026-03-27T19:30:54.044+0900][9.167s][info][gc,heap     ] GC(28) Old regions: 42->44
[2026-03-27T19:30:54.044+0900][9.167s][info][gc,heap     ] GC(28) Archive regions: 0->0
[2026-03-27T19:30:54.044+0900][9.167s][info][gc,heap     ] GC(28) Humongous regions: 80->80
[2026-03-27T19:30:54.044+0900][9.167s][info][gc,metaspace] GC(28) Metaspace: 274K(448K)->274K(448K) NonClass: 261K(320K)->261K(320K) Class: 12K(128K)->12K(128K)
[2026-03-27T19:30:54.044+0900][9.167s][info][gc          ] GC(28) Pause Young (Normal) (G1 Evacuation Pause) 243M->139M(338M) 3.160ms
[2026-03-27T19:30:54.044+0900][9.167s][info][gc,cpu      ] GC(28) User=0.00s Sys=0.00s Real=0.00s
[2026-03-27T19:30:54.556+0900][9.679s][info][gc,start    ] GC(29) Pause Young (Normal) (G1 Evacuation Pause)
[2026-03-27T19:30:54.556+0900][9.679s][info][gc,task     ] GC(29) Using 8 workers of 8 for evacuation
[2026-03-27T19:30:54.557+0900][9.680s][info][gc,phases   ] GC(29)   Pre Evacuate Collection Set: 0.0ms
[2026-03-27T19:30:54.557+0900][9.680s][info][gc,phases   ] GC(29)   Merge Heap Roots: 0.0ms
[2026-03-27T19:30:54.557+0900][9.680s][info][gc,phases   ] GC(29)   Evacuate Collection Set: 0.5ms
[2026-03-27T19:30:54.557+0900][9.680s][info][gc,phases   ] GC(29)   Post Evacuate Collection Set: 0.2ms
[2026-03-27T19:30:54.557+0900][9.680s][info][gc,phases   ] GC(29)   Other: 0.1ms
[2026-03-27T19:30:54.557+0900][9.680s][info][gc,heap     ] GC(29) Eden regions: 105->0(107)
[2026-03-27T19:30:54.557+0900][9.680s][info][gc,heap     ] GC(29) Survivor regions: 16->16(16)
[2026-03-27T19:30:54.557+0900][9.680s][info][gc,heap     ] GC(29) Old regions: 44->45
[2026-03-27T19:30:54.557+0900][9.680s][info][gc,heap     ] GC(29) Archive regions: 0->0
[2026-03-27T19:30:54.557+0900][9.680s][info][gc,heap     ] GC(29) Humongous regions: 80->80
[2026-03-27T19:30:54.557+0900][9.680s][info][gc,metaspace] GC(29) Metaspace: 274K(448K)->274K(448K) NonClass: 261K(320K)->261K(320K) Class: 12K(128K)->12K(128K)
[2026-03-27T19:30:54.557+0900][9.680s][info][gc          ] GC(29) Pause Young (Normal) (G1 Evacuation Pause) 244M->140M(338M) 1.138ms
[2026-03-27T19:30:54.557+0900][9.680s][info][gc,cpu      ] GC(29) User=0.00s Sys=0.00s Real=0.00s
[2026-03-27T19:30:54.978+0900][10.101s][info][gc,heap,exit] Heap
[2026-03-27T19:30:54.978+0900][10.101s][info][gc,heap,exit]  garbage-first heap   total 346112K, used 238848K [0x00000000e0000000, 0x0000000100000000)
[2026-03-27T19:30:54.978+0900][10.101s][info][gc,heap,exit]   region size 1024K, 109 young (111616K), 16 survivors (16384K)
[2026-03-27T19:30:54.978+0900][10.101s][info][gc,heap,exit]  Metaspace       used 276K, committed 448K, reserved 1114112K
[2026-03-27T19:30:54.978+0900][10.101s][info][gc,heap,exit]   class space    used 12K, committed 128K, reserved 1048576K
