[2026-03-25T21:45:53.872+0900][0.051s][info][gc] Using G1
[2026-03-25T21:45:53.873+0900][0.052s][info][gc,init] Version: 17.0.17+10 (release)
[2026-03-25T21:45:53.873+0900][0.052s][info][gc,init] CPUs: 8 total, 8 available
[2026-03-25T21:45:53.873+0900][0.052s][info][gc,init] Memory: 8192M
[2026-03-25T21:45:53.873+0900][0.052s][info][gc,init] Large Page Support: Disabled
[2026-03-25T21:45:53.873+0900][0.052s][info][gc,init] NUMA Support: Disabled
[2026-03-25T21:45:53.873+0900][0.052s][info][gc,init] Compressed Oops: Enabled (Zero based)
[2026-03-25T21:45:53.873+0900][0.052s][info][gc,init] Heap Region Size: 4M
[2026-03-25T21:45:53.873+0900][0.052s][info][gc,init] Heap Min Capacity: 256M
[2026-03-25T21:45:53.873+0900][0.052s][info][gc,init] Heap Initial Capacity: 256M
[2026-03-25T21:45:53.873+0900][0.052s][info][gc,init] Heap Max Capacity: 512M
[2026-03-25T21:45:53.873+0900][0.052s][info][gc,init] Pre-touch: Disabled
[2026-03-25T21:45:53.873+0900][0.052s][info][gc,init] Parallel Workers: 8
[2026-03-25T21:45:53.873+0900][0.052s][info][gc,init] Concurrent Workers: 2
[2026-03-25T21:45:53.873+0900][0.052s][info][gc,init] Concurrent Refinement Workers: 8
[2026-03-25T21:45:53.873+0900][0.052s][info][gc,init] Periodic GC: Disabled
[2026-03-25T21:45:53.919+0900][0.098s][info][gc,metaspace] CDS archive(s) mapped at: [0x0000007000000000-0x0000007000bc0000-0x0000007000bc0000), size 12320768, SharedBaseAddress: 0x0000007000000000, ArchiveRelocationMode: 1.
[2026-03-25T21:45:53.919+0900][0.098s][info][gc,metaspace] Compressed class space mapped at: 0x0000007001000000-0x0000007041000000, reserved size: 1073741824
[2026-03-25T21:45:53.919+0900][0.098s][info][gc,metaspace] Narrow klass base: 0x0000007000000000, Narrow klass shift: 0, Narrow klass range: 0x100000000
[2026-03-25T21:45:54.939+0900][1.118s][info][gc,start    ] GC(0) Pause Young (Normal) (G1 Evacuation Pause)
[2026-03-25T21:45:54.940+0900][1.119s][info][gc,task     ] GC(0) Using 6 workers of 8 for evacuation
[2026-03-25T21:45:54.946+0900][1.125s][info][gc,phases   ] GC(0)   Pre Evacuate Collection Set: 0.1ms
[2026-03-25T21:45:54.946+0900][1.125s][info][gc,phases   ] GC(0)   Merge Heap Roots: 0.1ms
[2026-03-25T21:45:54.946+0900][1.125s][info][gc,phases   ] GC(0)   Evacuate Collection Set: 5.4ms
[2026-03-25T21:45:54.946+0900][1.125s][info][gc,phases   ] GC(0)   Post Evacuate Collection Set: 0.3ms
[2026-03-25T21:45:54.946+0900][1.125s][info][gc,phases   ] GC(0)   Other: 0.6ms
[2026-03-25T21:45:54.946+0900][1.125s][info][gc,heap     ] GC(0) Eden regions: 3->0(2)
[2026-03-25T21:45:54.946+0900][1.125s][info][gc,heap     ] GC(0) Survivor regions: 0->1(1)
[2026-03-25T21:45:54.946+0900][1.125s][info][gc,heap     ] GC(0) Old regions: 0->2
[2026-03-25T21:45:54.946+0900][1.125s][info][gc,heap     ] GC(0) Archive regions: 2->2
[2026-03-25T21:45:54.946+0900][1.125s][info][gc,heap     ] GC(0) Humongous regions: 0->0
[2026-03-25T21:45:54.946+0900][1.125s][info][gc,metaspace] GC(0) Metaspace: 171K(384K)->171K(384K) NonClass: 163K(256K)->163K(256K) Class: 7K(128K)->7K(128K)
[2026-03-25T21:45:54.946+0900][1.125s][info][gc          ] GC(0) Pause Young (Normal) (G1 Evacuation Pause) 15M->14M(264M) 6.648ms
[2026-03-25T21:45:54.946+0900][1.125s][info][gc,cpu      ] GC(0) User=0.00s Sys=0.00s Real=0.01s
[2026-03-25T21:45:55.545+0900][1.724s][info][gc,start    ] GC(1) Pause Young (Normal) (G1 Evacuation Pause)
[2026-03-25T21:45:55.545+0900][1.724s][info][gc,task     ] GC(1) Using 6 workers of 8 for evacuation
[2026-03-25T21:45:55.547+0900][1.726s][info][gc,phases   ] GC(1)   Pre Evacuate Collection Set: 0.0ms
[2026-03-25T21:45:55.547+0900][1.726s][info][gc,phases   ] GC(1)   Merge Heap Roots: 0.1ms
[2026-03-25T21:45:55.547+0900][1.726s][info][gc,phases   ] GC(1)   Evacuate Collection Set: 2.0ms
[2026-03-25T21:45:55.547+0900][1.726s][info][gc,phases   ] GC(1)   Post Evacuate Collection Set: 0.1ms
[2026-03-25T21:45:55.547+0900][1.726s][info][gc,phases   ] GC(1)   Other: 0.2ms
[2026-03-25T21:45:55.547+0900][1.726s][info][gc,heap     ] GC(1) Eden regions: 2->0(2)
[2026-03-25T21:45:55.547+0900][1.726s][info][gc,heap     ] GC(1) Survivor regions: 1->1(1)
[2026-03-25T21:45:55.547+0900][1.726s][info][gc,heap     ] GC(1) Old regions: 2->4
[2026-03-25T21:45:55.547+0900][1.726s][info][gc,heap     ] GC(1) Archive regions: 2->2
[2026-03-25T21:45:55.547+0900][1.726s][info][gc,heap     ] GC(1) Humongous regions: 0->0
[2026-03-25T21:45:55.547+0900][1.726s][info][gc,metaspace] GC(1) Metaspace: 171K(384K)->171K(384K) NonClass: 164K(256K)->164K(256K) Class: 7K(128K)->7K(128K)
[2026-03-25T21:45:55.547+0900][1.726s][info][gc          ] GC(1) Pause Young (Normal) (G1 Evacuation Pause) 22M->22M(264M) 2.603ms
[2026-03-25T21:45:55.547+0900][1.726s][info][gc,cpu      ] GC(1) User=0.01s Sys=0.01s Real=0.00s
[2026-03-25T21:45:56.213+0900][2.392s][info][gc,start    ] GC(2) Pause Young (Normal) (G1 Evacuation Pause)
[2026-03-25T21:45:56.215+0900][2.394s][info][gc,task     ] GC(2) Using 6 workers of 8 for evacuation
[2026-03-25T21:45:56.253+0900][2.432s][info][gc,phases   ] GC(2)   Pre Evacuate Collection Set: 2.1ms
[2026-03-25T21:45:56.253+0900][2.432s][info][gc,phases   ] GC(2)   Merge Heap Roots: 0.1ms
[2026-03-25T21:45:56.255+0900][2.434s][info][gc,phases   ] GC(2)   Evacuate Collection Set: 29.8ms
[2026-03-25T21:45:56.255+0900][2.434s][info][gc,phases   ] GC(2)   Post Evacuate Collection Set: 6.3ms
[2026-03-25T21:45:56.255+0900][2.434s][info][gc,phases   ] GC(2)   Other: 2.0ms
[2026-03-25T21:45:56.255+0900][2.434s][info][gc,heap     ] GC(2) Eden regions: 2->0(2)
[2026-03-25T21:45:56.255+0900][2.434s][info][gc,heap     ] GC(2) Survivor regions: 1->1(1)
[2026-03-25T21:45:56.255+0900][2.434s][info][gc,heap     ] GC(2) Old regions: 4->6
[2026-03-25T21:45:56.255+0900][2.434s][info][gc,heap     ] GC(2) Archive regions: 2->2
[2026-03-25T21:45:56.255+0900][2.434s][info][gc,heap     ] GC(2) Humongous regions: 0->0
[2026-03-25T21:45:56.255+0900][2.434s][info][gc,metaspace] GC(2) Metaspace: 171K(384K)->171K(384K) NonClass: 164K(256K)->164K(256K) Class: 7K(128K)->7K(128K)
[2026-03-25T21:45:56.255+0900][2.434s][info][gc          ] GC(2) Pause Young (Normal) (G1 Evacuation Pause) 30M->31M(264M) 42.059ms
[2026-03-25T21:45:56.255+0900][2.434s][info][gc,cpu      ] GC(2) User=0.00s Sys=0.01s Real=0.04s
[2026-03-25T21:45:56.904+0900][3.083s][info][gc,start    ] GC(3) Pause Young (Normal) (G1 Evacuation Pause)
[2026-03-25T21:45:56.904+0900][3.083s][info][gc,task     ] GC(3) Using 6 workers of 8 for evacuation
[2026-03-25T21:45:56.910+0900][3.089s][info][gc,phases   ] GC(3)   Pre Evacuate Collection Set: 0.4ms
[2026-03-25T21:45:56.910+0900][3.089s][info][gc,phases   ] GC(3)   Merge Heap Roots: 0.1ms
[2026-03-25T21:45:56.910+0900][3.089s][info][gc,phases   ] GC(3)   Evacuate Collection Set: 5.6ms
[2026-03-25T21:45:56.910+0900][3.089s][info][gc,phases   ] GC(3)   Post Evacuate Collection Set: 0.2ms
[2026-03-25T21:45:56.910+0900][3.089s][info][gc,phases   ] GC(3)   Other: 0.4ms
[2026-03-25T21:45:56.910+0900][3.089s][info][gc,heap     ] GC(3) Eden regions: 2->0(3)
[2026-03-25T21:45:56.910+0900][3.089s][info][gc,heap     ] GC(3) Survivor regions: 1->1(1)
[2026-03-25T21:45:56.910+0900][3.089s][info][gc,heap     ] GC(3) Old regions: 6->8
[2026-03-25T21:45:56.910+0900][3.089s][info][gc,heap     ] GC(3) Archive regions: 2->2
[2026-03-25T21:45:56.911+0900][3.090s][info][gc,heap     ] GC(3) Humongous regions: 0->0
[2026-03-25T21:45:56.911+0900][3.090s][info][gc,metaspace] GC(3) Metaspace: 171K(384K)->171K(384K) NonClass: 164K(256K)->164K(256K) Class: 7K(128K)->7K(128K)
[2026-03-25T21:45:56.911+0900][3.090s][info][gc          ] GC(3) Pause Young (Normal) (G1 Evacuation Pause) 38M->39M(264M) 7.051ms
[2026-03-25T21:45:56.911+0900][3.090s][info][gc,cpu      ] GC(3) User=0.01s Sys=0.01s Real=0.01s
[2026-03-25T21:45:57.831+0900][4.010s][info][gc,start    ] GC(4) Pause Young (Normal) (G1 Evacuation Pause)
[2026-03-25T21:45:57.831+0900][4.010s][info][gc,task     ] GC(4) Using 6 workers of 8 for evacuation
[2026-03-25T21:45:57.858+0900][4.037s][info][gc,phases   ] GC(4)   Pre Evacuate Collection Set: 0.1ms
[2026-03-25T21:45:57.858+0900][4.037s][info][gc,phases   ] GC(4)   Merge Heap Roots: 0.0ms
[2026-03-25T21:45:57.858+0900][4.037s][info][gc,phases   ] GC(4)   Evacuate Collection Set: 24.4ms
[2026-03-25T21:45:57.858+0900][4.037s][info][gc,phases   ] GC(4)   Post Evacuate Collection Set: 1.5ms
[2026-03-25T21:45:57.858+0900][4.037s][info][gc,phases   ] GC(4)   Other: 0.3ms
[2026-03-25T21:45:57.858+0900][4.037s][info][gc,heap     ] GC(4) Eden regions: 3->0(4)
[2026-03-25T21:45:57.858+0900][4.037s][info][gc,heap     ] GC(4) Survivor regions: 1->1(1)
[2026-03-25T21:45:57.858+0900][4.037s][info][gc,heap     ] GC(4) Old regions: 8->11
[2026-03-25T21:45:57.858+0900][4.037s][info][gc,heap     ] GC(4) Archive regions: 2->2
[2026-03-25T21:45:57.858+0900][4.037s][info][gc,heap     ] GC(4) Humongous regions: 0->0
[2026-03-25T21:45:57.858+0900][4.037s][info][gc,metaspace] GC(4) Metaspace: 173K(384K)->173K(384K) NonClass: 165K(256K)->165K(256K) Class: 7K(128K)->7K(128K)
[2026-03-25T21:45:57.858+0900][4.037s][info][gc          ] GC(4) Pause Young (Normal) (G1 Evacuation Pause) 50M->50M(264M) 26.667ms
[2026-03-25T21:45:57.858+0900][4.037s][info][gc,cpu      ] GC(4) User=0.00s Sys=0.00s Real=0.02s
[2026-03-25T21:45:59.101+0900][5.280s][info][gc,start    ] GC(5) Pause Young (Normal) (G1 Evacuation Pause)
[2026-03-25T21:45:59.101+0900][5.280s][info][gc,task     ] GC(5) Using 6 workers of 8 for evacuation
[2026-03-25T21:45:59.108+0900][5.287s][info][gc,phases   ] GC(5)   Pre Evacuate Collection Set: 0.1ms
[2026-03-25T21:45:59.108+0900][5.287s][info][gc,phases   ] GC(5)   Merge Heap Roots: 0.0ms
[2026-03-25T21:45:59.108+0900][5.287s][info][gc,phases   ] GC(5)   Evacuate Collection Set: 6.7ms
[2026-03-25T21:45:59.108+0900][5.287s][info][gc,phases   ] GC(5)   Post Evacuate Collection Set: 0.1ms
[2026-03-25T21:45:59.108+0900][5.287s][info][gc,phases   ] GC(5)   Other: 0.2ms
[2026-03-25T21:45:59.108+0900][5.287s][info][gc,heap     ] GC(5) Eden regions: 4->0(5)
[2026-03-25T21:45:59.108+0900][5.287s][info][gc,heap     ] GC(5) Survivor regions: 1->1(1)
[2026-03-25T21:45:59.108+0900][5.287s][info][gc,heap     ] GC(5) Old regions: 11->15
[2026-03-25T21:45:59.108+0900][5.287s][info][gc,heap     ] GC(5) Archive regions: 2->2
[2026-03-25T21:45:59.108+0900][5.287s][info][gc,heap     ] GC(5) Humongous regions: 0->0
[2026-03-25T21:45:59.108+0900][5.287s][info][gc,metaspace] GC(5) Metaspace: 173K(384K)->173K(384K) NonClass: 165K(256K)->165K(256K) Class: 7K(128K)->7K(128K)
[2026-03-25T21:45:59.108+0900][5.287s][info][gc          ] GC(5) Pause Young (Normal) (G1 Evacuation Pause) 66M->67M(264M) 7.327ms
[2026-03-25T21:45:59.108+0900][5.287s][info][gc,cpu      ] GC(5) User=0.00s Sys=0.00s Real=0.00s
[2026-03-25T21:46:00.667+0900][6.846s][info][gc,start    ] GC(6) Pause Young (Normal) (G1 Evacuation Pause)
[2026-03-25T21:46:00.667+0900][6.846s][info][gc,task     ] GC(6) Using 6 workers of 8 for evacuation
[2026-03-25T21:46:00.680+0900][6.859s][info][gc,phases   ] GC(6)   Pre Evacuate Collection Set: 0.1ms
[2026-03-25T21:46:00.680+0900][6.859s][info][gc,phases   ] GC(6)   Merge Heap Roots: 0.1ms
[2026-03-25T21:46:00.680+0900][6.859s][info][gc,phases   ] GC(6)   Evacuate Collection Set: 12.0ms
[2026-03-25T21:46:00.680+0900][6.859s][info][gc,phases   ] GC(6)   Post Evacuate Collection Set: 0.3ms
[2026-03-25T21:46:00.680+0900][6.859s][info][gc,phases   ] GC(6)   Other: 0.2ms
[2026-03-25T21:46:00.680+0900][6.859s][info][gc,heap     ] GC(6) Eden regions: 5->0(7)
[2026-03-25T21:46:00.680+0900][6.859s][info][gc,heap     ] GC(6) Survivor regions: 1->1(1)
[2026-03-25T21:46:00.680+0900][6.859s][info][gc,heap     ] GC(6) Old regions: 15->21
[2026-03-25T21:46:00.680+0900][6.859s][info][gc,heap     ] GC(6) Archive regions: 2->2
[2026-03-25T21:46:00.680+0900][6.859s][info][gc,heap     ] GC(6) Humongous regions: 0->0
[2026-03-25T21:46:00.680+0900][6.859s][info][gc,metaspace] GC(6) Metaspace: 173K(384K)->173K(384K) NonClass: 165K(256K)->165K(256K) Class: 7K(128K)->7K(128K)
[2026-03-25T21:46:00.680+0900][6.859s][info][gc          ] GC(6) Pause Young (Normal) (G1 Evacuation Pause) 86M->88M(264M) 12.824ms
[2026-03-25T21:46:00.680+0900][6.859s][info][gc,cpu      ] GC(6) User=0.01s Sys=0.01s Real=0.02s
[2026-03-25T21:46:02.881+0900][9.060s][info][gc,start    ] GC(7) Pause Young (Concurrent Start) (G1 Evacuation Pause)
[2026-03-25T21:46:02.881+0900][9.060s][info][gc,task     ] GC(7) Using 6 workers of 8 for evacuation
[2026-03-25T21:46:02.895+0900][9.074s][info][gc,phases   ] GC(7)   Pre Evacuate Collection Set: 0.1ms
[2026-03-25T21:46:02.895+0900][9.074s][info][gc,phases   ] GC(7)   Merge Heap Roots: 0.1ms
[2026-03-25T21:46:02.895+0900][9.074s][info][gc,phases   ] GC(7)   Evacuate Collection Set: 12.9ms
[2026-03-25T21:46:02.895+0900][9.074s][info][gc,phases   ] GC(7)   Post Evacuate Collection Set: 0.2ms
[2026-03-25T21:46:02.895+0900][9.074s][info][gc,phases   ] GC(7)   Other: 0.5ms
[2026-03-25T21:46:02.895+0900][9.074s][info][gc,heap     ] GC(7) Eden regions: 7->0(8)
[2026-03-25T21:46:02.895+0900][9.074s][info][gc,heap     ] GC(7) Survivor regions: 1->1(1)
[2026-03-25T21:46:02.895+0900][9.074s][info][gc,heap     ] GC(7) Old regions: 21->28
[2026-03-25T21:46:02.895+0900][9.074s][info][gc,heap     ] GC(7) Archive regions: 2->2
[2026-03-25T21:46:02.895+0900][9.074s][info][gc,heap     ] GC(7) Humongous regions: 0->0
[2026-03-25T21:46:02.895+0900][9.074s][info][gc,metaspace] GC(7) Metaspace: 173K(384K)->173K(384K) NonClass: 165K(256K)->165K(256K) Class: 7K(128K)->7K(128K)
[2026-03-25T21:46:02.895+0900][9.074s][info][gc          ] GC(7) Pause Young (Concurrent Start) (G1 Evacuation Pause) 116M->117M(264M) 13.907ms
[2026-03-25T21:46:02.895+0900][9.074s][info][gc,cpu      ] GC(7) User=0.01s Sys=0.01s Real=0.01s
[2026-03-25T21:46:02.895+0900][9.074s][info][gc          ] GC(8) Concurrent Mark Cycle
[2026-03-25T21:46:02.895+0900][9.074s][info][gc,marking  ] GC(8) Concurrent Clear Claimed Marks
[2026-03-25T21:46:02.895+0900][9.074s][info][gc,marking  ] GC(8) Concurrent Clear Claimed Marks 0.017ms
[2026-03-25T21:46:02.895+0900][9.074s][info][gc,marking  ] GC(8) Concurrent Scan Root Regions
[2026-03-25T21:46:02.897+0900][9.076s][info][gc,marking  ] GC(8) Concurrent Scan Root Regions 2.401ms
[2026-03-25T21:46:02.897+0900][9.076s][info][gc,marking  ] GC(8) Concurrent Mark
[2026-03-25T21:46:02.897+0900][9.076s][info][gc,marking  ] GC(8) Concurrent Mark From Roots
[2026-03-25T21:46:02.897+0900][9.076s][info][gc,task     ] GC(8) Using 2 workers of 2 for marking
[2026-03-25T21:46:02.900+0900][9.079s][info][gc,marking  ] GC(8) Concurrent Mark From Roots 2.551ms
[2026-03-25T21:46:02.900+0900][9.079s][info][gc,marking  ] GC(8) Concurrent Preclean
[2026-03-25T21:46:02.900+0900][9.079s][info][gc,marking  ] GC(8) Concurrent Preclean 0.036ms
[2026-03-25T21:46:02.900+0900][9.079s][info][gc,start    ] GC(8) Pause Remark
[2026-03-25T21:46:02.901+0900][9.080s][info][gc          ] GC(8) Pause Remark 117M->117M(264M) 0.514ms
[2026-03-25T21:46:02.901+0900][9.080s][info][gc,cpu      ] GC(8) User=0.00s Sys=0.00s Real=0.00s
[2026-03-25T21:46:02.901+0900][9.080s][info][gc,marking  ] GC(8) Concurrent Mark 3.245ms
[2026-03-25T21:46:02.901+0900][9.080s][info][gc,marking  ] GC(8) Concurrent Rebuild Remembered Sets
[2026-03-25T21:46:02.902+0900][9.081s][info][gc,marking  ] GC(8) Concurrent Rebuild Remembered Sets 1.190ms
[2026-03-25T21:46:02.902+0900][9.081s][info][gc,start    ] GC(8) Pause Cleanup
[2026-03-25T21:46:02.902+0900][9.081s][info][gc          ] GC(8) Pause Cleanup 117M->117M(264M) 0.096ms
[2026-03-25T21:46:02.902+0900][9.081s][info][gc,cpu      ] GC(8) User=0.00s Sys=0.00s Real=0.00s
[2026-03-25T21:46:02.902+0900][9.081s][info][gc,marking  ] GC(8) Concurrent Cleanup for Next Mark
[2026-03-25T21:46:02.903+0900][9.082s][info][gc,marking  ] GC(8) Concurrent Cleanup for Next Mark 0.684ms
[2026-03-25T21:46:02.903+0900][9.082s][info][gc          ] GC(8) Concurrent Mark Cycle 7.892ms
[2026-03-25T21:46:05.429+0900][11.608s][info][gc,start    ] GC(9) Pause Young (Normal) (G1 Evacuation Pause)
[2026-03-25T21:46:05.429+0900][11.608s][info][gc,task     ] GC(9) Using 6 workers of 8 for evacuation
[2026-03-25T21:46:05.440+0900][11.620s][info][gc,phases   ] GC(9)   Pre Evacuate Collection Set: 0.1ms
[2026-03-25T21:46:05.441+0900][11.620s][info][gc,phases   ] GC(9)   Merge Heap Roots: 0.0ms
[2026-03-25T21:46:05.441+0900][11.620s][info][gc,phases   ] GC(9)   Evacuate Collection Set: 10.9ms
[2026-03-25T21:46:05.441+0900][11.620s][info][gc,phases   ] GC(9)   Post Evacuate Collection Set: 0.2ms
[2026-03-25T21:46:05.441+0900][11.620s][info][gc,phases   ] GC(9)   Other: 0.2ms
[2026-03-25T21:46:05.441+0900][11.620s][info][gc,heap     ] GC(9) Eden regions: 8->0(5)
[2026-03-25T21:46:05.441+0900][11.620s][info][gc,heap     ] GC(9) Survivor regions: 1->2(2)
[2026-03-25T21:46:05.441+0900][11.620s][info][gc,heap     ] GC(9) Old regions: 28->35
[2026-03-25T21:46:05.441+0900][11.620s][info][gc,heap     ] GC(9) Archive regions: 2->2
[2026-03-25T21:46:05.441+0900][11.620s][info][gc,heap     ] GC(9) Humongous regions: 0->0
[2026-03-25T21:46:05.441+0900][11.620s][info][gc,metaspace] GC(9) Metaspace: 174K(384K)->174K(384K) NonClass: 167K(256K)->167K(256K) Class: 7K(128K)->7K(128K)
[2026-03-25T21:46:05.441+0900][11.620s][info][gc          ] GC(9) Pause Young (Normal) (G1 Evacuation Pause) 148M->150M(264M) 11.607ms
[2026-03-25T21:46:05.441+0900][11.620s][info][gc,cpu      ] GC(9) User=0.00s Sys=0.02s Real=0.02s
[2026-03-25T21:46:07.043+0900][13.222s][info][gc,start    ] GC(10) Pause Young (Concurrent Start) (G1 Evacuation Pause)
[2026-03-25T21:46:07.043+0900][13.222s][info][gc,task     ] GC(10) Using 6 workers of 8 for evacuation
[2026-03-25T21:46:07.056+0900][13.235s][info][gc,phases   ] GC(10)   Pre Evacuate Collection Set: 0.0ms
[2026-03-25T21:46:07.056+0900][13.236s][info][gc,phases   ] GC(10)   Merge Heap Roots: 0.0ms
[2026-03-25T21:46:07.056+0900][13.236s][info][gc,phases   ] GC(10)   Evacuate Collection Set: 13.0ms
[2026-03-25T21:46:07.056+0900][13.236s][info][gc,phases   ] GC(10)   Post Evacuate Collection Set: 0.2ms
[2026-03-25T21:46:07.056+0900][13.236s][info][gc,phases   ] GC(10)   Other: 0.2ms
[2026-03-25T21:46:07.056+0900][13.236s][info][gc,heap     ] GC(10) Eden regions: 5->0(4)
[2026-03-25T21:46:07.056+0900][13.236s][info][gc,heap     ] GC(10) Survivor regions: 2->1(1)
[2026-03-25T21:46:07.056+0900][13.236s][info][gc,heap     ] GC(10) Old regions: 35->41
[2026-03-25T21:46:07.056+0900][13.236s][info][gc,heap     ] GC(10) Archive regions: 2->2
[2026-03-25T21:46:07.056+0900][13.236s][info][gc,heap     ] GC(10) Humongous regions: 0->0
[2026-03-25T21:46:07.056+0900][13.236s][info][gc,metaspace] GC(10) Metaspace: 182K(384K)->182K(384K) NonClass: 174K(256K)->174K(256K) Class: 7K(128K)->7K(128K)
[2026-03-25T21:46:07.056+0900][13.236s][info][gc          ] GC(10) Pause Young (Concurrent Start) (G1 Evacuation Pause) 169M->170M(264M) 13.583ms
[2026-03-25T21:46:07.056+0900][13.236s][info][gc,cpu      ] GC(10) User=0.01s Sys=0.03s Real=0.01s
[2026-03-25T21:46:07.056+0900][13.236s][info][gc          ] GC(11) Concurrent Mark Cycle
[2026-03-25T21:46:07.057+0900][13.236s][info][gc,marking  ] GC(11) Concurrent Clear Claimed Marks
[2026-03-25T21:46:07.057+0900][13.236s][info][gc,marking  ] GC(11) Concurrent Clear Claimed Marks 0.014ms
[2026-03-25T21:46:07.057+0900][13.236s][info][gc,marking  ] GC(11) Concurrent Scan Root Regions
[2026-03-25T21:46:07.060+0900][13.239s][info][gc,marking  ] GC(11) Concurrent Scan Root Regions 3.375ms
[2026-03-25T21:46:07.060+0900][13.239s][info][gc,marking  ] GC(11) Concurrent Mark
[2026-03-25T21:46:07.060+0900][13.239s][info][gc,marking  ] GC(11) Concurrent Mark From Roots
[2026-03-25T21:46:07.060+0900][13.239s][info][gc,task     ] GC(11) Using 2 workers of 2 for marking
[2026-03-25T21:46:07.062+0900][13.241s][info][gc,marking  ] GC(11) Concurrent Mark From Roots 1.621ms
[2026-03-25T21:46:07.062+0900][13.241s][info][gc,marking  ] GC(11) Concurrent Preclean
[2026-03-25T21:46:07.062+0900][13.241s][info][gc,marking  ] GC(11) Concurrent Preclean 0.027ms
[2026-03-25T21:46:07.062+0900][13.241s][info][gc,start    ] GC(11) Pause Remark
[2026-03-25T21:46:07.062+0900][13.241s][info][gc          ] GC(11) Pause Remark 172M->172M(300M) 0.503ms
[2026-03-25T21:46:07.062+0900][13.241s][info][gc,cpu      ] GC(11) User=0.00s Sys=0.00s Real=0.00s
[2026-03-25T21:46:07.062+0900][13.241s][info][gc,marking  ] GC(11) Concurrent Mark 2.286ms
[2026-03-25T21:46:07.062+0900][13.241s][info][gc,marking  ] GC(11) Concurrent Rebuild Remembered Sets
[2026-03-25T21:46:07.063+0900][13.242s][info][gc,marking  ] GC(11) Concurrent Rebuild Remembered Sets 0.941ms
[2026-03-25T21:46:07.063+0900][13.242s][info][gc,start    ] GC(11) Pause Cleanup
[2026-03-25T21:46:07.063+0900][13.243s][info][gc          ] GC(11) Pause Cleanup 172M->172M(300M) 0.087ms
[2026-03-25T21:46:07.063+0900][13.243s][info][gc,cpu      ] GC(11) User=0.00s Sys=0.00s Real=0.00s
[2026-03-25T21:46:07.063+0900][13.243s][info][gc,marking  ] GC(11) Concurrent Cleanup for Next Mark
[2026-03-25T21:46:07.065+0900][13.244s][info][gc,marking  ] GC(11) Concurrent Cleanup for Next Mark 1.355ms
[2026-03-25T21:46:07.065+0900][13.244s][info][gc          ] GC(11) Concurrent Mark Cycle 8.257ms
[2026-03-25T21:46:08.249+0900][14.428s][info][gc,start    ] GC(12) Pause Young (Normal) (G1 Evacuation Pause)
[2026-03-25T21:46:08.249+0900][14.428s][info][gc,task     ] GC(12) Using 7 workers of 8 for evacuation
[2026-03-25T21:46:08.259+0900][14.439s][info][gc,phases   ] GC(12)   Pre Evacuate Collection Set: 0.0ms
[2026-03-25T21:46:08.259+0900][14.439s][info][gc,phases   ] GC(12)   Merge Heap Roots: 0.0ms
[2026-03-25T21:46:08.259+0900][14.439s][info][gc,phases   ] GC(12)   Evacuate Collection Set: 9.5ms
[2026-03-25T21:46:08.259+0900][14.439s][info][gc,phases   ] GC(12)   Post Evacuate Collection Set: 0.3ms
[2026-03-25T21:46:08.260+0900][14.439s][info][gc,phases   ] GC(12)   Other: 0.4ms
[2026-03-25T21:46:08.260+0900][14.439s][info][gc,heap     ] GC(12) Eden regions: 4->0(5)
[2026-03-25T21:46:08.260+0900][14.439s][info][gc,heap     ] GC(12) Survivor regions: 1->1(1)
[2026-03-25T21:46:08.260+0900][14.439s][info][gc,heap     ] GC(12) Old regions: 41->45
[2026-03-25T21:46:08.260+0900][14.439s][info][gc,heap     ] GC(12) Archive regions: 2->2
[2026-03-25T21:46:08.260+0900][14.439s][info][gc,heap     ] GC(12) Humongous regions: 0->0
[2026-03-25T21:46:08.260+0900][14.439s][info][gc,metaspace] GC(12) Metaspace: 182K(384K)->182K(384K) NonClass: 174K(256K)->174K(256K) Class: 7K(128K)->7K(128K)
[2026-03-25T21:46:08.260+0900][14.439s][info][gc          ] GC(12) Pause Young (Normal) (G1 Evacuation Pause) 186M->186M(300M) 10.638ms
[2026-03-25T21:46:08.260+0900][14.439s][info][gc,cpu      ] GC(12) User=0.01s Sys=0.01s Real=0.02s
[2026-03-25T21:46:09.845+0900][16.024s][info][gc,start    ] GC(13) Pause Young (Concurrent Start) (G1 Evacuation Pause)
[2026-03-25T21:46:09.845+0900][16.024s][info][gc,task     ] GC(13) Using 7 workers of 8 for evacuation
[2026-03-25T21:46:09.852+0900][16.032s][info][gc,phases   ] GC(13)   Pre Evacuate Collection Set: 0.1ms
[2026-03-25T21:46:09.853+0900][16.032s][info][gc,phases   ] GC(13)   Merge Heap Roots: 0.1ms
[2026-03-25T21:46:09.853+0900][16.032s][info][gc,phases   ] GC(13)   Evacuate Collection Set: 7.3ms
[2026-03-25T21:46:09.853+0900][16.032s][info][gc,phases   ] GC(13)   Post Evacuate Collection Set: 0.2ms
[2026-03-25T21:46:09.853+0900][16.032s][info][gc,phases   ] GC(13)   Other: 0.2ms
[2026-03-25T21:46:09.853+0900][16.032s][info][gc,heap     ] GC(13) Eden regions: 5->0(4)
[2026-03-25T21:46:09.853+0900][16.032s][info][gc,heap     ] GC(13) Survivor regions: 1->1(1)
[2026-03-25T21:46:09.853+0900][16.032s][info][gc,heap     ] GC(13) Old regions: 45->50
[2026-03-25T21:46:09.853+0900][16.032s][info][gc,heap     ] GC(13) Archive regions: 2->2
[2026-03-25T21:46:09.853+0900][16.032s][info][gc,heap     ] GC(13) Humongous regions: 0->0
[2026-03-25T21:46:09.853+0900][16.032s][info][gc,metaspace] GC(13) Metaspace: 182K(384K)->182K(384K) NonClass: 174K(256K)->174K(256K) Class: 7K(128K)->7K(128K)
[2026-03-25T21:46:09.853+0900][16.032s][info][gc          ] GC(13) Pause Young (Concurrent Start) (G1 Evacuation Pause) 205M->206M(300M) 8.011ms
[2026-03-25T21:46:09.853+0900][16.032s][info][gc,cpu      ] GC(13) User=0.01s Sys=0.01s Real=0.01s
[2026-03-25T21:46:09.853+0900][16.032s][info][gc          ] GC(14) Concurrent Mark Cycle
[2026-03-25T21:46:09.853+0900][16.032s][info][gc,marking  ] GC(14) Concurrent Clear Claimed Marks
[2026-03-25T21:46:09.853+0900][16.032s][info][gc,marking  ] GC(14) Concurrent Clear Claimed Marks 0.033ms
[2026-03-25T21:46:09.853+0900][16.032s][info][gc,marking  ] GC(14) Concurrent Scan Root Regions
[2026-03-25T21:46:09.856+0900][16.035s][info][gc,marking  ] GC(14) Concurrent Scan Root Regions 3.091ms
[2026-03-25T21:46:09.856+0900][16.035s][info][gc,marking  ] GC(14) Concurrent Mark
[2026-03-25T21:46:09.856+0900][16.035s][info][gc,marking  ] GC(14) Concurrent Mark From Roots
[2026-03-25T21:46:09.856+0900][16.035s][info][gc,task     ] GC(14) Using 2 workers of 2 for marking
[2026-03-25T21:46:09.858+0900][16.037s][info][gc,marking  ] GC(14) Concurrent Mark From Roots 2.047ms
[2026-03-25T21:46:09.858+0900][16.037s][info][gc,marking  ] GC(14) Concurrent Preclean
[2026-03-25T21:46:09.858+0900][16.037s][info][gc,marking  ] GC(14) Concurrent Preclean 0.033ms
[2026-03-25T21:46:09.858+0900][16.037s][info][gc,start    ] GC(14) Pause Remark
[2026-03-25T21:46:09.859+0900][16.038s][info][gc          ] GC(14) Pause Remark 206M->206M(360M) 0.561ms
[2026-03-25T21:46:09.859+0900][16.038s][info][gc,cpu      ] GC(14) User=0.00s Sys=0.00s Real=0.00s
[2026-03-25T21:46:09.859+0900][16.038s][info][gc,marking  ] GC(14) Concurrent Mark 2.844ms
[2026-03-25T21:46:09.859+0900][16.038s][info][gc,marking  ] GC(14) Concurrent Rebuild Remembered Sets
[2026-03-25T21:46:09.860+0900][16.039s][info][gc,marking  ] GC(14) Concurrent Rebuild Remembered Sets 0.685ms
[2026-03-25T21:46:09.860+0900][16.039s][info][gc,start    ] GC(14) Pause Cleanup
[2026-03-25T21:46:09.860+0900][16.039s][info][gc          ] GC(14) Pause Cleanup 206M->206M(360M) 0.066ms
[2026-03-25T21:46:09.860+0900][16.039s][info][gc,cpu      ] GC(14) User=0.00s Sys=0.00s Real=0.00s
[2026-03-25T21:46:09.860+0900][16.039s][info][gc,marking  ] GC(14) Concurrent Cleanup for Next Mark
[2026-03-25T21:46:09.860+0900][16.039s][info][gc,marking  ] GC(14) Concurrent Cleanup for Next Mark 0.582ms
[2026-03-25T21:46:09.860+0900][16.039s][info][gc          ] GC(14) Concurrent Mark Cycle 7.500ms
[2026-03-25T21:46:10.862+0900][17.042s][info][gc,start    ] GC(15) Pause Young (Normal) (G1 Evacuation Pause)
[2026-03-25T21:46:10.863+0900][17.042s][info][gc,task     ] GC(15) Using 8 workers of 8 for evacuation
[2026-03-25T21:46:10.869+0900][17.049s][info][gc,phases   ] GC(15)   Pre Evacuate Collection Set: 0.1ms
[2026-03-25T21:46:10.869+0900][17.049s][info][gc,phases   ] GC(15)   Merge Heap Roots: 0.0ms
[2026-03-25T21:46:10.869+0900][17.049s][info][gc,phases   ] GC(15)   Evacuate Collection Set: 6.4ms
[2026-03-25T21:46:10.869+0900][17.049s][info][gc,phases   ] GC(15)   Post Evacuate Collection Set: 0.1ms
[2026-03-25T21:46:10.869+0900][17.049s][info][gc,phases   ] GC(15)   Other: 0.5ms
[2026-03-25T21:46:10.869+0900][17.049s][info][gc,heap     ] GC(15) Eden regions: 3->0(7)
[2026-03-25T21:46:10.869+0900][17.049s][info][gc,heap     ] GC(15) Survivor regions: 1->1(1)
[2026-03-25T21:46:10.869+0900][17.049s][info][gc,heap     ] GC(15) Old regions: 50->53
[2026-03-25T21:46:10.869+0900][17.049s][info][gc,heap     ] GC(15) Archive regions: 2->2
[2026-03-25T21:46:10.869+0900][17.049s][info][gc,heap     ] GC(15) Humongous regions: 0->0
[2026-03-25T21:46:10.869+0900][17.049s][info][gc,metaspace] GC(15) Metaspace: 182K(384K)->182K(384K) NonClass: 174K(256K)->174K(256K) Class: 7K(128K)->7K(128K)
[2026-03-25T21:46:10.869+0900][17.049s][info][gc          ] GC(15) Pause Young (Normal) (G1 Evacuation Pause) 217M->218M(360M) 7.216ms
[2026-03-25T21:46:10.869+0900][17.049s][info][gc,cpu      ] GC(15) User=0.01s Sys=0.01s Real=0.00s
[2026-03-25T21:46:13.045+0900][19.225s][info][gc,start    ] GC(16) Pause Young (Concurrent Start) (G1 Evacuation Pause)
[2026-03-25T21:46:13.046+0900][19.225s][info][gc,task     ] GC(16) Using 8 workers of 8 for evacuation
[2026-03-25T21:46:13.070+0900][19.250s][info][gc,phases   ] GC(16)   Pre Evacuate Collection Set: 0.1ms
[2026-03-25T21:46:13.070+0900][19.250s][info][gc,phases   ] GC(16)   Merge Heap Roots: 0.1ms
[2026-03-25T21:46:13.070+0900][19.250s][info][gc,phases   ] GC(16)   Evacuate Collection Set: 24.0ms
[2026-03-25T21:46:13.070+0900][19.250s][info][gc,phases   ] GC(16)   Post Evacuate Collection Set: 0.2ms
[2026-03-25T21:46:13.070+0900][19.250s][info][gc,phases   ] GC(16)   Other: 0.5ms
[2026-03-25T21:46:13.070+0900][19.250s][info][gc,heap     ] GC(16) Eden regions: 7->0(5)
[2026-03-25T21:46:13.070+0900][19.250s][info][gc,heap     ] GC(16) Survivor regions: 1->1(1)
[2026-03-25T21:46:13.070+0900][19.250s][info][gc,heap     ] GC(16) Old regions: 53->61
[2026-03-25T21:46:13.070+0900][19.250s][info][gc,heap     ] GC(16) Archive regions: 2->2
[2026-03-25T21:46:13.070+0900][19.250s][info][gc,heap     ] GC(16) Humongous regions: 0->0
[2026-03-25T21:46:13.070+0900][19.250s][info][gc,metaspace] GC(16) Metaspace: 182K(384K)->182K(384K) NonClass: 174K(256K)->174K(256K) Class: 7K(128K)->7K(128K)
[2026-03-25T21:46:13.070+0900][19.250s][info][gc          ] GC(16) Pause Young (Concurrent Start) (G1 Evacuation Pause) 245M->248M(360M) 25.036ms
[2026-03-25T21:46:13.070+0900][19.250s][info][gc,cpu      ] GC(16) User=0.01s Sys=0.05s Real=0.03s
[2026-03-25T21:46:13.071+0900][19.250s][info][gc          ] GC(17) Concurrent Mark Cycle
[2026-03-25T21:46:13.071+0900][19.250s][info][gc,marking  ] GC(17) Concurrent Clear Claimed Marks
[2026-03-25T21:46:13.071+0900][19.250s][info][gc,marking  ] GC(17) Concurrent Clear Claimed Marks 0.015ms
[2026-03-25T21:46:13.071+0900][19.250s][info][gc,marking  ] GC(17) Concurrent Scan Root Regions
[2026-03-25T21:46:13.073+0900][19.253s][info][gc,marking  ] GC(17) Concurrent Scan Root Regions 2.844ms
[2026-03-25T21:46:13.073+0900][19.253s][info][gc,marking  ] GC(17) Concurrent Mark
[2026-03-25T21:46:13.073+0900][19.253s][info][gc,marking  ] GC(17) Concurrent Mark From Roots
[2026-03-25T21:46:13.073+0900][19.253s][info][gc,task     ] GC(17) Using 2 workers of 2 for marking
[2026-03-25T21:46:13.079+0900][19.259s][info][gc,marking  ] GC(17) Concurrent Mark From Roots 5.809ms
[2026-03-25T21:46:13.079+0900][19.259s][info][gc,marking  ] GC(17) Concurrent Preclean
[2026-03-25T21:46:13.079+0900][19.259s][info][gc,marking  ] GC(17) Concurrent Preclean 0.039ms
[2026-03-25T21:46:13.079+0900][19.259s][info][gc,start    ] GC(17) Pause Remark
[2026-03-25T21:46:13.080+0900][19.260s][info][gc          ] GC(17) Pause Remark 249M->249M(436M) 0.780ms
[2026-03-25T21:46:13.080+0900][19.260s][info][gc,cpu      ] GC(17) User=0.00s Sys=0.00s Real=0.01s
[2026-03-25T21:46:13.080+0900][19.260s][info][gc,marking  ] GC(17) Concurrent Mark 6.839ms
[2026-03-25T21:46:13.080+0900][19.260s][info][gc,marking  ] GC(17) Concurrent Rebuild Remembered Sets
[2026-03-25T21:46:13.081+0900][19.261s][info][gc,marking  ] GC(17) Concurrent Rebuild Remembered Sets 1.124ms
[2026-03-25T21:46:13.082+0900][19.261s][info][gc,start    ] GC(17) Pause Cleanup
[2026-03-25T21:46:13.082+0900][19.261s][info][gc          ] GC(17) Pause Cleanup 249M->249M(436M) 0.136ms
[2026-03-25T21:46:13.082+0900][19.261s][info][gc,cpu      ] GC(17) User=0.00s Sys=0.00s Real=0.00s
[2026-03-25T21:46:13.082+0900][19.261s][info][gc,marking  ] GC(17) Concurrent Cleanup for Next Mark
[2026-03-25T21:46:13.083+0900][19.263s][info][gc,marking  ] GC(17) Concurrent Cleanup for Next Mark 1.322ms
[2026-03-25T21:46:13.083+0900][19.263s][info][gc          ] GC(17) Concurrent Mark Cycle 12.704ms
[2026-03-25T21:46:14.671+0900][20.851s][info][gc,start    ] GC(18) Pause Young (Normal) (G1 Evacuation Pause)
[2026-03-25T21:46:14.671+0900][20.851s][info][gc,task     ] GC(18) Using 8 workers of 8 for evacuation
[2026-03-25T21:46:14.679+0900][20.859s][info][gc,phases   ] GC(18)   Pre Evacuate Collection Set: 0.0ms
[2026-03-25T21:46:14.679+0900][20.859s][info][gc,phases   ] GC(18)   Merge Heap Roots: 0.0ms
[2026-03-25T21:46:14.679+0900][20.859s][info][gc,phases   ] GC(18)   Evacuate Collection Set: 7.4ms
[2026-03-25T21:46:14.679+0900][20.859s][info][gc,phases   ] GC(18)   Post Evacuate Collection Set: 0.2ms
[2026-03-25T21:46:14.679+0900][20.859s][info][gc,phases   ] GC(18)   Other: 0.2ms
[2026-03-25T21:46:14.679+0900][20.859s][info][gc,heap     ] GC(18) Eden regions: 5->0(9)
[2026-03-25T21:46:14.680+0900][20.859s][info][gc,heap     ] GC(18) Survivor regions: 1->1(1)
[2026-03-25T21:46:14.680+0900][20.859s][info][gc,heap     ] GC(18) Old regions: 61->66
[2026-03-25T21:46:14.680+0900][20.859s][info][gc,heap     ] GC(18) Archive regions: 2->2
[2026-03-25T21:46:14.680+0900][20.859s][info][gc,heap     ] GC(18) Humongous regions: 0->0
[2026-03-25T21:46:14.680+0900][20.859s][info][gc,metaspace] GC(18) Metaspace: 184K(384K)->184K(384K) NonClass: 177K(256K)->177K(256K) Class: 7K(128K)->7K(128K)
[2026-03-25T21:46:14.680+0900][20.859s][info][gc          ] GC(18) Pause Young (Normal) (G1 Evacuation Pause) 267M->268M(436M) 8.450ms
[2026-03-25T21:46:14.680+0900][20.859s][info][gc,cpu      ] GC(18) User=0.00s Sys=0.01s Real=0.01s
[2026-03-25T21:46:17.395+0900][23.575s][info][gc,start    ] GC(19) Pause Young (Concurrent Start) (G1 Evacuation Pause)
[2026-03-25T21:46:17.396+0900][23.576s][info][gc,task     ] GC(19) Using 8 workers of 8 for evacuation
[2026-03-25T21:46:17.428+0900][23.608s][info][gc,phases   ] GC(19)   Pre Evacuate Collection Set: 0.1ms
[2026-03-25T21:46:17.429+0900][23.608s][info][gc,phases   ] GC(19)   Merge Heap Roots: 0.0ms
[2026-03-25T21:46:17.429+0900][23.608s][info][gc,phases   ] GC(19)   Evacuate Collection Set: 32.1ms
[2026-03-25T21:46:17.429+0900][23.608s][info][gc,phases   ] GC(19)   Post Evacuate Collection Set: 0.4ms
[2026-03-25T21:46:17.429+0900][23.608s][info][gc,phases   ] GC(19)   Other: 0.4ms
[2026-03-25T21:46:17.429+0900][23.609s][info][gc,heap     ] GC(19) Eden regions: 9->0(6)
[2026-03-25T21:46:17.429+0900][23.609s][info][gc,heap     ] GC(19) Survivor regions: 1->2(2)
[2026-03-25T21:46:17.429+0900][23.609s][info][gc,heap     ] GC(19) Old regions: 66->74
[2026-03-25T21:46:17.429+0900][23.609s][info][gc,heap     ] GC(19) Archive regions: 2->2
[2026-03-25T21:46:17.429+0900][23.609s][info][gc,heap     ] GC(19) Humongous regions: 0->0
[2026-03-25T21:46:17.429+0900][23.609s][info][gc,metaspace] GC(19) Metaspace: 184K(384K)->184K(384K) NonClass: 177K(256K)->177K(256K) Class: 7K(128K)->7K(128K)
[2026-03-25T21:46:17.429+0900][23.609s][info][gc          ] GC(19) Pause Young (Concurrent Start) (G1 Evacuation Pause) 304M->305M(436M) 33.296ms
[2026-03-25T21:46:17.429+0900][23.609s][info][gc,cpu      ] GC(19) User=0.00s Sys=0.07s Real=0.03s
[2026-03-25T21:46:17.429+0900][23.609s][info][gc          ] GC(20) Concurrent Mark Cycle
[2026-03-25T21:46:17.429+0900][23.609s][info][gc,marking  ] GC(20) Concurrent Clear Claimed Marks
[2026-03-25T21:46:17.429+0900][23.609s][info][gc,marking  ] GC(20) Concurrent Clear Claimed Marks 0.013ms
[2026-03-25T21:46:17.429+0900][23.609s][info][gc,marking  ] GC(20) Concurrent Scan Root Regions
[2026-03-25T21:46:17.440+0900][23.620s][info][gc,marking  ] GC(20) Concurrent Scan Root Regions 11.350ms
[2026-03-25T21:46:17.440+0900][23.620s][info][gc,marking  ] GC(20) Concurrent Mark
[2026-03-25T21:46:17.440+0900][23.620s][info][gc,marking  ] GC(20) Concurrent Mark From Roots
[2026-03-25T21:46:17.440+0900][23.620s][info][gc,task     ] GC(20) Using 2 workers of 2 for marking
[2026-03-25T21:46:17.444+0900][23.624s][info][gc,marking  ] GC(20) Concurrent Mark From Roots 3.260ms
[2026-03-25T21:46:17.444+0900][23.624s][info][gc,marking  ] GC(20) Concurrent Preclean
[2026-03-25T21:46:17.444+0900][23.624s][info][gc,marking  ] GC(20) Concurrent Preclean 0.028ms
[2026-03-25T21:46:17.444+0900][23.624s][info][gc,start    ] GC(20) Pause Remark
[2026-03-25T21:46:17.444+0900][23.624s][info][gc          ] GC(20) Pause Remark 306M->306M(512M) 0.559ms
[2026-03-25T21:46:17.444+0900][23.624s][info][gc,cpu      ] GC(20) User=0.00s Sys=0.00s Real=0.00s
[2026-03-25T21:46:17.444+0900][23.624s][info][gc,marking  ] GC(20) Concurrent Mark 4.016ms
[2026-03-25T21:46:17.444+0900][23.624s][info][gc,marking  ] GC(20) Concurrent Rebuild Remembered Sets
[2026-03-25T21:46:17.446+0900][23.625s][info][gc,marking  ] GC(20) Concurrent Rebuild Remembered Sets 1.138ms
[2026-03-25T21:46:17.446+0900][23.626s][info][gc,start    ] GC(20) Pause Cleanup
[2026-03-25T21:46:17.446+0900][23.626s][info][gc          ] GC(20) Pause Cleanup 306M->306M(512M) 0.076ms
[2026-03-25T21:46:17.446+0900][23.626s][info][gc,cpu      ] GC(20) User=0.00s Sys=0.00s Real=0.00s
[2026-03-25T21:46:17.446+0900][23.626s][info][gc,marking  ] GC(20) Concurrent Cleanup for Next Mark
[2026-03-25T21:46:17.450+0900][23.630s][info][gc,marking  ] GC(20) Concurrent Cleanup for Next Mark 4.491ms
[2026-03-25T21:46:17.450+0900][23.630s][info][gc          ] GC(20) Concurrent Mark Cycle 21.431ms
[2026-03-25T21:46:18.980+0900][25.160s][info][gc,start    ] GC(21) Pause Young (Prepare Mixed) (G1 Evacuation Pause)
[2026-03-25T21:46:18.980+0900][25.160s][info][gc,task     ] GC(21) Using 8 workers of 8 for evacuation
[2026-03-25T21:46:18.997+0900][25.178s][info][gc,phases   ] GC(21)   Pre Evacuate Collection Set: 0.1ms
[2026-03-25T21:46:18.998+0900][25.178s][info][gc,phases   ] GC(21)   Merge Heap Roots: 0.0ms
[2026-03-25T21:46:18.998+0900][25.178s][info][gc,phases   ] GC(21)   Evacuate Collection Set: 16.8ms
[2026-03-25T21:46:18.998+0900][25.178s][info][gc,phases   ] GC(21)   Post Evacuate Collection Set: 0.2ms
[2026-03-25T21:46:18.998+0900][25.178s][info][gc,phases   ] GC(21)   Other: 0.2ms
[2026-03-25T21:46:18.998+0900][25.178s][info][gc,heap     ] GC(21) Eden regions: 5->0(5)
[2026-03-25T21:46:18.998+0900][25.178s][info][gc,heap     ] GC(21) Survivor regions: 2->1(1)
[2026-03-25T21:46:18.998+0900][25.178s][info][gc,heap     ] GC(21) Old regions: 74->80
[2026-03-25T21:46:18.998+0900][25.178s][info][gc,heap     ] GC(21) Archive regions: 2->2
[2026-03-25T21:46:18.998+0900][25.178s][info][gc,heap     ] GC(21) Humongous regions: 0->0
[2026-03-25T21:46:18.998+0900][25.178s][info][gc,metaspace] GC(21) Metaspace: 184K(384K)->184K(384K) NonClass: 177K(256K)->177K(256K) Class: 7K(128K)->7K(128K)
[2026-03-25T21:46:18.998+0900][25.178s][info][gc          ] GC(21) Pause Young (Prepare Mixed) (G1 Evacuation Pause) 324M->325M(512M) 17.432ms
[2026-03-25T21:46:18.998+0900][25.178s][info][gc,cpu      ] GC(21) User=0.01s Sys=0.01s Real=0.01s
[2026-03-25T21:46:20.609+0900][26.789s][info][gc,start    ] GC(22) Pause Young (Mixed) (G1 Evacuation Pause)
[2026-03-25T21:46:20.609+0900][26.789s][info][gc,task     ] GC(22) Using 8 workers of 8 for evacuation
[2026-03-25T21:46:20.618+0900][26.799s][info][gc,phases   ] GC(22)   Pre Evacuate Collection Set: 0.1ms
[2026-03-25T21:46:20.619+0900][26.799s][info][gc,phases   ] GC(22)   Merge Heap Roots: 0.1ms
[2026-03-25T21:46:20.619+0900][26.799s][info][gc,phases   ] GC(22)   Evacuate Collection Set: 9.0ms
[2026-03-25T21:46:20.619+0900][26.799s][info][gc,phases   ] GC(22)   Post Evacuate Collection Set: 0.1ms
[2026-03-25T21:46:20.619+0900][26.799s][info][gc,phases   ] GC(22)   Other: 0.2ms
[2026-03-25T21:46:20.619+0900][26.799s][info][gc,heap     ] GC(22) Eden regions: 5->0(8)
[2026-03-25T21:46:20.619+0900][26.799s][info][gc,heap     ] GC(22) Survivor regions: 1->1(1)
[2026-03-25T21:46:20.619+0900][26.799s][info][gc,heap     ] GC(22) Old regions: 80->85
[2026-03-25T21:46:20.619+0900][26.799s][info][gc,heap     ] GC(22) Archive regions: 2->2
[2026-03-25T21:46:20.619+0900][26.799s][info][gc,heap     ] GC(22) Humongous regions: 0->0
[2026-03-25T21:46:20.619+0900][26.799s][info][gc,metaspace] GC(22) Metaspace: 186K(384K)->186K(384K) NonClass: 179K(256K)->179K(256K) Class: 7K(128K)->7K(128K)
[2026-03-25T21:46:20.619+0900][26.799s][info][gc          ] GC(22) Pause Young (Mixed) (G1 Evacuation Pause) 344M->344M(512M) 9.638ms
[2026-03-25T21:46:20.619+0900][26.799s][info][gc,cpu      ] GC(22) User=0.00s Sys=0.01s Real=0.01s
[2026-03-25T21:46:21.161+0900][27.341s][info][gc,heap,exit] Heap
[2026-03-25T21:46:21.161+0900][27.341s][info][gc,heap,exit]  garbage-first heap   total 524288K, used 359840K [0x0000000335000000, 0x0000000355000000)
[2026-03-25T21:46:21.161+0900][27.341s][info][gc,heap,exit]   region size 4096K, 3 young (12288K), 1 survivors (4096K)
[2026-03-25T21:46:21.161+0900][27.341s][info][gc,heap,exit]  Metaspace       used 187K, committed 384K, reserved 1114112K
[2026-03-25T21:46:21.161+0900][27.342s][info][gc,heap,exit]   class space    used 7K, committed 128K, reserved 1048576K
