[2026-03-23T13:12:56.337+0900][0.005s][info][gc,init] CardTable entry size: 512
[2026-03-23T13:12:56.338+0900][0.005s][info][gc     ] Using Parallel
[2026-03-23T13:12:56.338+0900][0.005s][info][gc,init] Version: 21.0.9+10-LTS (release)
[2026-03-23T13:12:56.338+0900][0.005s][info][gc,init] CPUs: 14 total, 14 available
[2026-03-23T13:12:56.338+0900][0.005s][info][gc,init] Memory: 49152M
[2026-03-23T13:12:56.338+0900][0.005s][info][gc,init] Large Page Support: Disabled
[2026-03-23T13:12:56.338+0900][0.005s][info][gc,init] NUMA Support: Disabled
[2026-03-23T13:12:56.338+0900][0.005s][info][gc,init] Compressed Oops: Enabled (Zero based)
[2026-03-23T13:12:56.338+0900][0.005s][info][gc,init] Alignments: Space 512K, Generation 512K, Heap 8M
[2026-03-23T13:12:56.338+0900][0.005s][info][gc,init] Heap Min Capacity: 256M
[2026-03-23T13:12:56.338+0900][0.005s][info][gc,init] Heap Initial Capacity: 256M
[2026-03-23T13:12:56.338+0900][0.005s][info][gc,init] Heap Max Capacity: 512M
[2026-03-23T13:12:56.338+0900][0.005s][info][gc,init] Pre-touch: Disabled
[2026-03-23T13:12:56.338+0900][0.005s][info][gc,init] Parallel Workers: 11
[2026-03-23T13:12:56.341+0900][0.008s][info][gc,metaspace] CDS archive(s) mapped at: [0x000000e800000000-0x000000e800c9c000-0x000000e800c9c000), size 13221888, SharedBaseAddress: 0x000000e800000000, ArchiveRelocationMode: 1.
[2026-03-23T13:12:56.341+0900][0.008s][info][gc,metaspace] Compressed class space mapped at: 0x000000e801000000-0x000000e841000000, reserved size: 1073741824
[2026-03-23T13:12:56.341+0900][0.008s][info][gc,metaspace] Narrow klass base: 0x000000e800000000, Narrow klass shift: 0, Narrow klass range: 0x100000000
[2026-03-23T13:13:08.406+0900][12.073s][info][gc,heap,exit] Heap
[2026-03-23T13:13:08.406+0900][12.074s][info][gc,heap,exit]  PSYoungGen      total 76288K, used 58554K [0x00000007f5580000, 0x00000007faa80000, 0x0000000800000000)
[2026-03-23T13:13:08.406+0900][12.074s][info][gc,heap,exit]   eden space 65536K, 89% used [0x00000007f5580000,0x00000007f8eaea28,0x00000007f9580000)
[2026-03-23T13:13:08.406+0900][12.074s][info][gc,heap,exit]   from space 10752K, 0% used [0x00000007fa000000,0x00000007fa000000,0x00000007faa80000)
[2026-03-23T13:13:08.406+0900][12.074s][info][gc,heap,exit]   to   space 10752K, 0% used [0x00000007f9580000,0x00000007f9580000,0x00000007fa000000)
[2026-03-23T13:13:08.406+0900][12.074s][info][gc,heap,exit]  ParOldGen       total 175104K, used 1056K [0x00000007e0000000, 0x00000007eab00000, 0x00000007f5580000)
[2026-03-23T13:13:08.406+0900][12.074s][info][gc,heap,exit]   object space 175104K, 0% used [0x00000007e0000000,0x00000007e0108230,0x00000007eab00000)
[2026-03-23T13:13:08.406+0900][12.074s][info][gc,heap,exit]  Metaspace       used 271K, committed 448K, reserved 1114112K
[2026-03-23T13:13:08.407+0900][12.074s][info][gc,heap,exit]   class space    used 17K, committed 128K, reserved 1048576K
